#
# There is insufficient memory for the Java Runtime Environment to continue.
# Native memory allocation (malloc) failed to allocate 32744 bytes for ChunkPool::allocate
# Possible reasons:
#   The system is out of physical RAM or swap space
#   The process is running with CompressedOops enabled, and the Java Heap may be blocking the growth of the native heap
# Possible solutions:
#   Reduce memory load on the system
#   Increase physical memory or swap space
#   Check if swap backing store is full
#   Decrease Java heap size (-Xmx/-Xms)
#   Decrease number of Java threads
#   Decrease Java thread stack sizes (-Xss)
#   Set larger code cache with -XX:ReservedCodeCacheSize=
#   JVM is running with Zero Based Compressed Oops mode in which the Java heap is
#     placed in the first 32GB address space. The Java Heap base address is the
#     maximum limit for the native heap growth. Please use -XX:HeapBaseMinAddress
#     to set the Java Heap base and to place the Java Heap above 32GB virtual address.
# This output file may be truncated or incomplete.
#
#  Out of Memory Error (arena.cpp:78), pid=13092, tid=7376
#
# JRE version: Java(TM) SE Runtime Environment (17.0.14+8) (build 17.0.14+8-LTS-191)
# Java VM: Java HotSpot(TM) 64-Bit Server VM (17.0.14+8-LTS-191, mixed mode, sharing, tiered, compressed oops, compressed class ptrs, g1 gc, windows-amd64)
# No core dump will be written. Minidumps are not enabled by default on client versions of Windows
#

---------------  S U M M A R Y ------------

Command Line: -XX:MaxMetaspaceSize=2G -XX:+HeapDumpOnOutOfMemoryError --add-opens=java.base/java.util=ALL-UNNAMED --add-opens=java.base/java.lang=ALL-UNNAMED --add-opens=java.base/java.lang.invoke=ALL-UNNAMED --add-opens=java.prefs/java.util.prefs=ALL-UNNAMED --add-opens=java.base/java.nio.charset=ALL-UNNAMED --add-opens=java.base/java.net=ALL-UNNAMED --add-opens=java.base/java.util.concurrent.atomic=ALL-UNNAMED -Xmx4G -Dfile.encoding=utf8 -Duser.country=CO -Duser.language=es -Duser.variant -javaagent:C:\Users\Ozarkpepi\.gradle\wrapper\dists\gradle-8.3-all\6en3ugtfdg5xnpx44z4qbwgas\gradle-8.3\lib\agents\gradle-instrumentation-agent-8.3.jar org.gradle.launcher.daemon.bootstrap.GradleDaemon 8.3

Host: Intel(R) Core(TM) i5-3470 CPU @ 3.20GHz, 4 cores, 15G,  Windows 10 , 64 bit Build 19041 (10.0.19041.5438)
Time: Mon Mar 31 11:37:29 2025 Hora est. Pacífico, Sudamérica elapsed time: 72.366524 seconds (0d 0h 1m 12s)

---------------  T H R E A D  ---------------

Current thread (0x000001957ed92630):  JavaThread "C1 CompilerThread0" daemon [_thread_in_vm, id=7376, stack(0x0000002355d00000,0x0000002355e00000)]


Current CompileTask:
C1:  72366 10094       3       org.gradle.internal.io.LineBufferingOutputStream::write (59 bytes)

Stack: [0x0000002355d00000,0x0000002355e00000]
Native frames: (J=compiled Java code, j=interpreted, Vv=VM code, C=native code)
V  [jvm.dll+0x67a38a]
V  [jvm.dll+0x7da7ed]
V  [jvm.dll+0x7dc133]
V  [jvm.dll+0x7dc7a3]
V  [jvm.dll+0x24517f]
V  [jvm.dll+0xab9a4]
V  [jvm.dll+0xabd3c]
V  [jvm.dll+0x1d38aa]
V  [jvm.dll+0x1cd2b5]
V  [jvm.dll+0x13b088]
V  [jvm.dll+0x147211]
V  [jvm.dll+0x146d25]
V  [jvm.dll+0x13e9f1]
V  [jvm.dll+0x140c81]
V  [jvm.dll+0x13f18c]
V  [jvm.dll+0x14780a]
V  [jvm.dll+0x146d25]
V  [jvm.dll+0x13e9f1]
V  [jvm.dll+0x140c81]
V  [jvm.dll+0x13f285]
V  [jvm.dll+0x14780a]
V  [jvm.dll+0x146d25]
V  [jvm.dll+0x13e9f1]
V  [jvm.dll+0x140c81]
V  [jvm.dll+0x13f285]
V  [jvm.dll+0x139323]
V  [jvm.dll+0x148986]
V  [jvm.dll+0x134b00]
V  [jvm.dll+0x134e60]
V  [jvm.dll+0x135138]
V  [jvm.dll+0x1345c1]
V  [jvm.dll+0x1362ad]
V  [jvm.dll+0x22620b]
V  [jvm.dll+0x2243ab]
V  [jvm.dll+0x790bbc]
V  [jvm.dll+0x78b04a]
V  [jvm.dll+0x679275]
C  [ucrtbase.dll+0x21bb2]
C  [KERNEL32.DLL+0x17374]
C  [ntdll.dll+0x4cc91]


---------------  P R O C E S S  ---------------

Threads class SMR info:
_java_thread_list=0x0000019552b750e0, length=72, elements={
0x00000195667a8840, 0x000001957ed78660, 0x000001957ed79b90, 0x000001957ed8ba90,
0x000001957ed8d570, 0x000001957ed8ff50, 0x000001957ed90820, 0x000001957ed914d0,
0x000001957ed92630, 0x000001957ed9ac40, 0x000001957ed65190, 0x000001957f0dbd20,
0x000001954fa09e90, 0x000001954f39e270, 0x0000019550b0f010, 0x0000019550fbd0c0,
0x000001954f978de0, 0x000001954f4b4ad0, 0x000001954f193340, 0x00000195501f6850,
0x000001954f1b17a0, 0x000001954f1b1cb0, 0x000001954f1b0870, 0x000001954f1b0d80,
0x000001954f1b21c0, 0x000001954f1b1290, 0x000001954f1b26d0, 0x0000019551575cc0,
0x0000019551574370, 0x0000019551572a20, 0x0000019551573440, 0x000001955156fc90,
0x0000019551572000, 0x0000019551574880, 0x0000019551570bc0, 0x0000019551573e60,
0x00000195515715e0, 0x0000019551571af0, 0x0000019551572510, 0x0000019551573950,
0x00000195515752a0, 0x00000195515757b0, 0x000001955156e850, 0x00000195515761d0,
0x0000019550f8df60, 0x0000019550f8c100, 0x0000019550f8f3a0, 0x0000019550f8d030,
0x0000019550f8cb20, 0x0000019550f91710, 0x0000019550f91200, 0x0000019550f91c20,
0x0000019550f8d540, 0x0000019550f8f8b0, 0x0000019550f93570, 0x0000019550f8da50,
0x0000019550f8fdc0, 0x0000019550f92640, 0x0000019550f8c610, 0x0000019550f8ee90,
0x0000019550f8e470, 0x0000019550f90cf0, 0x0000019550f93a80, 0x0000019553034820,
0x0000019553037fd0, 0x0000019553034310, 0x0000019553035750, 0x0000019553036b90,
0x00000195530370a0, 0x0000019553035240, 0x0000019553036170, 0x0000019553036680
}

Java Threads: ( => current thread )
  0x00000195667a8840 JavaThread "main" [_thread_blocked, id=904, stack(0x0000002354f00000,0x0000002355000000)]
  0x000001957ed78660 JavaThread "Reference Handler" daemon [_thread_blocked, id=10236, stack(0x0000002355600000,0x0000002355700000)]
  0x000001957ed79b90 JavaThread "Finalizer" daemon [_thread_blocked, id=12084, stack(0x0000002355700000,0x0000002355800000)]
  0x000001957ed8ba90 JavaThread "Signal Dispatcher" daemon [_thread_blocked, id=6708, stack(0x0000002355800000,0x0000002355900000)]
  0x000001957ed8d570 JavaThread "Attach Listener" daemon [_thread_blocked, id=14508, stack(0x0000002355900000,0x0000002355a00000)]
  0x000001957ed8ff50 JavaThread "Service Thread" daemon [_thread_blocked, id=3760, stack(0x0000002355a00000,0x0000002355b00000)]
  0x000001957ed90820 JavaThread "Monitor Deflation Thread" daemon [_thread_blocked, id=7152, stack(0x0000002355b00000,0x0000002355c00000)]
  0x000001957ed914d0 JavaThread "C2 CompilerThread0" daemon [_thread_in_native, id=1496, stack(0x0000002355c00000,0x0000002355d00000)]
=>0x000001957ed92630 JavaThread "C1 CompilerThread0" daemon [_thread_in_vm, id=7376, stack(0x0000002355d00000,0x0000002355e00000)]
  0x000001957ed9ac40 JavaThread "Sweeper thread" daemon [_thread_blocked, id=5360, stack(0x0000002355e00000,0x0000002355f00000)]
  0x000001957ed65190 JavaThread "Common-Cleaner" daemon [_thread_blocked, id=8264, stack(0x0000002355f00000,0x0000002356000000)]
  0x000001957f0dbd20 JavaThread "Notification Thread" daemon [_thread_blocked, id=10224, stack(0x0000002356000000,0x0000002356100000)]
  0x000001954fa09e90 JavaThread "Daemon health stats" [_thread_blocked, id=10640, stack(0x0000002356600000,0x0000002356700000)]
  0x000001954f39e270 JavaThread "Incoming local TCP Connector on port 65194" [_thread_in_native, id=14148, stack(0x0000002356700000,0x0000002356800000)]
  0x0000019550b0f010 JavaThread "Daemon periodic checks" [_thread_blocked, id=8384, stack(0x0000002356800000,0x0000002356900000)]
  0x0000019550fbd0c0 JavaThread "Daemon" [_thread_blocked, id=11448, stack(0x0000002356900000,0x0000002356a00000)]
  0x000001954f978de0 JavaThread "Handler for socket connection from /127.0.0.1:65194 to /127.0.0.1:65195" [_thread_in_native, id=7800, stack(0x0000002356a00000,0x0000002356b00000)]
  0x000001954f4b4ad0 JavaThread "Cancel handler" [_thread_blocked, id=5384, stack(0x0000002356200000,0x0000002356300000)]
  0x000001954f193340 JavaThread "Daemon worker" [_thread_blocked, id=8196, stack(0x0000002356b00000,0x0000002356c00000)]
  0x00000195501f6850 JavaThread "Asynchronous log dispatcher for DefaultDaemonConnection: socket connection from /127.0.0.1:65194 to /127.0.0.1:65195" [_thread_blocked, id=4660, stack(0x0000002356c00000,0x0000002356d00000)]
  0x000001954f1b17a0 JavaThread "Daemon client event forwarder" [_thread_blocked, id=4920, stack(0x0000002356e00000,0x0000002356f00000)]
  0x000001954f1b1cb0 JavaThread "Cache worker for journal cache (C:\Users\Ozarkpepi\.gradle\caches\journal-1)" [_thread_blocked, id=13768, stack(0x0000002356f00000,0x0000002357000000)]
  0x000001954f1b0870 JavaThread "File lock request listener" [_thread_in_native, id=8324, stack(0x0000002357000000,0x0000002357100000)]
  0x000001954f1b0d80 JavaThread "Cache worker for file hash cache (C:\Users\Ozarkpepi\.gradle\caches\8.3\fileHashes)" [_thread_blocked, id=14664, stack(0x0000002357100000,0x0000002357200000)]
  0x000001954f1b21c0 JavaThread "File watcher server" daemon [_thread_in_native, id=7764, stack(0x0000002357300000,0x0000002357400000)]
  0x000001954f1b1290 JavaThread "File watcher consumer" daemon [_thread_blocked, id=11348, stack(0x0000002357400000,0x0000002357500000)]
  0x000001954f1b26d0 JavaThread "Cache worker for checksums cache (D:\UPC2025-1\appAgil\DeveloperSocialN-Frontend\devinsight\android\.gradle\8.3\checksums)" [_thread_blocked, id=14380, stack(0x0000002357200000,0x0000002357300000)]
  0x0000019551575cc0 JavaThread "Cache worker for file hash cache (D:\UPC2025-1\appAgil\DeveloperSocialN-Frontend\devinsight\android\.gradle\8.3\fileHashes)" [_thread_blocked, id=448, stack(0x0000002357500000,0x0000002357600000)]
  0x0000019551574370 JavaThread "Cache worker for cache directory md-supplier (C:\Users\Ozarkpepi\.gradle\caches\8.3\md-supplier)" [_thread_blocked, id=7092, stack(0x0000002357600000,0x0000002357700000)]
  0x0000019551572a20 JavaThread "Cache worker for file content cache (C:\Users\Ozarkpepi\.gradle\caches\8.3\fileContent)" [_thread_blocked, id=796, stack(0x0000002357700000,0x0000002357800000)]
  0x0000019551573440 JavaThread "Cache worker for cache directory md-rule (C:\Users\Ozarkpepi\.gradle\caches\8.3\md-rule)" [_thread_blocked, id=9028, stack(0x0000002357800000,0x0000002357900000)]
  0x000001955156fc90 JavaThread "Cache worker for execution history cache (C:\Users\Ozarkpepi\.gradle\caches\8.3\executionHistory)" [_thread_blocked, id=10280, stack(0x0000002357900000,0x0000002357a00000)]
  0x0000019551572000 JavaThread "jar transforms" [_thread_blocked, id=11816, stack(0x0000002357c00000,0x0000002357d00000)]
  0x0000019551574880 JavaThread "jar transforms Thread 2" [_thread_blocked, id=10148, stack(0x0000002357a00000,0x0000002357b00000)]
  0x0000019551570bc0 JavaThread "jar transforms Thread 3" [_thread_blocked, id=6560, stack(0x0000002357e00000,0x0000002357f00000)]
  0x0000019551573e60 JavaThread "Cache worker for kotlin-dsl (C:\Users\Ozarkpepi\.gradle\caches\8.3\kotlin-dsl)" [_thread_blocked, id=6764, stack(0x0000002357f00000,0x0000002358000000)]
  0x00000195515715e0 JavaThread "jar transforms Thread 4" [_thread_blocked, id=10624, stack(0x0000002358000000,0x0000002358100000)]
  0x0000019551571af0 JavaThread "Cache worker for dependencies-accessors (D:\UPC2025-1\appAgil\DeveloperSocialN-Frontend\devinsight\android\.gradle\8.3\dependencies-accessors)" [_thread_blocked, id=14828, stack(0x0000002357d00000,0x0000002357e00000)]
  0x0000019551572510 JavaThread "Cache worker for Build Output Cleanup Cache (D:\flutter\packages\flutter_tools\gradle\.gradle\buildOutputCleanup)" [_thread_blocked, id=12492, stack(0x0000002358100000,0x0000002358200000)]
  0x0000019551573950 JavaThread "Unconstrained build operations" [_thread_blocked, id=7608, stack(0x0000002358300000,0x0000002358400000)]
  0x00000195515752a0 JavaThread "Unconstrained build operations Thread 2" [_thread_blocked, id=6936, stack(0x0000002358400000,0x0000002358500000)]
  0x00000195515757b0 JavaThread "Unconstrained build operations Thread 3" [_thread_blocked, id=1876, stack(0x0000002358500000,0x0000002358600000)]
  0x000001955156e850 JavaThread "Memory manager" [_thread_blocked, id=11992, stack(0x0000002358600000,0x0000002358700000)]
  0x00000195515761d0 JavaThread "build event listener" [_thread_blocked, id=13168, stack(0x0000002358200000,0x0000002358300000)]
  0x0000019550f8df60 JavaThread "included builds" [_thread_blocked, id=6956, stack(0x0000002358800000,0x0000002358900000)]
  0x0000019550f8c100 JavaThread "Execution worker" [_thread_blocked, id=2176, stack(0x0000002358900000,0x0000002358a00000)]
  0x0000019550f8f3a0 JavaThread "Execution worker Thread 2" [_thread_blocked, id=9176, stack(0x0000002358a00000,0x0000002358b00000)]
  0x0000019550f8d030 JavaThread "Execution worker Thread 3" [_thread_blocked, id=6412, stack(0x0000002358b00000,0x0000002358c00000)]
  0x0000019550f8cb20 JavaThread "Cache worker for execution history cache (D:\flutter\packages\flutter_tools\gradle\.gradle\8.3\executionHistory)" [_thread_blocked, id=14912, stack(0x0000002358c00000,0x0000002358d00000)]
  0x0000019550f91710 JavaThread "Unconstrained build operations Thread 4" [_thread_blocked, id=10404, stack(0x0000002358700000,0x0000002358800000)]
  0x0000019550f91200 JavaThread "Unconstrained build operations Thread 5" [_thread_blocked, id=5548, stack(0x0000002358d00000,0x0000002358e00000)]
  0x0000019550f91c20 JavaThread "Unconstrained build operations Thread 6" [_thread_blocked, id=14748, stack(0x0000002358e00000,0x0000002358f00000)]
  0x0000019550f8d540 JavaThread "Unconstrained build operations Thread 7" [_thread_blocked, id=11224, stack(0x0000002358f00000,0x0000002359000000)]
  0x0000019550f8f8b0 JavaThread "Unconstrained build operations Thread 8" [_thread_blocked, id=3812, stack(0x0000002359000000,0x0000002359100000)]
  0x0000019550f93570 JavaThread "Unconstrained build operations Thread 9" [_thread_blocked, id=3984, stack(0x0000002359100000,0x0000002359200000)]
  0x0000019550f8da50 JavaThread "Unconstrained build operations Thread 10" [_thread_blocked, id=12352, stack(0x0000002359300000,0x0000002359400000)]
  0x0000019550f8fdc0 JavaThread "Unconstrained build operations Thread 11" [_thread_blocked, id=10196, stack(0x0000002359400000,0x0000002359500000)]
  0x0000019550f92640 JavaThread "Unconstrained build operations Thread 12" [_thread_blocked, id=14944, stack(0x0000002359500000,0x0000002359600000)]
  0x0000019550f8c610 JavaThread "Unconstrained build operations Thread 13" [_thread_blocked, id=3320, stack(0x0000002359600000,0x0000002359700000)]
  0x0000019550f8ee90 JavaThread "Unconstrained build operations Thread 14" [_thread_blocked, id=12072, stack(0x0000002359700000,0x0000002359800000)]
  0x0000019550f8e470 JavaThread "Unconstrained build operations Thread 15" [_thread_blocked, id=10788, stack(0x0000002359800000,0x0000002359900000)]
  0x0000019550f90cf0 JavaThread "WorkerExecutor Queue" [_thread_blocked, id=11272, stack(0x0000002359200000,0x0000002359300000)]
  0x0000019550f93a80 JavaThread "RMI Scheduler(0)" daemon [_thread_blocked, id=508, stack(0x0000002359b00000,0x0000002359c00000)]
  0x0000019553034820 JavaThread "RMI GC Daemon" daemon [_thread_blocked, id=14600, stack(0x0000002359d00000,0x0000002359e00000)]
  0x0000019553037fd0 JavaThread "RMI TCP Accept-0" daemon [_thread_in_native, id=3588, stack(0x0000002359e00000,0x0000002359f00000)]
  0x0000019553034310 JavaThread "RMI Reaper" [_thread_blocked, id=1996, stack(0x0000002359f00000,0x000000235a000000)]
  0x0000019553035750 JavaThread "RMI TCP Connection(idle)" daemon [_thread_blocked, id=11412, stack(0x000000235a000000,0x000000235a100000)]
  0x0000019553036b90 JavaThread "Incoming local TCP Connector on port 65288" [_thread_in_native, id=10480, stack(0x0000002354d00000,0x0000002354e00000)]
  0x00000195530370a0 JavaThread "Exec process" [_thread_in_native, id=11456, stack(0x0000002354e00000,0x0000002354f00000)]
  0x0000019553035240 JavaThread "Exec process Thread 2" [_thread_blocked, id=5972, stack(0x000000235a100000,0x000000235a200000)]
  0x0000019553036170 JavaThread "Exec process Thread 3" [_thread_in_native, id=13340, stack(0x000000235a200000,0x000000235a300000)]
  0x0000019553036680 JavaThread "Exec process Thread 4" [_thread_in_native, id=8360, stack(0x000000235a300000,0x000000235a400000)]

Other Threads:
  0x000001957ed73af0 VMThread "VM Thread" [stack: 0x0000002355500000,0x0000002355600000] [id=3724]
  0x000001957f0a4260 WatcherThread [stack: 0x0000002356100000,0x0000002356200000] [id=13784]
  0x0000019566814970 GCTaskThread "GC Thread#0" [stack: 0x0000002355000000,0x0000002355100000] [id=14796]
  0x000001957f1db550 GCTaskThread "GC Thread#1" [stack: 0x0000002356300000,0x0000002356400000] [id=2152]
  0x000001957f14eb40 GCTaskThread "GC Thread#2" [stack: 0x0000002356400000,0x0000002356500000] [id=804]
  0x000001957f1fc7f0 GCTaskThread "GC Thread#3" [stack: 0x0000002356500000,0x0000002356600000] [id=15148]
  0x00000195668257d0 ConcurrentGCThread "G1 Main Marker" [stack: 0x0000002355100000,0x0000002355200000] [id=13208]
  0x00000195668260f0 ConcurrentGCThread "G1 Conc#0" [stack: 0x0000002355200000,0x0000002355300000] [id=8508]
  0x000001956687e8d0 ConcurrentGCThread "G1 Refine#0" [stack: 0x0000002355300000,0x0000002355400000] [id=3224]
  0x000001957f09f7f0 ConcurrentGCThread "G1 Refine#1" [stack: 0x0000002357b00000,0x0000002357c00000] [id=3448]
  0x000001957ec2c370 ConcurrentGCThread "G1 Service" [stack: 0x0000002355400000,0x0000002355500000] [id=396]

Threads with active compile tasks:
C2 CompilerThread0    72432 10093       4       org.gradle.internal.logging.text.AbstractLineChoppingStyledTextOutput::doAppend (43 bytes)
C1 CompilerThread0    72432 10094       3       org.gradle.internal.io.LineBufferingOutputStream::write (59 bytes)

VM state: not at safepoint (normal execution)

VM Mutex/Monitor currently owned by a thread: None

Heap address: 0x0000000700000000, size: 4096 MB, Compressed Oops mode: Zero based, Oop shift amount: 3

CDS archive(s) mapped at: [0x000001950a000000-0x000001950abd0000-0x000001950abd0000), size 12386304, SharedBaseAddress: 0x000001950a000000, ArchiveRelocationMode: 1.
Compressed class space mapped at: 0x000001950b000000-0x000001954b000000, reserved size: 1073741824
Narrow klass base: 0x000001950a000000, Narrow klass shift: 0, Narrow klass range: 0x100000000

GC Precious Log:
 CPUs: 4 total, 4 available
 Memory: 16329M
 Large Page Support: Disabled
 NUMA Support: Disabled
 Compressed Oops: Enabled (Zero based)
 Heap Region Size: 2M
 Heap Min Capacity: 8M
 Heap Initial Capacity: 256M
 Heap Max Capacity: 4G
 Pre-touch: Disabled
 Parallel Workers: 4
 Concurrent Workers: 1
 Concurrent Refinement Workers: 4
 Periodic GC: Disabled

Heap:
 garbage-first heap   total 131072K, used 72881K [0x0000000700000000, 0x0000000800000000)
  region size 2048K, 2 young (4096K), 1 survivors (2048K)
 Metaspace       used 75808K, committed 76544K, reserved 1179648K
  class space    used 10761K, committed 11136K, reserved 1048576K

Heap Regions: E=young(eden), S=young(survivor), O=old, HS=humongous(starts), HC=humongous(continues), CS=collection set, F=free, OA=open archive, CA=closed archive, TAMS=top-at-mark-start (previous, next)
|   0|0x0000000700000000, 0x0000000700200000, 0x0000000700200000|100%| O|  |TAMS 0x0000000700200000, 0x0000000700000000| Untracked 
|   1|0x0000000700200000, 0x0000000700400000, 0x0000000700400000|100%|HS|  |TAMS 0x0000000700400000, 0x0000000700200000| Complete 
|   2|0x0000000700400000, 0x0000000700600000, 0x0000000700600000|100%|HC|  |TAMS 0x0000000700600000, 0x0000000700400000| Complete 
|   3|0x0000000700600000, 0x0000000700800000, 0x0000000700800000|100%| O|  |TAMS 0x0000000700800000, 0x0000000700600000| Untracked 
|   4|0x0000000700800000, 0x000000070086be00, 0x0000000700a00000| 21%| O|  |TAMS 0x000000070086be00, 0x0000000700800000| Untracked 
|   5|0x0000000700a00000, 0x0000000700c00000, 0x0000000700c00000|100%| O|  |TAMS 0x0000000700c00000, 0x0000000700a00000| Untracked 
|   6|0x0000000700c00000, 0x0000000700e00000, 0x0000000700e00000|100%| O|  |TAMS 0x0000000700e00000, 0x0000000700c00000| Untracked 
|   7|0x0000000700e00000, 0x0000000701000000, 0x0000000701000000|100%| O|  |TAMS 0x0000000701000000, 0x0000000700e00000| Untracked 
|   8|0x0000000701000000, 0x0000000701200000, 0x0000000701200000|100%| O|  |TAMS 0x0000000701200000, 0x0000000701000000| Untracked 
|   9|0x0000000701200000, 0x0000000701400000, 0x0000000701400000|100%| O|  |TAMS 0x0000000701400000, 0x0000000701200000| Untracked 
|  10|0x0000000701400000, 0x0000000701600000, 0x0000000701600000|100%| O|  |TAMS 0x0000000701600000, 0x0000000701400000| Untracked 
|  11|0x0000000701600000, 0x0000000701800000, 0x0000000701800000|100%| O|  |TAMS 0x0000000701800000, 0x0000000701600000| Untracked 
|  12|0x0000000701800000, 0x0000000701a00000, 0x0000000701a00000|100%| O|  |TAMS 0x0000000701a00000, 0x0000000701800000| Untracked 
|  13|0x0000000701a00000, 0x0000000701c00000, 0x0000000701c00000|100%| O|  |TAMS 0x0000000701c00000, 0x0000000701a00000| Untracked 
|  14|0x0000000701c00000, 0x0000000701e00000, 0x0000000701e00000|100%| O|  |TAMS 0x0000000701e00000, 0x0000000701c00000| Untracked 
|  15|0x0000000701e00000, 0x0000000702000000, 0x0000000702000000|100%| O|  |TAMS 0x0000000702000000, 0x0000000701e00000| Untracked 
|  16|0x0000000702000000, 0x0000000702200000, 0x0000000702200000|100%| O|  |TAMS 0x0000000702200000, 0x0000000702000000| Untracked 
|  17|0x0000000702200000, 0x0000000702400000, 0x0000000702400000|100%| O|  |TAMS 0x0000000702400000, 0x0000000702200000| Untracked 
|  18|0x0000000702400000, 0x0000000702600000, 0x0000000702600000|100%| O|  |TAMS 0x0000000702600000, 0x0000000702400000| Untracked 
|  19|0x0000000702600000, 0x0000000702800000, 0x0000000702800000|100%| O|  |TAMS 0x0000000702800000, 0x0000000702600000| Untracked 
|  20|0x0000000702800000, 0x0000000702a00000, 0x0000000702a00000|100%| O|  |TAMS 0x0000000702a00000, 0x0000000702800000| Untracked 
|  21|0x0000000702a00000, 0x0000000702c00000, 0x0000000702c00000|100%|HS|  |TAMS 0x0000000702c00000, 0x0000000702a00000| Complete 
|  22|0x0000000702c00000, 0x0000000702e00000, 0x0000000702e00000|100%|HS|  |TAMS 0x0000000702e00000, 0x0000000702c00000| Complete 
|  23|0x0000000702e00000, 0x0000000703000000, 0x0000000703000000|100%|HS|  |TAMS 0x0000000703000000, 0x0000000702e00000| Complete 
|  24|0x0000000703000000, 0x0000000703200000, 0x0000000703200000|100%|HC|  |TAMS 0x0000000703200000, 0x0000000703000000| Complete 
|  25|0x0000000703200000, 0x0000000703400000, 0x0000000703400000|100%|HS|  |TAMS 0x0000000703400000, 0x0000000703200000| Complete 
|  26|0x0000000703400000, 0x0000000703600000, 0x0000000703600000|100%|HC|  |TAMS 0x0000000703600000, 0x0000000703400000| Complete 
|  27|0x0000000703600000, 0x0000000703800000, 0x0000000703800000|100%| O|  |TAMS 0x0000000703800000, 0x0000000703600000| Untracked 
|  28|0x0000000703800000, 0x0000000703a00000, 0x0000000703a00000|100%| O|  |TAMS 0x0000000703a00000, 0x0000000703800000| Untracked 
|  29|0x0000000703a00000, 0x0000000703c00000, 0x0000000703c00000|100%| O|  |TAMS 0x0000000703c00000, 0x0000000703a00000| Untracked 
|  30|0x0000000703c00000, 0x0000000703e00000, 0x0000000703e00000|100%| O|  |TAMS 0x0000000703e00000, 0x0000000703c00000| Untracked 
|  31|0x0000000703e00000, 0x0000000704000000, 0x0000000704000000|100%| O|  |TAMS 0x0000000704000000, 0x0000000703e00000| Untracked 
|  32|0x0000000704000000, 0x0000000704200000, 0x0000000704200000|100%| O|  |TAMS 0x0000000704200000, 0x0000000704000000| Untracked 
|  33|0x0000000704200000, 0x0000000704400000, 0x0000000704400000|100%| O|  |TAMS 0x0000000704204400, 0x0000000704200000| Untracked 
|  34|0x0000000704400000, 0x0000000704600000, 0x0000000704600000|100%| O|  |TAMS 0x0000000704400000, 0x0000000704400000| Untracked 
|  35|0x0000000704600000, 0x0000000704716400, 0x0000000704800000| 54%| O|  |TAMS 0x0000000704600000, 0x0000000704600000| Untracked 
|  36|0x0000000704800000, 0x0000000704800000, 0x0000000704a00000|  0%| F|  |TAMS 0x0000000704800000, 0x0000000704800000| Untracked 
|  37|0x0000000704a00000, 0x0000000704a00000, 0x0000000704c00000|  0%| F|  |TAMS 0x0000000704a00000, 0x0000000704a00000| Untracked 
|  38|0x0000000704c00000, 0x0000000704c00000, 0x0000000704e00000|  0%| F|  |TAMS 0x0000000704c00000, 0x0000000704c00000| Untracked 
|  39|0x0000000704e00000, 0x0000000704e00000, 0x0000000705000000|  0%| F|  |TAMS 0x0000000704e00000, 0x0000000704e00000| Untracked 
|  40|0x0000000705000000, 0x0000000705000000, 0x0000000705200000|  0%| F|  |TAMS 0x0000000705000000, 0x0000000705000000| Untracked 
|  41|0x0000000705200000, 0x0000000705200000, 0x0000000705400000|  0%| F|  |TAMS 0x0000000705200000, 0x0000000705200000| Untracked 
|  42|0x0000000705400000, 0x0000000705400000, 0x0000000705600000|  0%| F|  |TAMS 0x0000000705400000, 0x0000000705400000| Untracked 
|  43|0x0000000705600000, 0x0000000705600000, 0x0000000705800000|  0%| F|  |TAMS 0x0000000705600000, 0x0000000705600000| Untracked 
|  44|0x0000000705800000, 0x0000000705800000, 0x0000000705a00000|  0%| F|  |TAMS 0x0000000705800000, 0x0000000705800000| Untracked 
|  45|0x0000000705a00000, 0x0000000705a00000, 0x0000000705c00000|  0%| F|  |TAMS 0x0000000705a00000, 0x0000000705a00000| Untracked 
|  46|0x0000000705c00000, 0x0000000705daa3f8, 0x0000000705e00000| 83%| S|CS|TAMS 0x0000000705c00000, 0x0000000705c00000| Complete 
|  47|0x0000000705e00000, 0x0000000705e00000, 0x0000000706000000|  0%| F|  |TAMS 0x0000000705e00000, 0x0000000705e00000| Untracked 
|  48|0x0000000706000000, 0x0000000706000000, 0x0000000706200000|  0%| F|  |TAMS 0x0000000706000000, 0x0000000706000000| Untracked 
|  49|0x0000000706200000, 0x0000000706200000, 0x0000000706400000|  0%| F|  |TAMS 0x0000000706200000, 0x0000000706200000| Untracked 
|  50|0x0000000706400000, 0x0000000706400000, 0x0000000706600000|  0%| F|  |TAMS 0x0000000706400000, 0x0000000706400000| Untracked 
|  51|0x0000000706600000, 0x0000000706600000, 0x0000000706800000|  0%| F|  |TAMS 0x0000000706600000, 0x0000000706600000| Untracked 
|  52|0x0000000706800000, 0x0000000706800000, 0x0000000706a00000|  0%| F|  |TAMS 0x0000000706800000, 0x0000000706800000| Untracked 
|  53|0x0000000706a00000, 0x0000000706a00000, 0x0000000706c00000|  0%| F|  |TAMS 0x0000000706a00000, 0x0000000706a00000| Untracked 
|  54|0x0000000706c00000, 0x0000000706c00000, 0x0000000706e00000|  0%| F|  |TAMS 0x0000000706c00000, 0x0000000706c00000| Untracked 
|  55|0x0000000706e00000, 0x0000000706e00000, 0x0000000707000000|  0%| F|  |TAMS 0x0000000706e00000, 0x0000000706e00000| Untracked 
|  58|0x0000000707400000, 0x0000000707400000, 0x0000000707600000|  0%| F|  |TAMS 0x0000000707400000, 0x0000000707400000| Untracked 
|  59|0x0000000707600000, 0x0000000707600000, 0x0000000707800000|  0%| F|  |TAMS 0x0000000707600000, 0x0000000707600000| Untracked 
|  60|0x0000000707800000, 0x0000000707800000, 0x0000000707a00000|  0%| F|  |TAMS 0x0000000707800000, 0x0000000707800000| Untracked 
|  61|0x0000000707a00000, 0x0000000707a00000, 0x0000000707c00000|  0%| F|  |TAMS 0x0000000707a00000, 0x0000000707a00000| Untracked 
|  62|0x0000000707c00000, 0x0000000707c00000, 0x0000000707e00000|  0%| F|  |TAMS 0x0000000707c00000, 0x0000000707c00000| Untracked 
|  63|0x0000000707e00000, 0x0000000707e00000, 0x0000000708000000|  0%| F|  |TAMS 0x0000000707e00000, 0x0000000707e00000| Untracked 
|  64|0x0000000708000000, 0x0000000708000000, 0x0000000708200000|  0%| F|  |TAMS 0x0000000708000000, 0x0000000708000000| Untracked 
| 127|0x000000070fe00000, 0x000000070fe43738, 0x0000000710000000| 13%| E|  |TAMS 0x000000070fe00000, 0x000000070fe00000| Complete 

Card table byte_map: [0x000001957d890000,0x000001957e090000] _byte_map_base: 0x000001957a090000

Marking Bits (Prev, Next): (CMBitMap*) 0x0000019566814ea0, (CMBitMap*) 0x0000019566814ee0
 Prev Bits: [0x0000019500000000, 0x0000019504000000)
 Next Bits: [0x0000019504000000, 0x0000019508000000)

Polling page: 0x0000019564690000

Metaspace:

Usage:
  Non-class:     63.52 MB used.
      Class:     10.51 MB used.
       Both:     74.03 MB used.

Virtual space:
  Non-class space:      128.00 MB reserved,      63.88 MB ( 50%) committed,  2 nodes.
      Class space:        1.00 GB reserved,      10.88 MB (  1%) committed,  1 nodes.
             Both:        1.12 GB reserved,      74.75 MB (  6%) committed. 

Chunk freelists:
   Non-Class:  15.55 MB
       Class:  5.01 MB
        Both:  20.55 MB

MaxMetaspaceSize: 2.00 GB
CompressedClassSpaceSize: 1.00 GB
Initial GC threshold: 21.00 MB
Current GC threshold: 124.62 MB
CDS: on
MetaspaceReclaimPolicy: balanced
 - commit_granule_bytes: 65536.
 - commit_granule_words: 8192.
 - virtual_space_node_default_size: 8388608.
 - enlarge_chunks_in_place: 1.
 - new_chunks_are_fully_committed: 0.
 - uncommit_free_chunks: 1.
 - use_allocation_guard: 0.
 - handle_deallocations: 1.


Internal statistics:

num_allocs_failed_limit: 12.
num_arena_births: 1046.
num_arena_deaths: 2.
num_vsnodes_births: 3.
num_vsnodes_deaths: 0.
num_space_committed: 1196.
num_space_uncommitted: 0.
num_chunks_returned_to_freelist: 18.
num_chunks_taken_from_freelist: 4205.
num_chunk_merges: 3.
num_chunk_splits: 2757.
num_chunks_enlarged: 1799.
num_inconsistent_stats: 0.

CodeHeap 'non-profiled nmethods': size=120000Kb used=5095Kb max_used=5095Kb free=114904Kb
 bounds [0x0000019575b60000, 0x0000019576060000, 0x000001957d090000]
CodeHeap 'profiled nmethods': size=120000Kb used=16792Kb max_used=16792Kb free=103207Kb
 bounds [0x000001956e090000, 0x000001956f100000, 0x00000195755c0000]
CodeHeap 'non-nmethods': size=5760Kb used=2412Kb max_used=2454Kb free=3348Kb
 bounds [0x00000195755c0000, 0x0000019575840000, 0x0000019575b60000]
 total_blobs=9572 nmethods=8626 adapters=858
 compilation: enabled
              stopped_count=0, restarted_count=0
 full_count=0

Compilation events (20 events):
Event: 70.002 Thread 0x000001957ed92630 nmethod 10083 0x000001956f0f4d10 code [0x000001956f0f4ec0, 0x000001956f0f5208]
Event: 70.002 Thread 0x000001957ed92630 10084       3       java.lang.ProcessEnvironment$CheckedEntry::getValue (13 bytes)
Event: 70.002 Thread 0x000001957ed92630 nmethod 10084 0x000001956f0f5310 code [0x000001956f0f54c0, 0x000001956f0f5788]
Event: 70.003 Thread 0x000001957ed914d0 nmethod 10085 0x0000019576058a10 code [0x0000019576058ba0, 0x0000019576058c98]
Event: 70.058 Thread 0x000001957ed92630 10086       3       java.lang.Thread::getContextClassLoader (32 bytes)
Event: 70.059 Thread 0x000001957ed92630 nmethod 10086 0x000001956f0f5890 code [0x000001956f0f5ac0, 0x000001956f0f64b8]
Event: 70.092 Thread 0x000001957ed92630 10087       3       java.io.ObjectOutputStream$BlockDataOutputStream::writeBlockHeader (70 bytes)
Event: 70.092 Thread 0x000001957ed92630 nmethod 10087 0x000001956f0f6810 code [0x000001956f0f69e0, 0x000001956f0f6de8]
Event: 71.063 Thread 0x000001957ed92630 10088       1       org.gradle.util.internal.DisconnectableInputStream::access$200 (5 bytes)
Event: 71.063 Thread 0x000001957ed92630 nmethod 10088 0x0000019576058e10 code [0x0000019576058fa0, 0x0000019576059058]
Event: 71.065 Thread 0x000001957ed92630 10089       1       org.gradle.util.internal.DisconnectableInputStream::access$000 (5 bytes)
Event: 71.065 Thread 0x000001957ed92630 nmethod 10089 0x0000019576059110 code [0x00000195760592a0, 0x0000019576059358]
Event: 71.069 Thread 0x000001957ed92630 10090       1       org.gradle.util.internal.DisconnectableInputStream::access$300 (5 bytes)
Event: 71.069 Thread 0x000001957ed92630 nmethod 10090 0x0000019576059410 code [0x00000195760595a0, 0x0000019576059658]
Event: 71.071 Thread 0x000001957ed92630 10091       1       org.gradle.util.internal.DisconnectableInputStream::access$100 (5 bytes)
Event: 71.071 Thread 0x000001957ed92630 nmethod 10091 0x0000019576059710 code [0x00000195760598a0, 0x0000019576059958]
Event: 71.071 Thread 0x000001957ed92630 10092       1       org.gradle.util.internal.DisconnectableInputStream::access$400 (5 bytes)
Event: 71.071 Thread 0x000001957ed92630 nmethod 10092 0x0000019576059a10 code [0x0000019576059ba0, 0x0000019576059c58]
Event: 72.363 Thread 0x000001957ed914d0 10093       4       org.gradle.internal.logging.text.AbstractLineChoppingStyledTextOutput::doAppend (43 bytes)
Event: 72.363 Thread 0x000001957ed92630 10094       3       org.gradle.internal.io.LineBufferingOutputStream::write (59 bytes)

GC Heap History (20 events):
Event: 21.125 GC heap before
{Heap before GC invocations=21 (full 0):
 garbage-first heap   total 106496K, used 78951K [0x0000000700000000, 0x0000000800000000)
  region size 2048K, 13 young (26624K), 2 survivors (4096K)
 Metaspace       used 57305K, committed 57920K, reserved 1114112K
  class space    used 8127K, committed 8384K, reserved 1048576K
}
Event: 21.131 GC heap after
{Heap after GC invocations=22 (full 0):
 garbage-first heap   total 106496K, used 58160K [0x0000000700000000, 0x0000000800000000)
  region size 2048K, 2 young (4096K), 2 survivors (4096K)
 Metaspace       used 57305K, committed 57920K, reserved 1114112K
  class space    used 8127K, committed 8384K, reserved 1048576K
}
Event: 21.618 GC heap before
{Heap before GC invocations=22 (full 0):
 garbage-first heap   total 106496K, used 82736K [0x0000000700000000, 0x0000000800000000)
  region size 2048K, 14 young (28672K), 2 survivors (4096K)
 Metaspace       used 59869K, committed 60480K, reserved 1114112K
  class space    used 8457K, committed 8704K, reserved 1048576K
}
Event: 21.622 GC heap after
{Heap after GC invocations=23 (full 0):
 garbage-first heap   total 106496K, used 59013K [0x0000000700000000, 0x0000000800000000)
  region size 2048K, 2 young (4096K), 2 survivors (4096K)
 Metaspace       used 59869K, committed 60480K, reserved 1114112K
  class space    used 8457K, committed 8704K, reserved 1048576K
}
Event: 22.292 GC heap before
{Heap before GC invocations=24 (full 0):
 garbage-first heap   total 112640K, used 81541K [0x0000000700000000, 0x0000000800000000)
  region size 2048K, 13 young (26624K), 2 survivors (4096K)
 Metaspace       used 61506K, committed 62144K, reserved 1114112K
  class space    used 8680K, committed 8960K, reserved 1048576K
}
Event: 22.297 GC heap after
{Heap after GC invocations=25 (full 0):
 garbage-first heap   total 112640K, used 60675K [0x0000000700000000, 0x0000000800000000)
  region size 2048K, 2 young (4096K), 2 survivors (4096K)
 Metaspace       used 61506K, committed 62144K, reserved 1114112K
  class space    used 8680K, committed 8960K, reserved 1048576K
}
Event: 23.026 GC heap before
{Heap before GC invocations=25 (full 0):
 garbage-first heap   total 112640K, used 87299K [0x0000000700000000, 0x0000000800000000)
  region size 2048K, 15 young (30720K), 2 survivors (4096K)
 Metaspace       used 63269K, committed 63808K, reserved 1114112K
  class space    used 8896K, committed 9152K, reserved 1048576K
}
Event: 23.032 GC heap after
{Heap after GC invocations=26 (full 0):
 garbage-first heap   total 112640K, used 61406K [0x0000000700000000, 0x0000000800000000)
  region size 2048K, 2 young (4096K), 2 survivors (4096K)
 Metaspace       used 63269K, committed 63808K, reserved 1114112K
  class space    used 8896K, committed 9152K, reserved 1048576K
}
Event: 23.819 GC heap before
{Heap before GC invocations=27 (full 0):
 garbage-first heap   total 112640K, used 88030K [0x0000000700000000, 0x0000000800000000)
  region size 2048K, 15 young (30720K), 2 survivors (4096K)
 Metaspace       used 64777K, committed 65408K, reserved 1114112K
  class space    used 9108K, committed 9408K, reserved 1048576K
}
Event: 23.824 GC heap after
{Heap after GC invocations=28 (full 0):
 garbage-first heap   total 112640K, used 63167K [0x0000000700000000, 0x0000000800000000)
  region size 2048K, 2 young (4096K), 2 survivors (4096K)
 Metaspace       used 64777K, committed 65408K, reserved 1114112K
  class space    used 9108K, committed 9408K, reserved 1048576K
}
Event: 24.550 GC heap before
{Heap before GC invocations=28 (full 0):
 garbage-first heap   total 112640K, used 87743K [0x0000000700000000, 0x0000000800000000)
  region size 2048K, 15 young (30720K), 2 survivors (4096K)
 Metaspace       used 66534K, committed 67200K, reserved 1114112K
  class space    used 9359K, committed 9664K, reserved 1048576K
}
Event: 24.557 GC heap after
{Heap after GC invocations=29 (full 0):
 garbage-first heap   total 112640K, used 64524K [0x0000000700000000, 0x0000000800000000)
  region size 2048K, 2 young (4096K), 2 survivors (4096K)
 Metaspace       used 66534K, committed 67200K, reserved 1114112K
  class space    used 9359K, committed 9664K, reserved 1048576K
}
Event: 25.810 GC heap before
{Heap before GC invocations=30 (full 0):
 garbage-first heap   total 120832K, used 89100K [0x0000000700000000, 0x0000000800000000)
  region size 2048K, 15 young (30720K), 2 survivors (4096K)
 Metaspace       used 68596K, committed 69248K, reserved 1114112K
  class space    used 9706K, committed 10048K, reserved 1048576K
}
Event: 25.817 GC heap after
{Heap after GC invocations=31 (full 0):
 garbage-first heap   total 120832K, used 66285K [0x0000000700000000, 0x0000000800000000)
  region size 2048K, 2 young (4096K), 2 survivors (4096K)
 Metaspace       used 68596K, committed 69248K, reserved 1114112K
  class space    used 9706K, committed 10048K, reserved 1048576K
}
Event: 28.004 GC heap before
{Heap before GC invocations=31 (full 0):
 garbage-first heap   total 120832K, used 94957K [0x0000000700000000, 0x0000000800000000)
  region size 2048K, 17 young (34816K), 2 survivors (4096K)
 Metaspace       used 70860K, committed 71552K, reserved 1114112K
  class space    used 10104K, committed 10432K, reserved 1048576K
}
Event: 28.011 GC heap after
{Heap after GC invocations=32 (full 0):
 garbage-first heap   total 120832K, used 68320K [0x0000000700000000, 0x0000000800000000)
  region size 2048K, 3 young (6144K), 3 survivors (6144K)
 Metaspace       used 70860K, committed 71552K, reserved 1114112K
  class space    used 10104K, committed 10432K, reserved 1048576K
}
Event: 29.044 GC heap before
{Heap before GC invocations=33 (full 0):
 garbage-first heap   total 122880K, used 94944K [0x0000000700000000, 0x0000000800000000)
  region size 2048K, 17 young (34816K), 3 survivors (6144K)
 Metaspace       used 73353K, committed 74048K, reserved 1114112K
  class space    used 10388K, committed 10752K, reserved 1048576K
}
Event: 29.055 GC heap after
{Heap after GC invocations=34 (full 0):
 garbage-first heap   total 122880K, used 71662K [0x0000000700000000, 0x0000000800000000)
  region size 2048K, 3 young (6144K), 3 survivors (6144K)
 Metaspace       used 73353K, committed 74048K, reserved 1114112K
  class space    used 10388K, committed 10752K, reserved 1048576K
}
Event: 70.073 GC heap before
{Heap before GC invocations=34 (full 0):
 garbage-first heap   total 122880K, used 96238K [0x0000000700000000, 0x0000000800000000)
  region size 2048K, 16 young (32768K), 3 survivors (6144K)
 Metaspace       used 75792K, committed 76544K, reserved 1179648K
  class space    used 10759K, committed 11136K, reserved 1048576K
}
Event: 70.086 GC heap after
{Heap after GC invocations=35 (full 0):
 garbage-first heap   total 122880K, used 72881K [0x0000000700000000, 0x0000000800000000)
  region size 2048K, 1 young (2048K), 1 survivors (2048K)
 Metaspace       used 75792K, committed 76544K, reserved 1179648K
  class space    used 10759K, committed 11136K, reserved 1048576K
}

Deoptimization events (20 events):
Event: 69.741 Thread 0x0000019550f8c100 Uncommon trap: trap_request=0xffffffd6 fr.pc=0x0000019575fd5dbc relative=0x00000000000009dc
Event: 69.741 Thread 0x0000019550f8c100 Uncommon trap: reason=array_check action=maybe_recompile pc=0x0000019575fd5dbc method=java.util.TimSort.binarySort([Ljava/lang/Object;IIILjava/util/Comparator;)V @ 183 c2
Event: 69.741 Thread 0x0000019550f8c100 DEOPT PACKING pc=0x0000019575fd5dbc sp=0x00000023589f9260
Event: 69.741 Thread 0x0000019550f8c100 DEOPT UNPACKING pc=0x00000195756123a3 sp=0x00000023589f9208 mode 2
Event: 69.783 Thread 0x0000019550f8c100 DEOPT PACKING pc=0x000001956ea8eef1 sp=0x00000023589f97a0
Event: 69.783 Thread 0x0000019550f8c100 DEOPT UNPACKING pc=0x0000019575612b43 sp=0x00000023589f8c98 mode 0
Event: 69.784 Thread 0x0000019550f8c100 DEOPT PACKING pc=0x000001956ea8eef1 sp=0x00000023589f97a0
Event: 69.784 Thread 0x0000019550f8c100 DEOPT UNPACKING pc=0x0000019575612b43 sp=0x00000023589f8c98 mode 0
Event: 69.787 Thread 0x0000019550f8c100 DEOPT PACKING pc=0x000001956ea8eef1 sp=0x00000023589f9790
Event: 69.787 Thread 0x0000019550f8c100 DEOPT UNPACKING pc=0x0000019575612b43 sp=0x00000023589f8c88 mode 0
Event: 69.788 Thread 0x0000019550f8c100 DEOPT PACKING pc=0x000001956ea8eef1 sp=0x00000023589f96c0
Event: 69.788 Thread 0x0000019550f8c100 DEOPT UNPACKING pc=0x0000019575612b43 sp=0x00000023589f8bb8 mode 0
Event: 69.789 Thread 0x0000019550f8c100 DEOPT PACKING pc=0x000001956ea8eef1 sp=0x00000023589f96c0
Event: 69.789 Thread 0x0000019550f8c100 DEOPT UNPACKING pc=0x0000019575612b43 sp=0x00000023589f8bb8 mode 0
Event: 69.799 Thread 0x0000019550f8c100 DEOPT PACKING pc=0x000001956ea8eef1 sp=0x00000023589f98f0
Event: 69.799 Thread 0x0000019550f8c100 DEOPT UNPACKING pc=0x0000019575612b43 sp=0x00000023589f8de8 mode 0
Event: 69.800 Thread 0x0000019550f8c100 DEOPT PACKING pc=0x000001956e194d3b sp=0x00000023589f9970
Event: 69.800 Thread 0x0000019550f8c100 DEOPT UNPACKING pc=0x0000019575612b43 sp=0x00000023589f8ea8 mode 0
Event: 69.805 Thread 0x0000019550f8c100 DEOPT PACKING pc=0x000001956ea8eef1 sp=0x00000023589f98f0
Event: 69.805 Thread 0x0000019550f8c100 DEOPT UNPACKING pc=0x0000019575612b43 sp=0x00000023589f8de8 mode 0

Classes unloaded (5 events):
Event: 19.946 Thread 0x000001957ed73af0 Unloading class 0x000001950b510918 '_BuildScript_$_run_closure1$_closure2'
Event: 19.946 Thread 0x000001957ed73af0 Unloading class 0x000001950b510530 '_BuildScript_$_run_closure1'
Event: 19.946 Thread 0x000001957ed73af0 Unloading class 0x000001950b510000 '_BuildScript_'
Event: 19.946 Thread 0x000001957ed73af0 Unloading class 0x000001950b508ab0 'GradleAnnotationProcessorPatchPlugin$AnnotationProcessorModelBuilder'
Event: 19.946 Thread 0x000001957ed73af0 Unloading class 0x000001950b508800 'GradleAnnotationProcessorPatchPlugin'

Classes redefined (0 events):
No events

Internal exceptions (20 events):
Event: 35.773 Thread 0x0000019550f90cf0 Exception <a 'java/lang/NoSuchMethodError'{0x0000000707d1e1e0}: static [Ljava/lang/Integer;.<clinit>()V> (0x0000000707d1e1e0) 
thrown [s\open\src\hotspot\share\prims\jni.cpp, line 1112]
Event: 67.379 Thread 0x0000019550f8c100 Exception <a 'sun/nio/fs/WindowsException'{0x00000007079cd0a8}> (0x00000007079cd0a8) 
thrown [s\open\src\hotspot\share\prims\jni.cpp, line 516]
Event: 67.380 Thread 0x0000019550f8c100 Exception <a 'sun/nio/fs/WindowsException'{0x00000007079cf1a8}> (0x00000007079cf1a8) 
thrown [s\open\src\hotspot\share\prims\jni.cpp, line 516]
Event: 67.380 Thread 0x0000019550f8c100 Exception <a 'sun/nio/fs/WindowsException'{0x00000007079d10d8}> (0x00000007079d10d8) 
thrown [s\open\src\hotspot\share\prims\jni.cpp, line 516]
Event: 67.381 Thread 0x0000019550f8c100 Exception <a 'sun/nio/fs/WindowsException'{0x00000007079d2d20}> (0x00000007079d2d20) 
thrown [s\open\src\hotspot\share\prims\jni.cpp, line 516]
Event: 67.409 Thread 0x000001954f1b17a0 Exception <a 'java/lang/NoSuchMethodError'{0x0000000707688c30}: static Lorg/gradle/internal/build/event/types/DefaultTaskSkippedResult;.<clinit>()V> (0x0000000707688c30) 
thrown [s\open\src\hotspot\share\prims\jni.cpp, line 1112]
Event: 67.422 Thread 0x0000019550f8c100 Exception <a 'sun/nio/fs/WindowsException'{0x0000000707640a60}> (0x0000000707640a60) 
thrown [s\open\src\hotspot\share\prims\jni.cpp, line 516]
Event: 67.510 Thread 0x0000019550f8c100 Exception <a 'java/lang/NoSuchMethodError'{0x00000007077fb2e0}: static Ljava/lang/Object;.<clinit>()V> (0x00000007077fb2e0) 
thrown [s\open\src\hotspot\share\prims\jni.cpp, line 1112]
Event: 69.709 Thread 0x0000019550f8c100 Exception <a 'java/lang/NoSuchMethodError'{0x00000007067abbe8}: static Lorg/gradle/api/internal/tasks/compile/daemon/DaemonGroovyCompiler$GroovyCompilerParameters;.<clinit>()V> (0x00000007067abbe8) 
thrown [s\open\src\hotspot\share\prims\jni.cpp, line 1112]
Event: 69.710 Thread 0x0000019550f8c100 Exception <a 'java/lang/NoSuchMethodError'{0x00000007067ae5a0}: static Lorg/gradle/api/internal/tasks/compile/daemon/CompilerWorkerExecutor$CompilerParameters;.<clinit>()V> (0x00000007067ae5a0) 
thrown [s\open\src\hotspot\share\prims\jni.cpp, line 1112]
Event: 69.711 Thread 0x0000019550f8c100 Exception <a 'java/lang/NoSuchMethodError'{0x00000007067c3c98}: static Ljava/util/AbstractList;.<clinit>()V> (0x00000007067c3c98) 
thrown [s\open\src\hotspot\share\prims\jni.cpp, line 1112]
Event: 69.732 Thread 0x0000019550f8c100 Exception <a 'java/lang/NoSuchMethodError'{0x00000007067fc028}: static Lorg/gradle/api/internal/tasks/compile/DefaultGroovyJavaJointCompileSpec;.<clinit>()V> (0x00000007067fc028) 
thrown [s\open\src\hotspot\share\prims\jni.cpp, line 1112]
Event: 69.732 Thread 0x0000019550f8c100 Exception <a 'java/lang/NoSuchMethodError'{0x0000000706400c90}: static Lorg/gradle/api/internal/tasks/compile/DefaultJavaCompileSpec;.<clinit>()V> (0x0000000706400c90) 
thrown [s\open\src\hotspot\share\prims\jni.cpp, line 1112]
Event: 69.733 Thread 0x0000019550f8c100 Exception <a 'java/lang/NoSuchMethodError'{0x0000000706406120}: static Lorg/gradle/api/internal/tasks/compile/DefaultJvmLanguageCompileSpec;.<clinit>()V> (0x0000000706406120) 
thrown [s\open\src\hotspot\share\prims\jni.cpp, line 1112]
Event: 69.740 Thread 0x0000019550f8c100 Exception <a 'java/lang/NoSuchMethodError'{0x000000070647c6f0}: static Lorg/gradle/api/internal/tasks/compile/MinimalJavaCompileOptions;.<clinit>()V> (0x000000070647c6f0) 
thrown [s\open\src\hotspot\share\prims\jni.cpp, line 1112]
Event: 69.749 Thread 0x0000019550f8c100 Exception <a 'java/lang/NoSuchMethodError'{0x00000007064e6870}: static Lorg/gradle/api/internal/tasks/compile/MinimalJavaCompilerDaemonForkOptions;.<clinit>()V> (0x00000007064e6870) 
thrown [s\open\src\hotspot\share\prims\jni.cpp, line 1112]
Event: 69.749 Thread 0x0000019550f8c100 Exception <a 'java/lang/NoSuchMethodError'{0x00000007064e8d88}: static Lorg/gradle/api/internal/tasks/compile/MinimalCompilerDaemonForkOptions;.<clinit>()V> (0x00000007064e8d88) 
thrown [s\open\src\hotspot\share\prims\jni.cpp, line 1112]
Event: 69.751 Thread 0x0000019550f8c100 Exception <a 'java/lang/NoSuchMethodError'{0x0000000706503aa8}: static Lorg/gradle/api/internal/tasks/compile/MinimalGroovyCompileOptions;.<clinit>()V> (0x0000000706503aa8) 
thrown [s\open\src\hotspot\share\prims\jni.cpp, line 1112]
Event: 69.753 Thread 0x0000019550f8c100 Exception <a 'java/lang/NoSuchMethodError'{0x000000070652b6f8}: static Lorg/gradle/api/internal/tasks/compile/MinimalGroovyCompilerDaemonForkOptions;.<clinit>()V> (0x000000070652b6f8) 
thrown [s\open\src\hotspot\share\prims\jni.cpp, line 1112]
Event: 69.932 Thread 0x0000019550f8c100 Exception <a 'java/lang/NoSuchMethodError'{0x0000000705f36da0}: static Lorg/gradle/process/internal/worker/request/WorkerAction;.<clinit>()V> (0x0000000705f36da0) 
thrown [s\open\src\hotspot\share\prims\jni.cpp, line 1112]

VM Operations (20 events):
Event: 66.254 Executing VM operation: Cleanup
Event: 66.254 Executing VM operation: Cleanup done
Event: 67.361 Executing VM operation: HandshakeAllThreads
Event: 67.361 Executing VM operation: HandshakeAllThreads done
Event: 67.361 Executing VM operation: Cleanup
Event: 67.361 Executing VM operation: Cleanup done
Event: 67.364 Executing VM operation: HandshakeAllThreads
Event: 67.365 Executing VM operation: HandshakeAllThreads done
Event: 68.365 Executing VM operation: Cleanup
Event: 68.365 Executing VM operation: Cleanup done
Event: 69.365 Executing VM operation: Cleanup
Event: 69.365 Executing VM operation: Cleanup done
Event: 70.073 Executing VM operation: G1CollectForAllocation
Event: 70.088 Executing VM operation: G1CollectForAllocation done
Event: 70.220 Executing VM operation: G1Concurrent
Event: 70.228 Executing VM operation: G1Concurrent done
Event: 70.294 Executing VM operation: G1Concurrent
Event: 70.294 Executing VM operation: G1Concurrent done
Event: 71.304 Executing VM operation: Cleanup
Event: 71.304 Executing VM operation: Cleanup done

Events (20 events):
Event: 56.105 loading class java/time/Instant$1 done
Event: 63.415 Thread 0x000001954f1b30f0 Thread exited: 0x000001954f1b30f0
Event: 67.397 Thread 0x000001954fd3eac0 Thread added: 0x000001954fd3eac0
Event: 67.895 Thread 0x000001954fd3eac0 Thread exited: 0x000001954fd3eac0
Event: 67.920 Thread 0x000001954fd3b5a0 Thread added: 0x000001954fd3b5a0
Event: 68.169 Thread 0x000001954fd3b5a0 Thread exited: 0x000001954fd3b5a0
Event: 69.632 loading class java/util/PriorityQueue
Event: 69.632 loading class java/util/PriorityQueue done
Event: 69.741 Thread 0x000001954fd3c040 Thread added: 0x000001954fd3c040
Event: 69.895 Thread 0x0000019553036b90 Thread added: 0x0000019553036b90
Event: 69.965 Thread 0x00000195530370a0 Thread added: 0x00000195530370a0
Event: 70.057 Thread 0x0000019553037ac0 Thread added: 0x0000019553037ac0
Event: 70.058 Thread 0x0000019553035240 Thread added: 0x0000019553035240
Event: 70.058 Thread 0x0000019553036170 Thread added: 0x0000019553036170
Event: 70.058 Thread 0x0000019553036680 Thread added: 0x0000019553036680
Event: 70.090 loading class sun/rmi/transport/DGCClient$EndpointEntry$CleanRequest
Event: 70.090 loading class sun/rmi/transport/DGCClient$EndpointEntry$CleanRequest done
Event: 70.092 Thread 0x000001954fd3c040 Thread exited: 0x000001954fd3c040
Event: 70.094 Thread 0x000001955156f270 Thread exited: 0x000001955156f270
Event: 71.072 Thread 0x0000019553037ac0 Thread exited: 0x0000019553037ac0


Dynamic libraries:
0x00007ff7bc540000 - 0x00007ff7bc550000 	C:\Program Files\Java\jdk-17\bin\java.exe
0x00007ffc685b0000 - 0x00007ffc687a8000 	C:\WINDOWS\SYSTEM32\ntdll.dll
0x00007ffc684a0000 - 0x00007ffc68562000 	C:\WINDOWS\System32\KERNEL32.DLL
0x00007ffc66190000 - 0x00007ffc6648f000 	C:\WINDOWS\System32\KERNELBASE.dll
0x00007ffc65c80000 - 0x00007ffc65d80000 	C:\WINDOWS\System32\ucrtbase.dll
0x00007ffc62b90000 - 0x00007ffc62ba9000 	C:\Program Files\Java\jdk-17\bin\jli.dll
0x00007ffc57d70000 - 0x00007ffc57d8b000 	C:\Program Files\Java\jdk-17\bin\VCRUNTIME140.dll
0x00007ffc67230000 - 0x00007ffc672df000 	C:\WINDOWS\System32\ADVAPI32.dll
0x00007ffc669a0000 - 0x00007ffc66a3e000 	C:\WINDOWS\System32\msvcrt.dll
0x00007ffc67bf0000 - 0x00007ffc67c8f000 	C:\WINDOWS\System32\sechost.dll
0x00007ffc67f60000 - 0x00007ffc68083000 	C:\WINDOWS\System32\RPCRT4.dll
0x00007ffc65c50000 - 0x00007ffc65c77000 	C:\WINDOWS\System32\bcrypt.dll
0x00007ffc672e0000 - 0x00007ffc6747d000 	C:\WINDOWS\System32\USER32.dll
0x00007ffc65df0000 - 0x00007ffc65e12000 	C:\WINDOWS\System32\win32u.dll
0x00007ffc66850000 - 0x00007ffc6687b000 	C:\WINDOWS\System32\GDI32.dll
0x00007ffc65f10000 - 0x00007ffc6602a000 	C:\WINDOWS\System32\gdi32full.dll
0x00007ffc65e70000 - 0x00007ffc65f0d000 	C:\WINDOWS\System32\msvcp_win.dll
0x00007ffc54db0000 - 0x00007ffc5504a000 	C:\WINDOWS\WinSxS\amd64_microsoft.windows.common-controls_6595b64144ccf1df_6.0.19041.4355_none_60b8b9eb71f62e16\COMCTL32.dll
0x00007ffc5fb40000 - 0x00007ffc5fb4a000 	C:\WINDOWS\SYSTEM32\VERSION.dll
0x00007ffc68400000 - 0x00007ffc6842f000 	C:\WINDOWS\System32\IMM32.DLL
0x00007ffc5cb70000 - 0x00007ffc5cb7c000 	C:\Program Files\Java\jdk-17\bin\vcruntime140_1.dll
0x00007ffc34e90000 - 0x00007ffc34f1e000 	C:\Program Files\Java\jdk-17\bin\msvcp140.dll
0x00007ffbe8180000 - 0x00007ffbe8d61000 	C:\Program Files\Java\jdk-17\bin\server\jvm.dll
0x00007ffc66690000 - 0x00007ffc66698000 	C:\WINDOWS\System32\PSAPI.DLL
0x00007ffc52090000 - 0x00007ffc52099000 	C:\WINDOWS\SYSTEM32\WSOCK32.dll
0x00007ffc68430000 - 0x00007ffc6849b000 	C:\WINDOWS\System32\WS2_32.dll
0x00007ffc589e0000 - 0x00007ffc58a07000 	C:\WINDOWS\SYSTEM32\WINMM.dll
0x00007ffc63af0000 - 0x00007ffc63b02000 	C:\WINDOWS\SYSTEM32\kernel.appcore.dll
0x00007ffc51010000 - 0x00007ffc5101a000 	C:\Program Files\Java\jdk-17\bin\jimage.dll
0x00007ffc58be0000 - 0x00007ffc58dc4000 	C:\WINDOWS\SYSTEM32\DBGHELP.DLL
0x00007ffc5b6e0000 - 0x00007ffc5b714000 	C:\WINDOWS\SYSTEM32\dbgcore.DLL
0x00007ffc66490000 - 0x00007ffc66512000 	C:\WINDOWS\System32\bcryptPrimitives.dll
0x00007ffc50cc0000 - 0x00007ffc50cce000 	C:\Program Files\Java\jdk-17\bin\instrument.dll
0x00007ffc42780000 - 0x00007ffc427a5000 	C:\Program Files\Java\jdk-17\bin\java.dll
0x00007ffc32b10000 - 0x00007ffc32be7000 	C:\Program Files\Java\jdk-17\bin\jsvml.dll
0x00007ffc67480000 - 0x00007ffc67bed000 	C:\WINDOWS\System32\SHELL32.dll
0x00007ffc63cf0000 - 0x00007ffc64494000 	C:\WINDOWS\SYSTEM32\windows.storage.dll
0x00007ffc66ed0000 - 0x00007ffc67225000 	C:\WINDOWS\System32\combase.dll
0x00007ffc655b0000 - 0x00007ffc655db000 	C:\WINDOWS\SYSTEM32\Wldp.dll
0x00007ffc67d10000 - 0x00007ffc67ddd000 	C:\WINDOWS\System32\OLEAUT32.dll
0x00007ffc67eb0000 - 0x00007ffc67f5d000 	C:\WINDOWS\System32\SHCORE.dll
0x00007ffc667f0000 - 0x00007ffc66845000 	C:\WINDOWS\System32\shlwapi.dll
0x00007ffc65b80000 - 0x00007ffc65ba5000 	C:\WINDOWS\SYSTEM32\profapi.dll
0x00007ffc50c60000 - 0x00007ffc50c78000 	C:\Program Files\Java\jdk-17\bin\zip.dll
0x00007ffc45d00000 - 0x00007ffc45d19000 	C:\Program Files\Java\jdk-17\bin\net.dll
0x00007ffc5fe40000 - 0x00007ffc5ff4a000 	C:\WINDOWS\SYSTEM32\WINHTTP.dll
0x00007ffc65310000 - 0x00007ffc6537c000 	C:\WINDOWS\system32\mswsock.dll
0x00007ffc45b10000 - 0x00007ffc45b26000 	C:\Program Files\Java\jdk-17\bin\nio.dll
0x00007ffc4fce0000 - 0x00007ffc4fcf0000 	C:\Program Files\Java\jdk-17\bin\verify.dll
0x00007ffc50fd0000 - 0x00007ffc50ff7000 	C:\Users\Ozarkpepi\.gradle\native\68d5fa5c4cc2d200863cafc0d521ce42e7d3e7ee720ec0a83991735586a16f82\windows-amd64\native-platform.dll
0x00007ffc15530000 - 0x00007ffc15674000 	C:\Users\Ozarkpepi\.gradle\native\e376f236ea51e6404a007f0833ffe2c6e607c4080706a723a18a27aeea778392\windows-amd64\native-platform-file-events.dll
0x00007ffc4fa30000 - 0x00007ffc4fa3a000 	C:\Program Files\Java\jdk-17\bin\management.dll
0x00007ffc44b10000 - 0x00007ffc44b1b000 	C:\Program Files\Java\jdk-17\bin\management_ext.dll
0x00007ffc65510000 - 0x00007ffc65528000 	C:\WINDOWS\SYSTEM32\CRYPTSP.dll
0x00007ffc64c30000 - 0x00007ffc64c68000 	C:\WINDOWS\system32\rsaenh.dll
0x00007ffc65ab0000 - 0x00007ffc65ade000 	C:\WINDOWS\SYSTEM32\USERENV.dll
0x00007ffc65500000 - 0x00007ffc6550c000 	C:\WINDOWS\SYSTEM32\CRYPTBASE.dll
0x00007ffc64ff0000 - 0x00007ffc6502b000 	C:\WINDOWS\SYSTEM32\IPHLPAPI.DLL
0x00007ffc66700000 - 0x00007ffc66708000 	C:\WINDOWS\System32\NSI.dll
0x00007ffc60920000 - 0x00007ffc60937000 	C:\WINDOWS\SYSTEM32\dhcpcsvc6.DLL
0x00007ffc60810000 - 0x00007ffc6082d000 	C:\WINDOWS\SYSTEM32\dhcpcsvc.DLL
0x00007ffc65030000 - 0x00007ffc650fa000 	C:\WINDOWS\SYSTEM32\DNSAPI.dll
0x00007ffc43b10000 - 0x00007ffc43b1e000 	C:\Program Files\Java\jdk-17\bin\sunmscapi.dll
0x00007ffc66030000 - 0x00007ffc6618c000 	C:\WINDOWS\System32\CRYPT32.dll
0x00007ffc65620000 - 0x00007ffc65647000 	C:\WINDOWS\SYSTEM32\ncrypt.dll
0x00007ffc655e0000 - 0x00007ffc6561b000 	C:\WINDOWS\SYSTEM32\NTASN1.dll
0x00007ffc4b7a0000 - 0x00007ffc4b7a7000 	C:\WINDOWS\system32\wshunix.dll
0x00007ffc4c840000 - 0x00007ffc4c857000 	C:\WINDOWS\system32\napinsp.dll
0x00007ffc4c270000 - 0x00007ffc4c28b000 	C:\WINDOWS\system32\pnrpnsp.dll
0x00007ffc62290000 - 0x00007ffc622ad000 	C:\WINDOWS\system32\NLAapi.dll
0x00007ffc4c250000 - 0x00007ffc4c262000 	C:\WINDOWS\System32\winrnr.dll
0x00007ffc4bc70000 - 0x00007ffc4bc85000 	C:\WINDOWS\system32\wshbth.dll
0x00007ffc5f830000 - 0x00007ffc5f83a000 	C:\Windows\System32\rasadhlp.dll
0x00007ffc5f170000 - 0x00007ffc5f1f0000 	C:\WINDOWS\System32\fwpuclnt.dll
0x00007ffc427b0000 - 0x00007ffc427ce000 	C:\Users\Ozarkpepi\AppData\Local\Temp\native-platform2659628680750965696dir\native-platform.dll
0x00007ffc43e70000 - 0x00007ffc43e77000 	C:\Program Files\Java\jdk-17\bin\rmi.dll

dbghelp: loaded successfully - version: 4.0.5 - missing functions: none
symbol engine: initialized successfully - sym options: 0x614 - pdb path: .;C:\Program Files\Java\jdk-17\bin;C:\WINDOWS\SYSTEM32;C:\WINDOWS\WinSxS\amd64_microsoft.windows.common-controls_6595b64144ccf1df_6.0.19041.4355_none_60b8b9eb71f62e16;C:\Program Files\Java\jdk-17\bin\server;C:\Users\Ozarkpepi\.gradle\native\68d5fa5c4cc2d200863cafc0d521ce42e7d3e7ee720ec0a83991735586a16f82\windows-amd64;C:\Users\Ozarkpepi\.gradle\native\e376f236ea51e6404a007f0833ffe2c6e607c4080706a723a18a27aeea778392\windows-amd64;C:\Users\Ozarkpepi\AppData\Local\Temp\native-platform2659628680750965696dir

VM Arguments:
jvm_args: -XX:MaxMetaspaceSize=2G -XX:+HeapDumpOnOutOfMemoryError --add-opens=java.base/java.util=ALL-UNNAMED --add-opens=java.base/java.lang=ALL-UNNAMED --add-opens=java.base/java.lang.invoke=ALL-UNNAMED --add-opens=java.prefs/java.util.prefs=ALL-UNNAMED --add-opens=java.base/java.nio.charset=ALL-UNNAMED --add-opens=java.base/java.net=ALL-UNNAMED --add-opens=java.base/java.util.concurrent.atomic=ALL-UNNAMED -Xmx4G -Dfile.encoding=utf8 -Duser.country=CO -Duser.language=es -Duser.variant -javaagent:C:\Users\Ozarkpepi\.gradle\wrapper\dists\gradle-8.3-all\6en3ugtfdg5xnpx44z4qbwgas\gradle-8.3\lib\agents\gradle-instrumentation-agent-8.3.jar 
java_command: org.gradle.launcher.daemon.bootstrap.GradleDaemon 8.3
java_class_path (initial): C:\Users\Ozarkpepi\.gradle\wrapper\dists\gradle-8.3-all\6en3ugtfdg5xnpx44z4qbwgas\gradle-8.3\lib\gradle-launcher-8.3.jar
Launcher Type: SUN_STANDARD

[Global flags]
     intx CICompilerCount                          = 3                                         {product} {ergonomic}
     uint ConcGCThreads                            = 1                                         {product} {ergonomic}
     uint G1ConcRefinementThreads                  = 4                                         {product} {ergonomic}
   size_t G1HeapRegionSize                         = 2097152                                   {product} {ergonomic}
    uintx GCDrainStackTargetSize                   = 64                                        {product} {ergonomic}
     bool HeapDumpOnOutOfMemoryError               = true                                   {manageable} {command line}
   size_t InitialHeapSize                          = 268435456                                 {product} {ergonomic}
   size_t MarkStackSize                            = 4194304                                   {product} {ergonomic}
   size_t MaxHeapSize                              = 4294967296                                {product} {command line}
   size_t MaxMetaspaceSize                         = 2147483648                                {product} {command line}
   size_t MaxNewSize                               = 2575302656                                {product} {ergonomic}
   size_t MinHeapDeltaBytes                        = 2097152                                   {product} {ergonomic}
   size_t MinHeapSize                              = 8388608                                   {product} {ergonomic}
    uintx NonNMethodCodeHeapSize                   = 5832780                                {pd product} {ergonomic}
    uintx NonProfiledCodeHeapSize                  = 122912730                              {pd product} {ergonomic}
    uintx ProfiledCodeHeapSize                     = 122912730                              {pd product} {ergonomic}
    uintx ReservedCodeCacheSize                    = 251658240                              {pd product} {ergonomic}
     bool SegmentedCodeCache                       = true                                      {product} {ergonomic}
   size_t SoftMaxHeapSize                          = 4294967296                             {manageable} {ergonomic}
     bool UseCompressedClassPointers               = true                           {product lp64_product} {ergonomic}
     bool UseCompressedOops                        = true                           {product lp64_product} {ergonomic}
     bool UseG1GC                                  = true                                      {product} {ergonomic}
     bool UseLargePagesIndividualAllocation        = false                                  {pd product} {ergonomic}

Logging:
Log output configuration:
 #0: stdout all=warning uptime,level,tags
 #1: stderr all=off uptime,level,tags

Environment Variables:
JAVA_HOME=C:\Program Files\Java\jdk-17
PATH=C:\Program Files\Common Files\Oracle\Java\javapath;C:\WINDOWS\system32;C:\WINDOWS;C:\WINDOWS\System32\Wbem;C:\WINDOWS\System32\WindowsPowerShell\v1.0\;C:\WINDOWS\System32\OpenSSH\;C:\Program Files (x86)\NVIDIA Corporation\PhysX\Common;C:\Program Files\NVIDIA Corporation\NVIDIA NvDLISR;D:\cmake\bin;D:\Git\cmd;C:\Program Files\Docker\Docker\resources\bin;D:\Warp;D:\flutter_windows_3.29.1-stable;D:\scrcpy-win64-v3.1\scrcpy-win64-v3.1;D:\;C:\Users\Ozarkpepi\AppData\Local\Programs\Python\Launcher\;C:\Users\Ozarkpepi\AppData\Local\Microsoft\WindowsApps;C:\Users\Ozarkpepi\AppData\Local\Programs\Microsoft VS Code\bin;C:\Users\Ozarkpepi\AppData\Local\GitHubDesktop\bin;C:\Users\Ozarkpepi\AppData\Local\Packages\PythonSoftwareFoundation.Python\Scripts;D:\platform-tools-latest-windows\platform-tools;D:\flutter\bin;C:\Program Files\Java\jdk-17\bin;D:\Windsurf\bin;C:\Users\Ozarkpepi\AppData\Roaming\npm
USERNAME=Ozarkpepi
OS=Windows_NT
PROCESSOR_IDENTIFIER=Intel64 Family 6 Model 58 Stepping 9, GenuineIntel



---------------  S Y S T E M  ---------------

OS:
 Windows 10 , 64 bit Build 19041 (10.0.19041.5438)
OS uptime: 0 days 13:36 hours

CPU: total 4 (initial active 4) (4 cores per cpu, 1 threads per core) family 6 model 58 stepping 9 microcode 0x21, cx8, cmov, fxsr, mmx, sse, sse2, sse3, ssse3, sse4.1, sse4.2, popcnt, tsc, tscinvbit, avx, aes, erms, clmul, vzeroupper, clflush

Memory: 4k page, system-wide physical 16329M (5283M free)
TotalPageFile size 16329M (AvailPageFile size 3M)
current process WorkingSet (physical memory assigned to process): 21M, peak: 290M
current process commit charge ("private bytes"): 353M, peak: 415M

vm_info: Java HotSpot(TM) 64-Bit Server VM (17.0.14+8-LTS-191) for windows-amd64 JRE (17.0.14+8-LTS-191), built on Dec  3 2024 11:07:59 by "mach5one" with MS VC++ 17.6 (VS2022)

END.
