#
# There is insufficient memory for the Java Runtime Environment to continue.
# Native memory allocation (mmap) failed to map 65536 bytes for Failed to commit metaspace.
# Possible reasons:
#   The system is out of physical RAM or swap space
#   The process is running with CompressedOops enabled, and the Java Heap may be blocking the growth of the native heap
# Possible solutions:
#   Reduce memory load on the system
#   Increase physical memory or swap space
#   Check if swap backing store is full
#   Decrease Java heap size (-Xmx/-Xms)
#   Decrease number of Java threads
#   Decrease Java thread stack sizes (-Xss)
#   Set larger code cache with -XX:ReservedCodeCacheSize=
#   JVM is running with Zero Based Compressed Oops mode in which the Java heap is
#     placed in the first 32GB address space. The Java Heap base address is the
#     maximum limit for the native heap growth. Please use -XX:HeapBaseMinAddress
#     to set the Java Heap base and to place the Java Heap above 32GB virtual address.
# This output file may be truncated or incomplete.
#
#  Out of Memory Error (virtualSpaceNode.cpp:110), pid=15260, tid=11260
#
# JRE version: Java(TM) SE Runtime Environment (17.0.14+8) (build 17.0.14+8-LTS-191)
# Java VM: Java HotSpot(TM) 64-Bit Server VM (17.0.14+8-LTS-191, mixed mode, sharing, tiered, compressed oops, compressed class ptrs, g1 gc, windows-amd64)
# No core dump will be written. Minidumps are not enabled by default on client versions of Windows
#

---------------  S U M M A R Y ------------

Command Line: -XX:MaxMetaspaceSize=2G -XX:+HeapDumpOnOutOfMemoryError --add-opens=java.base/java.util=ALL-UNNAMED --add-opens=java.base/java.lang=ALL-UNNAMED --add-opens=java.base/java.lang.invoke=ALL-UNNAMED --add-opens=java.prefs/java.util.prefs=ALL-UNNAMED --add-opens=java.base/java.nio.charset=ALL-UNNAMED --add-opens=java.base/java.net=ALL-UNNAMED --add-opens=java.base/java.util.concurrent.atomic=ALL-UNNAMED -Xmx4G -Dfile.encoding=utf8 -Duser.country=CO -Duser.language=es -Duser.variant -javaagent:C:\Users\Ozarkpepi\.gradle\wrapper\dists\gradle-8.3-all\6en3ugtfdg5xnpx44z4qbwgas\gradle-8.3\lib\agents\gradle-instrumentation-agent-8.3.jar org.gradle.launcher.daemon.bootstrap.GradleDaemon 8.3

Host: Intel(R) Core(TM) i5-3470 CPU @ 3.20GHz, 4 cores, 15G,  Windows 10 , 64 bit Build 19041 (10.0.19041.5438)
Time: Mon Mar 31 11:36:16 2025 Hora est. Pacífico, Sudamérica elapsed time: 8.790873 seconds (0d 0h 0m 8s)

---------------  T H R E A D  ---------------

Current thread (0x00000198f4d02890):  JavaThread "Daemon worker" [_thread_in_vm, id=11260, stack(0x0000007dd6300000,0x0000007dd6400000)]

Stack: [0x0000007dd6300000,0x0000007dd6400000]
Native frames: (J=compiled Java code, j=interpreted, Vv=VM code, C=native code)
V  [jvm.dll+0x67a38a]
V  [jvm.dll+0x7da7ed]
V  [jvm.dll+0x7dc133]
V  [jvm.dll+0x7dc7a3]
V  [jvm.dll+0x24517f]
V  [jvm.dll+0x7d63bb]
V  [jvm.dll+0x620a36]
V  [jvm.dll+0x1beb37]
V  [jvm.dll+0x623392]
V  [jvm.dll+0x6213f6]
V  [jvm.dll+0x23a910]
V  [jvm.dll+0x1e8ce7]
V  [jvm.dll+0x1de861]
V  [jvm.dll+0x53fadc]
V  [jvm.dll+0x755818]
V  [jvm.dll+0x755904]
V  [jvm.dll+0x40d51f]
V  [jvm.dll+0x413fa9]
C  [java.dll+0x17ec]

Java frames: (J=compiled Java code, j=interpreted, Vv=VM code)
J 687  java.lang.ClassLoader.defineClass1(Ljava/lang/ClassLoader;Ljava/lang/String;[BIILjava/security/ProtectionDomain;Ljava/lang/String;)Ljava/lang/Class; java.base@17.0.14 (0 bytes) @ 0x00000198dc93f8e3 [0x00000198dc93f820+0x00000000000000c3]
J 1285 c1 java.lang.ClassLoader.defineClass(Ljava/lang/String;[BIILjava/security/ProtectionDomain;)Ljava/lang/Class; java.base@17.0.14 (43 bytes) @ 0x00000198d50be65c [0x00000198d50be300+0x000000000000035c]
J 1009 c1 java.security.SecureClassLoader.defineClass(Ljava/lang/String;[BIILjava/security/CodeSource;)Ljava/lang/Class; java.base@17.0.14 (16 bytes) @ 0x00000198d500a30c [0x00000198d500a240+0x00000000000000cc]
J 1004 c1 java.net.URLClassLoader.defineClass(Ljava/lang/String;Ljdk/internal/loader/Resource;)Ljava/lang/Class; java.base@17.0.14 (224 bytes) @ 0x00000198d500668c [0x00000198d5004bc0+0x0000000000001acc]
J 787 c1 java.net.URLClassLoader$1.run()Ljava/lang/Class; java.base@17.0.14 (81 bytes) @ 0x00000198d4f77074 [0x00000198d4f76420+0x0000000000000c54]
J 786 c1 java.net.URLClassLoader$1.run()Ljava/lang/Object; java.base@17.0.14 (5 bytes) @ 0x00000198d4f75f44 [0x00000198d4f75ec0+0x0000000000000084]
J 640 c1 java.security.AccessController.doPrivileged(Ljava/security/PrivilegedExceptionAction;Ljava/security/AccessControlContext;)Ljava/lang/Object; java.base@17.0.14 (26 bytes) @ 0x00000198d4f2a6fc [0x00000198d4f2a520+0x00000000000001dc]
J 726 c1 java.net.URLClassLoader.findClass(Ljava/lang/String;)Ljava/lang/Class; java.base@17.0.14 (47 bytes) @ 0x00000198d4f56324 [0x00000198d4f56180+0x00000000000001a4]
J 695 c1 java.lang.ClassLoader.loadClass(Ljava/lang/String;Z)Ljava/lang/Class; java.base@17.0.14 (121 bytes) @ 0x00000198d4f48574 [0x00000198d4f47fc0+0x00000000000005b4]
J 700 c1 java.lang.ClassLoader.loadClass(Ljava/lang/String;)Ljava/lang/Class; java.base@17.0.14 (7 bytes) @ 0x00000198d4f4b5cc [0x00000198d4f4b4c0+0x000000000000010c]
v  ~StubRoutines::call_stub
j  org.gradle.cache.internal.DefaultInMemoryCacheDecoratorFactory.applyInMemoryCaching(Ljava/lang/String;Lorg/gradle/cache/internal/MultiProcessSafeAsyncPersistentIndexedCache;IZ)Lorg/gradle/cache/internal/MultiProcessSafeAsyncPersistentIndexedCache;+44
j  org.gradle.cache.internal.CleaningInMemoryCacheDecoratorFactory.applyInMemoryCaching(Ljava/lang/String;Lorg/gradle/cache/internal/MultiProcessSafeAsyncPersistentIndexedCache;IZ)Lorg/gradle/cache/internal/MultiProcessSafeAsyncPersistentIndexedCache;+6
j  org.gradle.cache.internal.DefaultInMemoryCacheDecoratorFactory$InMemoryCacheDecorator.decorate(Ljava/lang/String;Ljava/lang/String;Lorg/gradle/cache/MultiProcessSafeIndexedCache;Lorg/gradle/cache/CrossProcessCacheAccess;Lorg/gradle/cache/AsyncCacheAccess;)Lorg/gradle/cache/MultiProcessSafeIndexedCache;+27
j  org.gradle.cache.internal.DefaultCacheCoordinator.newCache(Lorg/gradle/cache/IndexedCacheParameters;)Lorg/gradle/cache/MultiProcessSafeIndexedCache;+124
j  org.gradle.cache.internal.DefaultPersistentDirectoryStore.createIndexedCache(Lorg/gradle/cache/IndexedCacheParameters;)Lorg/gradle/cache/IndexedCache;+5
j  org.gradle.cache.internal.DefaultCacheFactory$ReferenceTrackingCache.createIndexedCache(Lorg/gradle/cache/IndexedCacheParameters;)Lorg/gradle/cache/IndexedCache;+8
j  org.gradle.api.internal.changedetection.state.DefaultFileAccessTimeJournal.<init>(Lorg/gradle/cache/scopes/GlobalScopedCacheBuilderFactory;Lorg/gradle/cache/internal/InMemoryCacheDecoratorFactory;)V+76
j  org.gradle.internal.service.scopes.GradleUserHomeScopeServices.createFileAccessTimeJournal(Lorg/gradle/cache/scopes/GlobalScopedCacheBuilderFactory;Lorg/gradle/cache/internal/InMemoryCacheDecoratorFactory;)Lorg/gradle/internal/file/FileAccessTimeJournal;+6
v  ~StubRoutines::call_stub
J 2209  jdk.internal.reflect.NativeMethodAccessorImpl.invoke0(Ljava/lang/reflect/Method;Ljava/lang/Object;[Ljava/lang/Object;)Ljava/lang/Object; java.base@17.0.14 (0 bytes) @ 0x00000198dca185a7 [0x00000198dca18520+0x0000000000000087]
j  jdk.internal.reflect.NativeMethodAccessorImpl.invoke(Ljava/lang/Object;[Ljava/lang/Object;)Ljava/lang/Object;+133 java.base@17.0.14
J 1984 c1 jdk.internal.reflect.DelegatingMethodAccessorImpl.invoke(Ljava/lang/Object;[Ljava/lang/Object;)Ljava/lang/Object; java.base@17.0.14 (10 bytes) @ 0x00000198d521224c [0x00000198d5212140+0x000000000000010c]
J 1983 c1 java.lang.reflect.Method.invoke(Ljava/lang/Object;[Ljava/lang/Object;)Ljava/lang/Object; java.base@17.0.14 (65 bytes) @ 0x00000198d5211cc4 [0x00000198d5211980+0x0000000000000344]
j  org.gradle.internal.reflect.JavaMethod.invoke(Ljava/lang/Object;[Ljava/lang/Object;)Ljava/lang/Object;+6
j  org.gradle.internal.service.ReflectionBasedServiceMethod.invoke(Ljava/lang/Object;[Ljava/lang/Object;)Ljava/lang/Object;+6
j  org.gradle.internal.service.DefaultServiceRegistry$FactoryMethodService.invokeMethod([Ljava/lang/Object;)Ljava/lang/Object;+9
j  org.gradle.internal.service.DefaultServiceRegistry$FactoryService.createServiceInstance()Ljava/lang/Object;+7
j  org.gradle.internal.service.DefaultServiceRegistry$ManagedObjectServiceProvider.getInstance()Ljava/lang/Object;+24
j  org.gradle.internal.service.DefaultServiceRegistry$SingletonService.get()Ljava/lang/Object;+1
j  org.gradle.internal.service.DefaultServiceRegistry$FactoryService.assembleParameters()[Ljava/lang/Object;+44
j  org.gradle.internal.service.DefaultServiceRegistry$FactoryService.createServiceInstance()Ljava/lang/Object;+1
j  org.gradle.internal.service.DefaultServiceRegistry$ManagedObjectServiceProvider.getInstance()Ljava/lang/Object;+24
j  org.gradle.internal.service.DefaultServiceRegistry$SingletonService.get()Ljava/lang/Object;+1
j  org.gradle.internal.service.DefaultServiceRegistry$FactoryService.assembleParameters()[Ljava/lang/Object;+44
j  org.gradle.internal.service.DefaultServiceRegistry$FactoryService.createServiceInstance()Ljava/lang/Object;+1
j  org.gradle.internal.service.DefaultServiceRegistry$ManagedObjectServiceProvider.getInstance()Ljava/lang/Object;+24
j  org.gradle.internal.service.DefaultServiceRegistry$SingletonService.get()Ljava/lang/Object;+1
j  org.gradle.internal.service.DefaultServiceRegistry.getCollectionService(Ljava/lang/Class;Lorg/gradle/internal/service/ServiceProvider;)Lorg/gradle/internal/service/Service;+76
j  org.gradle.internal.service.DefaultServiceRegistry.getCollectionService(Ljava/lang/reflect/Type;Lorg/gradle/internal/service/ServiceProvider;)Lorg/gradle/internal/service/Service;+14
j  org.gradle.internal.service.DefaultServiceRegistry.find(Ljava/lang/reflect/Type;Lorg/gradle/internal/service/ServiceProvider;)Lorg/gradle/internal/service/Service;+77
j  org.gradle.internal.service.DefaultServiceRegistry.access$1600(Ljava/lang/reflect/Type;Lorg/gradle/internal/service/ServiceProvider;)Lorg/gradle/internal/service/Service;+2
j  org.gradle.internal.service.DefaultServiceRegistry$FactoryService.bind()V+143
j  org.gradle.internal.service.DefaultServiceRegistry$SingletonService.prepare()Lorg/gradle/internal/service/Service;+79
j  org.gradle.internal.service.DefaultServiceRegistry$SingletonService.getService(Ljava/lang/reflect/Type;)Lorg/gradle/internal/service/Service;+14
j  org.gradle.internal.service.DefaultServiceRegistry$OwnServices.getService(Ljava/lang/reflect/Type;)Lorg/gradle/internal/service/Service;+41
j  org.gradle.internal.service.DefaultServiceRegistry$CompositeServiceProvider.getService(Ljava/lang/reflect/Type;)Lorg/gradle/internal/service/Service;+26
j  org.gradle.internal.service.DefaultServiceRegistry.find(Ljava/lang/reflect/Type;Lorg/gradle/internal/service/ServiceProvider;)Lorg/gradle/internal/service/Service;+112
j  org.gradle.internal.service.DefaultServiceRegistry.access$1600(Ljava/lang/reflect/Type;Lorg/gradle/internal/service/ServiceProvider;)Lorg/gradle/internal/service/Service;+2
j  org.gradle.internal.service.DefaultServiceRegistry$FactoryService.bind()V+143
j  org.gradle.internal.service.DefaultServiceRegistry$SingletonService.prepare()Lorg/gradle/internal/service/Service;+79
j  org.gradle.internal.service.DefaultServiceRegistry$SingletonService.getService(Ljava/lang/reflect/Type;)Lorg/gradle/internal/service/Service;+14
j  org.gradle.internal.service.DefaultServiceRegistry$OwnServices.getService(Ljava/lang/reflect/Type;)Lorg/gradle/internal/service/Service;+41
j  org.gradle.internal.service.DefaultServiceRegistry$CompositeServiceProvider.getService(Ljava/lang/reflect/Type;)Lorg/gradle/internal/service/Service;+26
j  org.gradle.internal.service.DefaultServiceRegistry$ParentServices.getService(Ljava/lang/reflect/Type;)Lorg/gradle/internal/service/Service;+5
j  org.gradle.internal.service.DefaultServiceRegistry$CompositeServiceProvider.getService(Ljava/lang/reflect/Type;)Lorg/gradle/internal/service/Service;+26
j  org.gradle.internal.service.DefaultServiceRegistry$CompositeServiceProvider.getService(Ljava/lang/reflect/Type;)Lorg/gradle/internal/service/Service;+26
j  org.gradle.internal.service.DefaultServiceRegistry.find(Ljava/lang/reflect/Type;Lorg/gradle/internal/service/ServiceProvider;)Lorg/gradle/internal/service/Service;+112
j  org.gradle.internal.service.DefaultServiceRegistry.access$1600(Ljava/lang/reflect/Type;Lorg/gradle/internal/service/ServiceProvider;)Lorg/gradle/internal/service/Service;+2
j  org.gradle.internal.service.DefaultServiceRegistry$FactoryService.bind()V+143
j  org.gradle.internal.service.DefaultServiceRegistry$SingletonService.prepare()Lorg/gradle/internal/service/Service;+79
j  org.gradle.internal.service.DefaultServiceRegistry$SingletonService.getService(Ljava/lang/reflect/Type;)Lorg/gradle/internal/service/Service;+14
j  org.gradle.internal.service.DefaultServiceRegistry$OwnServices.getService(Ljava/lang/reflect/Type;)Lorg/gradle/internal/service/Service;+41
j  org.gradle.internal.service.DefaultServiceRegistry$CompositeServiceProvider.getService(Ljava/lang/reflect/Type;)Lorg/gradle/internal/service/Service;+26
j  org.gradle.internal.service.DefaultServiceRegistry.find(Ljava/lang/reflect/Type;Lorg/gradle/internal/service/ServiceProvider;)Lorg/gradle/internal/service/Service;+112
j  org.gradle.internal.service.DefaultServiceRegistry.getService(Ljava/lang/reflect/Type;)Lorg/gradle/internal/service/Service;+9
j  org.gradle.internal.service.DefaultServiceRegistry.find(Ljava/lang/reflect/Type;)Ljava/lang/Object;+9
j  org.gradle.internal.service.DefaultServiceRegistry.get(Ljava/lang/reflect/Type;)Ljava/lang/Object;+2
j  org.gradle.internal.service.DefaultServiceRegistry.get(Ljava/lang/Class;)Ljava/lang/Object;+3
j  org.gradle.internal.session.DefaultBuildSessionContext.execute(Lorg/gradle/internal/invocation/BuildAction;)Lorg/gradle/internal/buildtree/BuildActionRunner$Result;+54
j  org.gradle.tooling.internal.provider.BuildSessionLifecycleBuildActionExecuter$ActionImpl.apply(Lorg/gradle/internal/session/BuildSessionContext;)Lorg/gradle/launcher/exec/BuildActionResult;+6
j  org.gradle.tooling.internal.provider.BuildSessionLifecycleBuildActionExecuter$ActionImpl.apply(Ljava/lang/Object;)Ljava/lang/Object;+5
j  org.gradle.internal.session.BuildSessionState.run(Ljava/util/function/Function;)Ljava/lang/Object;+5
j  org.gradle.tooling.internal.provider.BuildSessionLifecycleBuildActionExecuter.execute(Lorg/gradle/internal/invocation/BuildAction;Lorg/gradle/launcher/exec/BuildActionParameters;Lorg/gradle/initialization/BuildRequestContext;)Lorg/gradle/launcher/exec/BuildActionResult;+95
j  org.gradle.tooling.internal.provider.BuildSessionLifecycleBuildActionExecuter.execute(Lorg/gradle/internal/invocation/BuildAction;Ljava/lang/Object;Ljava/lang/Object;)Lorg/gradle/launcher/exec/BuildActionResult;+10
j  org.gradle.tooling.internal.provider.StartParamsValidatingActionExecuter.execute(Lorg/gradle/internal/invocation/BuildAction;Lorg/gradle/launcher/exec/BuildActionParameters;Lorg/gradle/initialization/BuildRequestContext;)Lorg/gradle/launcher/exec/BuildActionResult;+203
j  org.gradle.tooling.internal.provider.StartParamsValidatingActionExecuter.execute(Lorg/gradle/internal/invocation/BuildAction;Ljava/lang/Object;Ljava/lang/Object;)Lorg/gradle/launcher/exec/BuildActionResult;+10
j  org.gradle.tooling.internal.provider.SessionFailureReportingActionExecuter.execute(Lorg/gradle/internal/invocation/BuildAction;Lorg/gradle/launcher/exec/BuildActionParameters;Lorg/gradle/initialization/BuildRequestContext;)Lorg/gradle/launcher/exec/BuildActionResult;+7
j  org.gradle.tooling.internal.provider.SessionFailureReportingActionExecuter.execute(Lorg/gradle/internal/invocation/BuildAction;Ljava/lang/Object;Ljava/lang/Object;)Lorg/gradle/launcher/exec/BuildActionResult;+10
j  org.gradle.tooling.internal.provider.SetupLoggingActionExecuter.execute(Lorg/gradle/internal/invocation/BuildAction;Lorg/gradle/launcher/exec/BuildActionParameters;Lorg/gradle/initialization/BuildRequestContext;)Lorg/gradle/launcher/exec/BuildActionResult;+50
j  org.gradle.tooling.internal.provider.SetupLoggingActionExecuter.execute(Lorg/gradle/internal/invocation/BuildAction;Ljava/lang/Object;Ljava/lang/Object;)Lorg/gradle/launcher/exec/BuildActionResult;+10
j  org.gradle.launcher.daemon.server.exec.ExecuteBuild.doBuild(Lorg/gradle/launcher/daemon/server/api/DaemonCommandExecution;Lorg/gradle/launcher/daemon/protocol/Build;)V+117
j  org.gradle.launcher.daemon.server.exec.BuildCommandOnly.execute(Lorg/gradle/launcher/daemon/server/api/DaemonCommandExecution;)V+49
j  org.gradle.launcher.daemon.server.api.DaemonCommandExecution.proceed()Z+23
j  org.gradle.launcher.daemon.server.exec.WatchForDisconnection.execute(Lorg/gradle/launcher/daemon/server/api/DaemonCommandExecution;)V+19
j  org.gradle.launcher.daemon.server.api.DaemonCommandExecution.proceed()Z+23
j  org.gradle.launcher.daemon.server.exec.ResetDeprecationLogger.execute(Lorg/gradle/launcher/daemon/server/api/DaemonCommandExecution;)V+7
j  org.gradle.launcher.daemon.server.api.DaemonCommandExecution.proceed()Z+23
j  org.gradle.launcher.daemon.server.exec.RequestStopIfSingleUsedDaemon.execute(Lorg/gradle/launcher/daemon/server/api/DaemonCommandExecution;)V+33
j  org.gradle.launcher.daemon.server.api.DaemonCommandExecution.proceed()Z+23
j  org.gradle.launcher.daemon.server.exec.ForwardClientInput$2.create()Ljava/lang/Void;+4
j  org.gradle.launcher.daemon.server.exec.ForwardClientInput$2.create()Ljava/lang/Object;+1
j  org.gradle.util.internal.Swapper.swap(Ljava/lang/Object;Lorg/gradle/internal/Factory;)Ljava/lang/Object;+21
j  org.gradle.launcher.daemon.server.exec.ForwardClientInput.execute(Lorg/gradle/launcher/daemon/server/api/DaemonCommandExecution;)V+63
j  org.gradle.launcher.daemon.server.api.DaemonCommandExecution.proceed()Z+23
j  org.gradle.launcher.daemon.server.exec.LogAndCheckHealth.execute(Lorg/gradle/launcher/daemon/server/api/DaemonCommandExecution;)V+51
j  org.gradle.launcher.daemon.server.api.DaemonCommandExecution.proceed()Z+23
j  org.gradle.launcher.daemon.server.exec.LogToClient.doBuild(Lorg/gradle/launcher/daemon/server/api/DaemonCommandExecution;Lorg/gradle/launcher/daemon/protocol/Build;)V+87
j  org.gradle.launcher.daemon.server.exec.BuildCommandOnly.execute(Lorg/gradle/launcher/daemon/server/api/DaemonCommandExecution;)V+49
j  org.gradle.launcher.daemon.server.api.DaemonCommandExecution.proceed()Z+23
j  org.gradle.launcher.daemon.server.exec.EstablishBuildEnvironment.doBuild(Lorg/gradle/launcher/daemon/server/api/DaemonCommandExecution;Lorg/gradle/launcher/daemon/protocol/Build;)V+356
j  org.gradle.launcher.daemon.server.exec.BuildCommandOnly.execute(Lorg/gradle/launcher/daemon/server/api/DaemonCommandExecution;)V+49
j  org.gradle.launcher.daemon.server.api.DaemonCommandExecution.proceed()Z+23
j  org.gradle.launcher.daemon.server.exec.StartBuildOrRespondWithBusy$1.run()V+44
j  org.gradle.launcher.daemon.server.DaemonStateCoordinator$1.run()V+4
j  org.gradle.internal.concurrent.ExecutorPolicy$CatchAndRecordFailures.onExecute(Ljava/lang/Runnable;)V+1
j  org.gradle.internal.concurrent.AbstractManagedExecutor$1.run()V+25
j  java.util.concurrent.ThreadPoolExecutor.runWorker(Ljava/util/concurrent/ThreadPoolExecutor$Worker;)V+92 java.base@17.0.14
j  java.util.concurrent.ThreadPoolExecutor$Worker.run()V+5 java.base@17.0.14
j  java.lang.Thread.run()V+11 java.base@17.0.14
v  ~StubRoutines::call_stub

---------------  P R O C E S S  ---------------

Threads class SMR info:
_java_thread_list=0x00000198f6754150, length=23, elements={
0x00000198cd54d900, 0x00000198efb18ef0, 0x00000198efb19c80, 0x00000198efb2d300,
0x00000198efb2ede0, 0x00000198efb316c0, 0x00000198efb31f90, 0x00000198efb32c40,
0x00000198efb33600, 0x00000198f4040000, 0x00000198efb044f0, 0x00000198f41ce800,
0x00000198f57ee450, 0x00000198f5605da0, 0x00000198f4ce1ff0, 0x00000198f5a34c00,
0x00000198f5a350e0, 0x00000198f4d01e70, 0x00000198f4d02890, 0x00000198f4d04c00,
0x00000198f4d02da0, 0x00000198f4d03cd0, 0x00000198f4d041e0
}

Java Threads: ( => current thread )
  0x00000198cd54d900 JavaThread "main" [_thread_blocked, id=5968, stack(0x0000007dd4700000,0x0000007dd4800000)]
  0x00000198efb18ef0 JavaThread "Reference Handler" daemon [_thread_blocked, id=7592, stack(0x0000007dd4e00000,0x0000007dd4f00000)]
  0x00000198efb19c80 JavaThread "Finalizer" daemon [_thread_blocked, id=14456, stack(0x0000007dd4f00000,0x0000007dd5000000)]
  0x00000198efb2d300 JavaThread "Signal Dispatcher" daemon [_thread_blocked, id=2484, stack(0x0000007dd5000000,0x0000007dd5100000)]
  0x00000198efb2ede0 JavaThread "Attach Listener" daemon [_thread_blocked, id=6772, stack(0x0000007dd5100000,0x0000007dd5200000)]
  0x00000198efb316c0 JavaThread "Service Thread" daemon [_thread_blocked, id=9532, stack(0x0000007dd5200000,0x0000007dd5300000)]
  0x00000198efb31f90 JavaThread "Monitor Deflation Thread" daemon [_thread_blocked, id=7628, stack(0x0000007dd5300000,0x0000007dd5400000)]
  0x00000198efb32c40 JavaThread "C2 CompilerThread0" daemon [_thread_blocked, id=13352, stack(0x0000007dd5400000,0x0000007dd5500000)]
  0x00000198efb33600 JavaThread "C1 CompilerThread0" daemon [_thread_blocked, id=10284, stack(0x0000007dd5500000,0x0000007dd5600000)]
  0x00000198f4040000 JavaThread "Sweeper thread" daemon [_thread_blocked, id=9096, stack(0x0000007dd5600000,0x0000007dd5700000)]
  0x00000198efb044f0 JavaThread "Common-Cleaner" daemon [_thread_blocked, id=14356, stack(0x0000007dd5700000,0x0000007dd5800000)]
  0x00000198f41ce800 JavaThread "Notification Thread" daemon [_thread_blocked, id=13844, stack(0x0000007dd5800000,0x0000007dd5900000)]
  0x00000198f57ee450 JavaThread "Daemon health stats" [_thread_blocked, id=13076, stack(0x0000007dd5e00000,0x0000007dd5f00000)]
  0x00000198f5605da0 JavaThread "Incoming local TCP Connector on port 65185" [_thread_in_native, id=11520, stack(0x0000007dd5a00000,0x0000007dd5b00000)]
  0x00000198f4ce1ff0 JavaThread "Daemon periodic checks" [_thread_blocked, id=10456, stack(0x0000007dd5f00000,0x0000007dd6000000)]
  0x00000198f5a34c00 JavaThread "Daemon" [_thread_blocked, id=11384, stack(0x0000007dd6000000,0x0000007dd6100000)]
  0x00000198f5a350e0 JavaThread "Handler for socket connection from /127.0.0.1:65185 to /127.0.0.1:65186" [_thread_in_native, id=4744, stack(0x0000007dd6100000,0x0000007dd6200000)]
  0x00000198f4d01e70 JavaThread "Cancel handler" [_thread_blocked, id=14068, stack(0x0000007dd6200000,0x0000007dd6300000)]
=>0x00000198f4d02890 JavaThread "Daemon worker" [_thread_in_vm, id=11260, stack(0x0000007dd6300000,0x0000007dd6400000)]
  0x00000198f4d04c00 JavaThread "Asynchronous log dispatcher for DefaultDaemonConnection: socket connection from /127.0.0.1:65185 to /127.0.0.1:65186" [_thread_blocked, id=9500, stack(0x0000007dd6500000,0x0000007dd6600000)]
  0x00000198f4d02da0 JavaThread "Stdin handler" [_thread_blocked, id=6956, stack(0x0000007dd6600000,0x0000007dd6700000)]
  0x00000198f4d03cd0 JavaThread "Daemon client event forwarder" [_thread_blocked, id=12336, stack(0x0000007dd6700000,0x0000007dd6800000)]
  0x00000198f4d041e0 JavaThread "Cache worker for journal cache (C:\Users\Ozarkpepi\.gradle\caches\journal-1)" [_thread_in_vm, id=13252, stack(0x0000007dd6400000,0x0000007dd6500000)]

Other Threads:
  0x00000198efb14c40 VMThread "VM Thread" [stack: 0x0000007dd4d00000,0x0000007dd4e00000] [id=3764]
  0x00000198f41cece0 WatcherThread [stack: 0x0000007dd5900000,0x0000007dd5a00000] [id=1072]
  0x00000198cd5ba930 GCTaskThread "GC Thread#0" [stack: 0x0000007dd4800000,0x0000007dd4900000] [id=10004]
  0x00000198f4392ee0 GCTaskThread "GC Thread#1" [stack: 0x0000007dd5b00000,0x0000007dd5c00000] [id=5900]
  0x00000198f4393460 GCTaskThread "GC Thread#2" [stack: 0x0000007dd5c00000,0x0000007dd5d00000] [id=10080]
  0x00000198f43923e0 GCTaskThread "GC Thread#3" [stack: 0x0000007dd5d00000,0x0000007dd5e00000] [id=3804]
  0x00000198cb3fdfa0 ConcurrentGCThread "G1 Main Marker" [stack: 0x0000007dd4900000,0x0000007dd4a00000] [id=7476]
  0x00000198cb3fe8c0 ConcurrentGCThread "G1 Conc#0" [stack: 0x0000007dd4a00000,0x0000007dd4b00000] [id=3636]
  0x00000198ef9e30e0 ConcurrentGCThread "G1 Refine#0" [stack: 0x0000007dd4b00000,0x0000007dd4c00000] [id=8052]
  0x00000198ef9e3a20 ConcurrentGCThread "G1 Service" [stack: 0x0000007dd4c00000,0x0000007dd4d00000] [id=11484]

Threads with active compile tasks:

VM state: not at safepoint (normal execution)

VM Mutex/Monitor currently owned by a thread:  ([mutex/lock_event])
[0x00000198cd548000] Metaspace_lock - owner thread: 0x00000198f4d02890

Heap address: 0x0000000700000000, size: 4096 MB, Compressed Oops mode: Zero based, Oop shift amount: 3

CDS archive(s) mapped at: [0x0000019880000000-0x0000019880bd0000-0x0000019880bd0000), size 12386304, SharedBaseAddress: 0x0000019880000000, ArchiveRelocationMode: 1.
Compressed class space mapped at: 0x0000019881000000-0x00000198c1000000, reserved size: 1073741824
Narrow klass base: 0x0000019880000000, Narrow klass shift: 0, Narrow klass range: 0x100000000

GC Precious Log:
 CPUs: 4 total, 4 available
 Memory: 16329M
 Large Page Support: Disabled
 NUMA Support: Disabled
 Compressed Oops: Enabled (Zero based)
 Heap Region Size: 2M
 Heap Min Capacity: 8M
 Heap Initial Capacity: 256M
 Heap Max Capacity: 4G
 Pre-touch: Disabled
 Parallel Workers: 4
 Concurrent Workers: 1
 Concurrent Refinement Workers: 4
 Periodic GC: Disabled

Heap:
 garbage-first heap   total 262144K, used 72873K [0x0000000700000000, 0x0000000800000000)
  region size 2048K, 33 young (67584K), 2 survivors (4096K)
 Metaspace       used 13680K, committed 13952K, reserved 1114112K
  class space    used 1902K, committed 2048K, reserved 1048576K

Heap Regions: E=young(eden), S=young(survivor), O=old, HS=humongous(starts), HC=humongous(continues), CS=collection set, F=free, OA=open archive, CA=closed archive, TAMS=top-at-mark-start (previous, next)
|   0|0x0000000700000000, 0x0000000700200000, 0x0000000700200000|100%| O|  |TAMS 0x0000000700000000, 0x0000000700000000| Untracked 
|   1|0x0000000700200000, 0x0000000700400000, 0x0000000700400000|100%|HS|  |TAMS 0x0000000700200000, 0x0000000700200000| Complete 
|   2|0x0000000700400000, 0x0000000700600000, 0x0000000700600000|100%|HC|  |TAMS 0x0000000700400000, 0x0000000700400000| Complete 
|   3|0x0000000700600000, 0x0000000700800000, 0x0000000700800000|100%| O|  |TAMS 0x0000000700600000, 0x0000000700600000| Untracked 
|   4|0x0000000700800000, 0x00000007008a8800, 0x0000000700a00000| 32%| O|  |TAMS 0x0000000700800000, 0x0000000700800000| Untracked 
|   5|0x0000000700a00000, 0x0000000700a00000, 0x0000000700c00000|  0%| F|  |TAMS 0x0000000700a00000, 0x0000000700a00000| Untracked 
|   6|0x0000000700c00000, 0x0000000700c00000, 0x0000000700e00000|  0%| F|  |TAMS 0x0000000700c00000, 0x0000000700c00000| Untracked 
|   7|0x0000000700e00000, 0x0000000700e00000, 0x0000000701000000|  0%| F|  |TAMS 0x0000000700e00000, 0x0000000700e00000| Untracked 
|   8|0x0000000701000000, 0x0000000701000000, 0x0000000701200000|  0%| F|  |TAMS 0x0000000701000000, 0x0000000701000000| Untracked 
|   9|0x0000000701200000, 0x0000000701200000, 0x0000000701400000|  0%| F|  |TAMS 0x0000000701200000, 0x0000000701200000| Untracked 
|  10|0x0000000701400000, 0x0000000701400000, 0x0000000701600000|  0%| F|  |TAMS 0x0000000701400000, 0x0000000701400000| Untracked 
|  11|0x0000000701600000, 0x0000000701600000, 0x0000000701800000|  0%| F|  |TAMS 0x0000000701600000, 0x0000000701600000| Untracked 
|  12|0x0000000701800000, 0x0000000701800000, 0x0000000701a00000|  0%| F|  |TAMS 0x0000000701800000, 0x0000000701800000| Untracked 
|  13|0x0000000701a00000, 0x0000000701a00000, 0x0000000701c00000|  0%| F|  |TAMS 0x0000000701a00000, 0x0000000701a00000| Untracked 
|  14|0x0000000701c00000, 0x0000000701c00000, 0x0000000701e00000|  0%| F|  |TAMS 0x0000000701c00000, 0x0000000701c00000| Untracked 
|  15|0x0000000701e00000, 0x0000000701e00000, 0x0000000702000000|  0%| F|  |TAMS 0x0000000701e00000, 0x0000000701e00000| Untracked 
|  16|0x0000000702000000, 0x0000000702000000, 0x0000000702200000|  0%| F|  |TAMS 0x0000000702000000, 0x0000000702000000| Untracked 
|  17|0x0000000702200000, 0x0000000702200000, 0x0000000702400000|  0%| F|  |TAMS 0x0000000702200000, 0x0000000702200000| Untracked 
|  18|0x0000000702400000, 0x0000000702400000, 0x0000000702600000|  0%| F|  |TAMS 0x0000000702400000, 0x0000000702400000| Untracked 
|  19|0x0000000702600000, 0x0000000702600000, 0x0000000702800000|  0%| F|  |TAMS 0x0000000702600000, 0x0000000702600000| Untracked 
|  20|0x0000000702800000, 0x0000000702800000, 0x0000000702a00000|  0%| F|  |TAMS 0x0000000702800000, 0x0000000702800000| Untracked 
|  21|0x0000000702a00000, 0x0000000702a00000, 0x0000000702c00000|  0%| F|  |TAMS 0x0000000702a00000, 0x0000000702a00000| Untracked 
|  22|0x0000000702c00000, 0x0000000702c00000, 0x0000000702e00000|  0%| F|  |TAMS 0x0000000702c00000, 0x0000000702c00000| Untracked 
|  23|0x0000000702e00000, 0x0000000702e00000, 0x0000000703000000|  0%| F|  |TAMS 0x0000000702e00000, 0x0000000702e00000| Untracked 
|  24|0x0000000703000000, 0x0000000703000000, 0x0000000703200000|  0%| F|  |TAMS 0x0000000703000000, 0x0000000703000000| Untracked 
|  25|0x0000000703200000, 0x0000000703200000, 0x0000000703400000|  0%| F|  |TAMS 0x0000000703200000, 0x0000000703200000| Untracked 
|  26|0x0000000703400000, 0x0000000703400000, 0x0000000703600000|  0%| F|  |TAMS 0x0000000703400000, 0x0000000703400000| Untracked 
|  27|0x0000000703600000, 0x0000000703600000, 0x0000000703800000|  0%| F|  |TAMS 0x0000000703600000, 0x0000000703600000| Untracked 
|  28|0x0000000703800000, 0x0000000703800000, 0x0000000703a00000|  0%| F|  |TAMS 0x0000000703800000, 0x0000000703800000| Untracked 
|  29|0x0000000703a00000, 0x0000000703a00000, 0x0000000703c00000|  0%| F|  |TAMS 0x0000000703a00000, 0x0000000703a00000| Untracked 
|  30|0x0000000703c00000, 0x0000000703c00000, 0x0000000703e00000|  0%| F|  |TAMS 0x0000000703c00000, 0x0000000703c00000| Untracked 
|  31|0x0000000703e00000, 0x0000000703e00000, 0x0000000704000000|  0%| F|  |TAMS 0x0000000703e00000, 0x0000000703e00000| Untracked 
|  32|0x0000000704000000, 0x0000000704000000, 0x0000000704200000|  0%| F|  |TAMS 0x0000000704000000, 0x0000000704000000| Untracked 
|  33|0x0000000704200000, 0x0000000704200000, 0x0000000704400000|  0%| F|  |TAMS 0x0000000704200000, 0x0000000704200000| Untracked 
|  34|0x0000000704400000, 0x0000000704400000, 0x0000000704600000|  0%| F|  |TAMS 0x0000000704400000, 0x0000000704400000| Untracked 
|  35|0x0000000704600000, 0x0000000704600000, 0x0000000704800000|  0%| F|  |TAMS 0x0000000704600000, 0x0000000704600000| Untracked 
|  36|0x0000000704800000, 0x0000000704800000, 0x0000000704a00000|  0%| F|  |TAMS 0x0000000704800000, 0x0000000704800000| Untracked 
|  37|0x0000000704a00000, 0x0000000704a00000, 0x0000000704c00000|  0%| F|  |TAMS 0x0000000704a00000, 0x0000000704a00000| Untracked 
|  38|0x0000000704c00000, 0x0000000704c00000, 0x0000000704e00000|  0%| F|  |TAMS 0x0000000704c00000, 0x0000000704c00000| Untracked 
|  39|0x0000000704e00000, 0x0000000704e00000, 0x0000000705000000|  0%| F|  |TAMS 0x0000000704e00000, 0x0000000704e00000| Untracked 
|  40|0x0000000705000000, 0x0000000705000000, 0x0000000705200000|  0%| F|  |TAMS 0x0000000705000000, 0x0000000705000000| Untracked 
|  41|0x0000000705200000, 0x0000000705200000, 0x0000000705400000|  0%| F|  |TAMS 0x0000000705200000, 0x0000000705200000| Untracked 
|  42|0x0000000705400000, 0x0000000705400000, 0x0000000705600000|  0%| F|  |TAMS 0x0000000705400000, 0x0000000705400000| Untracked 
|  43|0x0000000705600000, 0x0000000705600000, 0x0000000705800000|  0%| F|  |TAMS 0x0000000705600000, 0x0000000705600000| Untracked 
|  44|0x0000000705800000, 0x0000000705800000, 0x0000000705a00000|  0%| F|  |TAMS 0x0000000705800000, 0x0000000705800000| Untracked 
|  45|0x0000000705a00000, 0x0000000705a00000, 0x0000000705c00000|  0%| F|  |TAMS 0x0000000705a00000, 0x0000000705a00000| Untracked 
|  46|0x0000000705c00000, 0x0000000705c00000, 0x0000000705e00000|  0%| F|  |TAMS 0x0000000705c00000, 0x0000000705c00000| Untracked 
|  47|0x0000000705e00000, 0x0000000705e00000, 0x0000000706000000|  0%| F|  |TAMS 0x0000000705e00000, 0x0000000705e00000| Untracked 
|  48|0x0000000706000000, 0x0000000706000000, 0x0000000706200000|  0%| F|  |TAMS 0x0000000706000000, 0x0000000706000000| Untracked 
|  49|0x0000000706200000, 0x0000000706200000, 0x0000000706400000|  0%| F|  |TAMS 0x0000000706200000, 0x0000000706200000| Untracked 
|  50|0x0000000706400000, 0x0000000706400000, 0x0000000706600000|  0%| F|  |TAMS 0x0000000706400000, 0x0000000706400000| Untracked 
|  51|0x0000000706600000, 0x0000000706600000, 0x0000000706800000|  0%| F|  |TAMS 0x0000000706600000, 0x0000000706600000| Untracked 
|  52|0x0000000706800000, 0x0000000706800000, 0x0000000706a00000|  0%| F|  |TAMS 0x0000000706800000, 0x0000000706800000| Untracked 
|  53|0x0000000706a00000, 0x0000000706a00000, 0x0000000706c00000|  0%| F|  |TAMS 0x0000000706a00000, 0x0000000706a00000| Untracked 
|  54|0x0000000706c00000, 0x0000000706c00000, 0x0000000706e00000|  0%| F|  |TAMS 0x0000000706c00000, 0x0000000706c00000| Untracked 
|  55|0x0000000706e00000, 0x0000000706e00000, 0x0000000707000000|  0%| F|  |TAMS 0x0000000706e00000, 0x0000000706e00000| Untracked 
|  56|0x0000000707000000, 0x0000000707000000, 0x0000000707200000|  0%| F|  |TAMS 0x0000000707000000, 0x0000000707000000| Untracked 
|  57|0x0000000707200000, 0x0000000707200000, 0x0000000707400000|  0%| F|  |TAMS 0x0000000707200000, 0x0000000707200000| Untracked 
|  58|0x0000000707400000, 0x0000000707400000, 0x0000000707600000|  0%| F|  |TAMS 0x0000000707400000, 0x0000000707400000| Untracked 
|  59|0x0000000707600000, 0x0000000707600000, 0x0000000707800000|  0%| F|  |TAMS 0x0000000707600000, 0x0000000707600000| Untracked 
|  60|0x0000000707800000, 0x0000000707800000, 0x0000000707a00000|  0%| F|  |TAMS 0x0000000707800000, 0x0000000707800000| Untracked 
|  61|0x0000000707a00000, 0x0000000707a00000, 0x0000000707c00000|  0%| F|  |TAMS 0x0000000707a00000, 0x0000000707a00000| Untracked 
|  62|0x0000000707c00000, 0x0000000707c00000, 0x0000000707e00000|  0%| F|  |TAMS 0x0000000707c00000, 0x0000000707c00000| Untracked 
|  63|0x0000000707e00000, 0x0000000707e00000, 0x0000000708000000|  0%| F|  |TAMS 0x0000000707e00000, 0x0000000707e00000| Untracked 
|  64|0x0000000708000000, 0x0000000708000000, 0x0000000708200000|  0%| F|  |TAMS 0x0000000708000000, 0x0000000708000000| Untracked 
|  65|0x0000000708200000, 0x0000000708200000, 0x0000000708400000|  0%| F|  |TAMS 0x0000000708200000, 0x0000000708200000| Untracked 
|  66|0x0000000708400000, 0x0000000708400000, 0x0000000708600000|  0%| F|  |TAMS 0x0000000708400000, 0x0000000708400000| Untracked 
|  67|0x0000000708600000, 0x0000000708600000, 0x0000000708800000|  0%| F|  |TAMS 0x0000000708600000, 0x0000000708600000| Untracked 
|  68|0x0000000708800000, 0x0000000708800000, 0x0000000708a00000|  0%| F|  |TAMS 0x0000000708800000, 0x0000000708800000| Untracked 
|  69|0x0000000708a00000, 0x0000000708a00000, 0x0000000708c00000|  0%| F|  |TAMS 0x0000000708a00000, 0x0000000708a00000| Untracked 
|  70|0x0000000708c00000, 0x0000000708c00000, 0x0000000708e00000|  0%| F|  |TAMS 0x0000000708c00000, 0x0000000708c00000| Untracked 
|  71|0x0000000708e00000, 0x0000000708e00000, 0x0000000709000000|  0%| F|  |TAMS 0x0000000708e00000, 0x0000000708e00000| Untracked 
|  72|0x0000000709000000, 0x0000000709000000, 0x0000000709200000|  0%| F|  |TAMS 0x0000000709000000, 0x0000000709000000| Untracked 
|  73|0x0000000709200000, 0x0000000709200000, 0x0000000709400000|  0%| F|  |TAMS 0x0000000709200000, 0x0000000709200000| Untracked 
|  74|0x0000000709400000, 0x0000000709400000, 0x0000000709600000|  0%| F|  |TAMS 0x0000000709400000, 0x0000000709400000| Untracked 
|  75|0x0000000709600000, 0x0000000709600000, 0x0000000709800000|  0%| F|  |TAMS 0x0000000709600000, 0x0000000709600000| Untracked 
|  76|0x0000000709800000, 0x0000000709800000, 0x0000000709a00000|  0%| F|  |TAMS 0x0000000709800000, 0x0000000709800000| Untracked 
|  77|0x0000000709a00000, 0x0000000709a00000, 0x0000000709c00000|  0%| F|  |TAMS 0x0000000709a00000, 0x0000000709a00000| Untracked 
|  78|0x0000000709c00000, 0x0000000709c00000, 0x0000000709e00000|  0%| F|  |TAMS 0x0000000709c00000, 0x0000000709c00000| Untracked 
|  79|0x0000000709e00000, 0x0000000709e00000, 0x000000070a000000|  0%| F|  |TAMS 0x0000000709e00000, 0x0000000709e00000| Untracked 
|  80|0x000000070a000000, 0x000000070a000000, 0x000000070a200000|  0%| F|  |TAMS 0x000000070a000000, 0x000000070a000000| Untracked 
|  81|0x000000070a200000, 0x000000070a200000, 0x000000070a400000|  0%| F|  |TAMS 0x000000070a200000, 0x000000070a200000| Untracked 
|  82|0x000000070a400000, 0x000000070a400000, 0x000000070a600000|  0%| F|  |TAMS 0x000000070a400000, 0x000000070a400000| Untracked 
|  83|0x000000070a600000, 0x000000070a600000, 0x000000070a800000|  0%| F|  |TAMS 0x000000070a600000, 0x000000070a600000| Untracked 
|  84|0x000000070a800000, 0x000000070a800000, 0x000000070aa00000|  0%| F|  |TAMS 0x000000070a800000, 0x000000070a800000| Untracked 
|  85|0x000000070aa00000, 0x000000070aa00000, 0x000000070ac00000|  0%| F|  |TAMS 0x000000070aa00000, 0x000000070aa00000| Untracked 
|  86|0x000000070ac00000, 0x000000070ac00000, 0x000000070ae00000|  0%| F|  |TAMS 0x000000070ac00000, 0x000000070ac00000| Untracked 
|  87|0x000000070ae00000, 0x000000070ae00000, 0x000000070b000000|  0%| F|  |TAMS 0x000000070ae00000, 0x000000070ae00000| Untracked 
|  88|0x000000070b000000, 0x000000070b000000, 0x000000070b200000|  0%| F|  |TAMS 0x000000070b000000, 0x000000070b000000| Untracked 
|  89|0x000000070b200000, 0x000000070b200000, 0x000000070b400000|  0%| F|  |TAMS 0x000000070b200000, 0x000000070b200000| Untracked 
|  90|0x000000070b400000, 0x000000070b400000, 0x000000070b600000|  0%| F|  |TAMS 0x000000070b400000, 0x000000070b400000| Untracked 
|  91|0x000000070b600000, 0x000000070b600000, 0x000000070b800000|  0%| F|  |TAMS 0x000000070b600000, 0x000000070b600000| Untracked 
|  92|0x000000070b800000, 0x000000070b800000, 0x000000070ba00000|  0%| F|  |TAMS 0x000000070b800000, 0x000000070b800000| Untracked 
|  93|0x000000070ba00000, 0x000000070ba00000, 0x000000070bc00000|  0%| F|  |TAMS 0x000000070ba00000, 0x000000070ba00000| Untracked 
|  94|0x000000070bc00000, 0x000000070bc00000, 0x000000070be00000|  0%| F|  |TAMS 0x000000070bc00000, 0x000000070bc00000| Untracked 
|  95|0x000000070be00000, 0x000000070be00800, 0x000000070c000000|  0%| E|  |TAMS 0x000000070be00000, 0x000000070be00000| Complete 
|  96|0x000000070c000000, 0x000000070c200000, 0x000000070c200000|100%| E|CS|TAMS 0x000000070c000000, 0x000000070c000000| Complete 
|  97|0x000000070c200000, 0x000000070c400000, 0x000000070c400000|100%| E|CS|TAMS 0x000000070c200000, 0x000000070c200000| Complete 
|  98|0x000000070c400000, 0x000000070c600000, 0x000000070c600000|100%| E|CS|TAMS 0x000000070c400000, 0x000000070c400000| Complete 
|  99|0x000000070c600000, 0x000000070c800000, 0x000000070c800000|100%| E|CS|TAMS 0x000000070c600000, 0x000000070c600000| Complete 
| 100|0x000000070c800000, 0x000000070ca00000, 0x000000070ca00000|100%| E|CS|TAMS 0x000000070c800000, 0x000000070c800000| Complete 
| 101|0x000000070ca00000, 0x000000070cc00000, 0x000000070cc00000|100%| E|CS|TAMS 0x000000070ca00000, 0x000000070ca00000| Complete 
| 102|0x000000070cc00000, 0x000000070ce00000, 0x000000070ce00000|100%| E|CS|TAMS 0x000000070cc00000, 0x000000070cc00000| Complete 
| 103|0x000000070ce00000, 0x000000070d000000, 0x000000070d000000|100%| E|CS|TAMS 0x000000070ce00000, 0x000000070ce00000| Complete 
| 104|0x000000070d000000, 0x000000070d200000, 0x000000070d200000|100%| E|CS|TAMS 0x000000070d000000, 0x000000070d000000| Complete 
| 105|0x000000070d200000, 0x000000070d400000, 0x000000070d400000|100%| E|CS|TAMS 0x000000070d200000, 0x000000070d200000| Complete 
| 106|0x000000070d400000, 0x000000070d600000, 0x000000070d600000|100%| E|CS|TAMS 0x000000070d400000, 0x000000070d400000| Complete 
| 107|0x000000070d600000, 0x000000070d800000, 0x000000070d800000|100%| E|CS|TAMS 0x000000070d600000, 0x000000070d600000| Complete 
| 108|0x000000070d800000, 0x000000070da00000, 0x000000070da00000|100%| E|CS|TAMS 0x000000070d800000, 0x000000070d800000| Complete 
| 109|0x000000070da00000, 0x000000070dc00000, 0x000000070dc00000|100%| E|CS|TAMS 0x000000070da00000, 0x000000070da00000| Complete 
| 110|0x000000070dc00000, 0x000000070de00000, 0x000000070de00000|100%| E|CS|TAMS 0x000000070dc00000, 0x000000070dc00000| Complete 
| 111|0x000000070de00000, 0x000000070e000000, 0x000000070e000000|100%| E|CS|TAMS 0x000000070de00000, 0x000000070de00000| Complete 
| 112|0x000000070e000000, 0x000000070e200000, 0x000000070e200000|100%| E|CS|TAMS 0x000000070e000000, 0x000000070e000000| Complete 
| 113|0x000000070e200000, 0x000000070e400000, 0x000000070e400000|100%| E|CS|TAMS 0x000000070e200000, 0x000000070e200000| Complete 
| 114|0x000000070e400000, 0x000000070e600000, 0x000000070e600000|100%| E|CS|TAMS 0x000000070e400000, 0x000000070e400000| Complete 
| 115|0x000000070e600000, 0x000000070e681db8, 0x000000070e800000| 25%| S|CS|TAMS 0x000000070e600000, 0x000000070e600000| Complete 
| 116|0x000000070e800000, 0x000000070ea00000, 0x000000070ea00000|100%| S|CS|TAMS 0x000000070e800000, 0x000000070e800000| Complete 
| 117|0x000000070ea00000, 0x000000070ec00000, 0x000000070ec00000|100%| E|CS|TAMS 0x000000070ea00000, 0x000000070ea00000| Complete 
| 118|0x000000070ec00000, 0x000000070ee00000, 0x000000070ee00000|100%| E|CS|TAMS 0x000000070ec00000, 0x000000070ec00000| Complete 
| 119|0x000000070ee00000, 0x000000070f000000, 0x000000070f000000|100%| E|CS|TAMS 0x000000070ee00000, 0x000000070ee00000| Complete 
| 120|0x000000070f000000, 0x000000070f200000, 0x000000070f200000|100%| E|CS|TAMS 0x000000070f000000, 0x000000070f000000| Complete 
| 121|0x000000070f200000, 0x000000070f400000, 0x000000070f400000|100%| E|CS|TAMS 0x000000070f200000, 0x000000070f200000| Complete 
| 122|0x000000070f400000, 0x000000070f600000, 0x000000070f600000|100%| E|CS|TAMS 0x000000070f400000, 0x000000070f400000| Complete 
| 123|0x000000070f600000, 0x000000070f800000, 0x000000070f800000|100%| E|CS|TAMS 0x000000070f600000, 0x000000070f600000| Complete 
| 124|0x000000070f800000, 0x000000070fa00000, 0x000000070fa00000|100%| E|CS|TAMS 0x000000070f800000, 0x000000070f800000| Complete 
| 125|0x000000070fa00000, 0x000000070fc00000, 0x000000070fc00000|100%| E|CS|TAMS 0x000000070fa00000, 0x000000070fa00000| Complete 
| 126|0x000000070fc00000, 0x000000070fe00000, 0x000000070fe00000|100%| E|CS|TAMS 0x000000070fc00000, 0x000000070fc00000| Complete 
| 127|0x000000070fe00000, 0x0000000710000000, 0x0000000710000000|100%| E|CS|TAMS 0x000000070fe00000, 0x000000070fe00000| Complete 

Card table byte_map: [0x00000198e4630000,0x00000198e4e30000] _byte_map_base: 0x00000198e0e30000

Marking Bits (Prev, Next): (CMBitMap*) 0x00000198cd5bae60, (CMBitMap*) 0x00000198cd5baea0
 Prev Bits: [0x00000198e5630000, 0x00000198e9630000)
 Next Bits: [0x00000198e9630000, 0x00000198ed630000)

Polling page: 0x00000198cb2d0000

Metaspace:

Usage:
  Non-class:     11.50 MB used.
      Class:      1.86 MB used.
       Both:     13.36 MB used.

Virtual space:
  Non-class space:       64.00 MB reserved,      11.62 MB ( 18%) committed,  1 nodes.
      Class space:        1.00 GB reserved,       2.00 MB ( <1%) committed,  1 nodes.
             Both:        1.06 GB reserved,      13.62 MB (  1%) committed. 

Chunk freelists:
   Non-Class:  3.86 MB
       Class:  14.04 MB
        Both:  17.90 MB

MaxMetaspaceSize: 2.00 GB
CompressedClassSpaceSize: 1.00 GB
Initial GC threshold: 21.00 MB
Current GC threshold: 21.00 MB
CDS: on
MetaspaceReclaimPolicy: balanced
 - commit_granule_bytes: 65536.
 - commit_granule_words: 8192.
 - virtual_space_node_default_size: 8388608.
 - enlarge_chunks_in_place: 1.
 - new_chunks_are_fully_committed: 0.
 - uncommit_free_chunks: 1.
 - use_allocation_guard: 0.
 - handle_deallocations: 1.


Internal statistics:

num_allocs_failed_limit: 0.
num_arena_births: 212.
num_arena_deaths: 0.
num_vsnodes_births: 2.
num_vsnodes_deaths: 0.
num_space_committed: 218.
num_space_uncommitted: 0.
num_chunks_returned_to_freelist: 0.
num_chunks_taken_from_freelist: 624.
num_chunk_merges: 0.
num_chunk_splits: 408.
num_chunks_enlarged: 305.
num_inconsistent_stats: 0.

CodeHeap 'non-profiled nmethods': size=120000Kb used=1191Kb max_used=1191Kb free=118808Kb
 bounds [0x00000198dc900000, 0x00000198dcb70000, 0x00000198e3e30000]
CodeHeap 'profiled nmethods': size=120000Kb used=4567Kb max_used=4567Kb free=115432Kb
 bounds [0x00000198d4e30000, 0x00000198d52b0000, 0x00000198dc360000]
CodeHeap 'non-nmethods': size=5760Kb used=1213Kb max_used=1250Kb free=4546Kb
 bounds [0x00000198dc360000, 0x00000198dc5d0000, 0x00000198dc900000]
 total_blobs=2769 nmethods=2246 adapters=436
 compilation: enabled
              stopped_count=0, restarted_count=0
 full_count=0

Compilation events (20 events):
Event: 8.729 Thread 0x00000198efb33600 nmethod 2229 0x00000198dca26790 code [0x00000198dca26920, 0x00000198dca269d8]
Event: 8.729 Thread 0x00000198efb33600 2230       3       org.gradle.internal.service.DefaultServiceRegistry$OwnServices::getProviders (26 bytes)
Event: 8.730 Thread 0x00000198efb33600 nmethod 2230 0x00000198d5295590 code [0x00000198d5295740, 0x00000198d5295ae8]
Event: 8.730 Thread 0x00000198efb33600 2231       3       org.gradle.internal.service.DefaultServiceRegistry$OwnServices::getService (309 bytes)
Event: 8.732 Thread 0x00000198efb33600 nmethod 2231 0x00000198d5295c10 code [0x00000198d5296140, 0x00000198d5299028]
Event: 8.732 Thread 0x00000198efb33600 2232       3       org.gradle.internal.service.DefaultServiceRegistry::assertValidServiceType (51 bytes)
Event: 8.733 Thread 0x00000198efb33600 nmethod 2232 0x00000198d5299d90 code [0x00000198d5299fa0, 0x00000198d529a4f8]
Event: 8.741 Thread 0x00000198efb33600 2233       3       java.lang.invoke.MethodHandleNatives::canBeCalledVirtual (50 bytes)
Event: 8.742 Thread 0x00000198efb33600 nmethod 2233 0x00000198d529a710 code [0x00000198d529a900, 0x00000198d529ade8]
Event: 8.748 Thread 0x00000198efb32c40 nmethod 2228 0x00000198dca26d90 code [0x00000198dca26fa0, 0x00000198dca286b8]
Event: 8.777 Thread 0x00000198efb33600 2235   !   3       java.lang.invoke.MethodHandleNatives::linkMethodHandleConstant (50 bytes)
Event: 8.777 Thread 0x00000198efb33600 nmethod 2235 0x00000198d529af90 code [0x00000198d529b160, 0x00000198d529b348]
Event: 8.777 Thread 0x00000198efb33600 2236       3       java.lang.invoke.MethodHandles$Lookup::linkMethodHandleConstant (223 bytes)
Event: 8.779 Thread 0x00000198efb33600 nmethod 2236 0x00000198d529b510 code [0x00000198d529b8e0, 0x00000198d529d1c8]
Event: 8.779 Thread 0x00000198efb33600 2237       3       jdk.internal.org.objectweb.asm.ClassWriter::toByteArray (1515 bytes)
Event: 8.786 Thread 0x00000198efb33600 nmethod 2237 0x00000198d529d910 code [0x00000198d529e240, 0x00000198d52a2158]
Event: 8.786 Thread 0x00000198efb33600 2242       3       jdk.internal.org.objectweb.asm.AnnotationWriter::visitEnd (44 bytes)
Event: 8.786 Thread 0x00000198efb33600 nmethod 2242 0x00000198d52a4110 code [0x00000198d52a42a0, 0x00000198d52a4458]
Event: 8.786 Thread 0x00000198efb33600 2241       3       java.lang.invoke.LambdaForm::returnType (26 bytes)
Event: 8.786 Thread 0x00000198efb33600 nmethod 2241 0x00000198d52a4590 code [0x00000198d52a4740, 0x00000198d52a48f8]

GC Heap History (6 events):
Event: 1.125 GC heap before
{Heap before GC invocations=0 (full 0):
 garbage-first heap   total 262144K, used 10240K [0x0000000700000000, 0x0000000800000000)
  region size 2048K, 6 young (12288K), 0 survivors (0K)
 Metaspace       used 993K, committed 1152K, reserved 1114112K
  class space    used 75K, committed 128K, reserved 1048576K
}
Event: 1.195 GC heap after
{Heap after GC invocations=1 (full 0):
 garbage-first heap   total 262144K, used 2629K [0x0000000700000000, 0x0000000800000000)
  region size 2048K, 1 young (2048K), 1 survivors (2048K)
 Metaspace       used 993K, committed 1152K, reserved 1114112K
  class space    used 75K, committed 128K, reserved 1048576K
}
Event: 2.061 GC heap before
{Heap before GC invocations=1 (full 0):
 garbage-first heap   total 262144K, used 21061K [0x0000000700000000, 0x0000000800000000)
  region size 2048K, 8 young (16384K), 1 survivors (2048K)
 Metaspace       used 3242K, committed 3328K, reserved 1114112K
  class space    used 405K, committed 448K, reserved 1048576K
}
Event: 2.065 GC heap after
{Heap after GC invocations=2 (full 0):
 garbage-first heap   total 262144K, used 10914K [0x0000000700000000, 0x0000000800000000)
  region size 2048K, 1 young (2048K), 1 survivors (2048K)
 Metaspace       used 3242K, committed 3328K, reserved 1114112K
  class space    used 405K, committed 448K, reserved 1048576K
}
Event: 2.905 GC heap before
{Heap before GC invocations=2 (full 0):
 garbage-first heap   total 262144K, used 31394K [0x0000000700000000, 0x0000000800000000)
  region size 2048K, 11 young (22528K), 1 survivors (2048K)
 Metaspace       used 4001K, committed 4160K, reserved 1114112K
  class space    used 491K, committed 576K, reserved 1048576K
}
Event: 2.907 GC heap after
{Heap after GC invocations=3 (full 0):
 garbage-first heap   total 262144K, used 11433K [0x0000000700000000, 0x0000000800000000)
  region size 2048K, 2 young (4096K), 2 survivors (4096K)
 Metaspace       used 4001K, committed 4160K, reserved 1114112K
  class space    used 491K, committed 576K, reserved 1048576K
}

Deoptimization events (20 events):
Event: 6.723 Thread 0x00000198f5a350e0 DEOPT PACKING pc=0x00000198dc921960 sp=0x0000007dd61fd980
Event: 6.723 Thread 0x00000198f5a350e0 DEOPT UNPACKING pc=0x00000198dc3b23a3 sp=0x0000007dd61fd910 mode 2
Event: 6.723 Thread 0x00000198f5a350e0 Uncommon trap: trap_request=0xffffff45 fr.pc=0x00000198dc92219c relative=0x000000000000043c
Event: 6.723 Thread 0x00000198f5a350e0 Uncommon trap: reason=unstable_if action=reinterpret pc=0x00000198dc92219c method=java.util.regex.Matcher.match(II)Z @ 76 c2
Event: 6.723 Thread 0x00000198f5a350e0 DEOPT PACKING pc=0x00000198dc92219c sp=0x0000007dd61fd990
Event: 6.723 Thread 0x00000198f5a350e0 DEOPT UNPACKING pc=0x00000198dc3b23a3 sp=0x0000007dd61fd960 mode 2
Event: 6.842 Thread 0x00000198f5a350e0 DEOPT PACKING pc=0x00000198d517d7f2 sp=0x0000007dd61fcf50
Event: 6.842 Thread 0x00000198f5a350e0 DEOPT UNPACKING pc=0x00000198dc3b2b43 sp=0x0000007dd61fc3c8 mode 0
Event: 6.905 Thread 0x00000198f4d02890 Uncommon trap: trap_request=0xffffff6e fr.pc=0x00000198dc9a1538 relative=0x0000000000000418
Event: 6.905 Thread 0x00000198f4d02890 Uncommon trap: reason=loop_limit_check action=maybe_recompile pc=0x00000198dc9a1538 method=java.lang.StringLatin1.indexOf([BI[BII)I @ 37 c2
Event: 6.905 Thread 0x00000198f4d02890 DEOPT PACKING pc=0x00000198dc9a1538 sp=0x0000007dd63feb40
Event: 6.905 Thread 0x00000198f4d02890 DEOPT UNPACKING pc=0x00000198dc3b23a3 sp=0x0000007dd63feac8 mode 2
Event: 7.552 Thread 0x00000198f4d02890 Uncommon trap: trap_request=0xffffff45 fr.pc=0x00000198dc93cff8 relative=0x0000000000000238
Event: 7.553 Thread 0x00000198f4d02890 Uncommon trap: reason=unstable_if action=reinterpret pc=0x00000198dc93cff8 method=java.util.HashMap.getNode(Ljava/lang/Object;)Ljava/util/HashMap$Node; @ 66 c2
Event: 7.553 Thread 0x00000198f4d02890 DEOPT PACKING pc=0x00000198dc93cff8 sp=0x0000007dd63fbfd0
Event: 7.553 Thread 0x00000198f4d02890 DEOPT UNPACKING pc=0x00000198dc3b23a3 sp=0x0000007dd63fbf50 mode 2
Event: 7.712 Thread 0x00000198f4d02890 Uncommon trap: trap_request=0xffffff45 fr.pc=0x00000198dc9c813c relative=0x000000000000029c
Event: 7.712 Thread 0x00000198f4d02890 Uncommon trap: reason=unstable_if action=reinterpret pc=0x00000198dc9c813c method=java.util.concurrent.ConcurrentHashMap.get(Ljava/lang/Object;)Ljava/lang/Object; @ 152 c2
Event: 7.712 Thread 0x00000198f4d02890 DEOPT PACKING pc=0x00000198dc9c813c sp=0x0000007dd63fb480
Event: 7.712 Thread 0x00000198f4d02890 DEOPT UNPACKING pc=0x00000198dc3b23a3 sp=0x0000007dd63fb3e8 mode 2

Classes unloaded (0 events):
No events

Classes redefined (0 events):
No events

Internal exceptions (20 events):
Event: 6.822 Thread 0x00000198f5a350e0 Exception <a 'java/lang/NoSuchMethodError'{0x000000070d790b10}: static Lorg/gradle/tooling/internal/provider/serialization/ClassLoaderDetails;.<clinit>()V> (0x000000070d790b10) 
thrown [s\open\src\hotspot\share\prims\jni.cpp, line 1112]
Event: 6.827 Thread 0x00000198f5a350e0 Exception <a 'java/lang/NoSuchMethodError'{0x000000070d7a9900}: static Lorg/gradle/internal/classloader/ClassLoaderSpec;.<clinit>()V> (0x000000070d7a9900) 
thrown [s\open\src\hotspot\share\prims\jni.cpp, line 1112]
Event: 6.841 Thread 0x00000198f5a350e0 Exception <a 'java/lang/NoSuchMethodError'{0x000000070d7b30f0}: static Lorg/gradle/tooling/internal/provider/serialization/WellKnownClassLoaderRegistry$KnownClassLoaderSpec;.<clinit>()V> (0x000000070d7b30f0) 
thrown [s\open\src\hotspot\share\prims\jni.cpp, line 1112]
Event: 6.846 Thread 0x00000198f5a350e0 Exception <a 'java/lang/NoSuchMethodError'{0x000000070d7c8e80}: static Lorg/gradle/tooling/internal/provider/serialization/ClientOwnedClassLoaderSpec;.<clinit>()V> (0x000000070d7c8e80) 
thrown [s\open\src\hotspot\share\prims\jni.cpp, line 1112]
Event: 7.123 Thread 0x00000198f4d02890 Exception <a 'java/lang/NoSuchMethodError'{0x000000070d31c3e8}: 'long java.lang.invoke.DirectMethodHandle$Holder.invokeInterface(java.lang.Object, java.lang.Object)'> (0x000000070d31c3e8) 
thrown [s\open\src\hotspot\share\interpreter\linkResolver.cpp, line 759]
Event: 7.131 Thread 0x00000198f4d02890 Exception <a 'java/lang/NoSuchMethodError'{0x000000070d3541f8}: 'java.lang.Object java.lang.invoke.DirectMethodHandle$Holder.invokeVirtual(java.lang.Object, java.lang.Object, java.lang.Object)'> (0x000000070d3541f8) 
thrown [s\open\src\hotspot\share\interpreter\linkResolver.cpp, line 759]
Event: 7.424 Thread 0x00000198f4d02890 Exception <a 'java/lang/NoSuchMethodError'{0x000000070cefbfd0}: 'void java.lang.invoke.DirectMethodHandle$Holder.invokeStatic(java.lang.Object, java.lang.Object)'> (0x000000070cefbfd0) 
thrown [s\open\src\hotspot\share\interpreter\linkResolver.cpp, line 759]
Event: 7.572 Thread 0x00000198f4d02890 Exception <a 'java/lang/NoSuchMethodError'{0x000000070cca4ba8}: 'java.lang.Object java.lang.invoke.DirectMethodHandle$Holder.newInvokeSpecial(java.lang.Object, java.lang.Object, java.lang.Object, java.lang.Object, java.lang.Object)'> (0x000000070cca4ba8) 
thrown [s\open\src\hotspot\share\interpreter\linkResolver.cpp, line 759]
Event: 7.849 Thread 0x00000198f4d02890 Exception <a 'java/lang/NoSuchMethodError'{0x000000070caca548}: 'void java.lang.invoke.DirectMethodHandle$Holder.invokeSpecial(java.lang.Object, java.lang.Object, java.lang.Object)'> (0x000000070caca548) 
thrown [s\open\src\hotspot\share\interpreter\linkResolver.cpp, line 759]
Event: 8.017 Thread 0x00000198f4d02890 Exception <a 'java/lang/NoSuchMethodError'{0x000000070cb76868}: 'java.lang.Object java.lang.invoke.DirectMethodHandle$Holder.newInvokeSpecial(java.lang.Object, java.lang.Object, java.lang.Object, java.lang.Object, java.lang.Object, java.lang.Object)'> (0x000000070cb76868) 
thrown [s\open\src\hotspot\share\interpreter\linkResolver.cpp, line 759]
Event: 8.021 Thread 0x00000198f4d02890 Exception <a 'java/lang/NoSuchMethodError'{0x000000070cb8e3b0}: 'void java.lang.invoke.DirectMethodHandle$Holder.invokeSpecial(java.lang.Object, java.lang.Object, java.lang.Object, java.lang.Object, java.lang.Object)'> (0x000000070cb8e3b0) 
thrown [s\open\src\hotspot\share\interpreter\linkResolver.cpp, line 759]
Event: 8.024 Thread 0x00000198f4d02890 Exception <a 'java/lang/NoSuchMethodError'{0x000000070cba2218}: 'void java.lang.invoke.DirectMethodHandle$Holder.invokeStaticInit(java.lang.Object, java.lang.Object)'> (0x000000070cba2218) 
thrown [s\open\src\hotspot\share\interpreter\linkResolver.cpp, line 759]
Event: 8.299 Thread 0x00000198f4d02890 Exception <a 'java/lang/NoSuchMethodError'{0x000000070c6693a0}: 'void java.lang.invoke.DelegatingMethodHandle$Holder.reinvoke_L(java.lang.Object, java.lang.Object, java.lang.Object, java.lang.Object, java.lang.Object, java.lang.Object, java.lang.Object, java.lang.Object, java.lang.Object, java.lang.Object)'> (0x000000070c6693a0) 
thrown [s\open\src\hotspot\share\interpreter\linkResolver.cpp, line 759]
Event: 8.300 Thread 0x00000198f4d02890 Exception <a 'java/lang/NoSuchMethodError'{0x000000070c671810}: 'java.lang.Object java.lang.invoke.DirectMethodHandle$Holder.invokeSpecial(java.lang.Object, java.lang.Object, java.lang.Object, java.lang.Object, java.lang.Object, java.lang.Object, java.lang.Object, java.lang.Object, java.lang.Object, java.lang.Object)'> (0x000000070c671810) 
thrown [s\open\src\hotspot\share\interpreter\linkResolver.cpp, line 759]
Event: 8.300 Thread 0x00000198f4d02890 Exception <a 'java/lang/NoSuchMethodError'{0x000000070c6760e0}: 'java.lang.Object java.lang.invoke.Invokers$Holder.invoker(java.lang.Object, java.lang.Object, java.lang.Object, java.lang.Object, java.lang.Object, java.lang.Object, java.lang.Object, java.lang.Object, java.lang.Object, java.lang.Object)'> (0x000000070c6760e0) 
thrown [s\open\src\hotspot\share\interpreter\linkResolver.cpp, line 759]
Event: 8.301 Thread 0x00000198f4d02890 Exception <a 'java/lang/NoSuchMethodError'{0x000000070c67bc68}: 'java.lang.Object java.lang.invoke.DirectMethodHandle$Holder.invokeSpecial(java.lang.Object, java.lang.Object, java.lang.Object, java.lang.Object, java.lang.Object, java.lang.Object, java.lang.Object, java.lang.Object, java.lang.Object, java.lang.Object, java.lang.Object)'> (0x000000070c67bc68) 
thrown [s\open\src\hotspot\share\interpreter\linkResolver.cpp, line 759]
Event: 8.741 Thread 0x00000198f4d02890 Exception <a 'java/lang/NoSuchMethodError'{0x000000070c044ae0}: 'void java.lang.invoke.DirectMethodHandle$Holder.invokeStaticInit(java.lang.Object)'> (0x000000070c044ae0) 
thrown [s\open\src\hotspot\share\interpreter\linkResolver.cpp, line 759]
Event: 8.779 Thread 0x00000198f4d02890 Exception <a 'java/lang/NoSuchMethodError'{0x000000070c0f47d0}: 'java.lang.Object java.lang.invoke.DirectMethodHandle$Holder.newInvokeSpecial(java.lang.Object, java.lang.Object, java.lang.Object, int)'> (0x000000070c0f47d0) 
thrown [s\open\src\hotspot\share\interpreter\linkResolver.cpp, line 759]
Event: 8.779 Thread 0x00000198f4d02890 Exception <a 'java/lang/NoSuchMethodError'{0x000000070c0f9100}: 'java.lang.Object java.lang.invoke.DirectMethodHandle$Holder.invokeSpecial(java.lang.Object, java.lang.Object, java.lang.Object, java.lang.Object, int)'> (0x000000070c0f9100) 
thrown [s\open\src\hotspot\share\interpreter\linkResolver.cpp, line 759]
Event: 8.780 Thread 0x00000198f4d02890 Exception <a 'java/lang/NoSuchMethodError'{0x000000070c0fd218}: 'java.lang.Object java.lang.invoke.Invokers$Holder.linkToTargetMethod(java.lang.Object, java.lang.Object, int, java.lang.Object)'> (0x000000070c0fd218) 
thrown [s\open\src\hotspot\share\interpreter\linkResolver.cpp, line 759]

VM Operations (20 events):
Event: 4.488 Executing VM operation: HandshakeAllThreads
Event: 4.488 Executing VM operation: HandshakeAllThreads done
Event: 4.773 Executing VM operation: HandshakeAllThreads
Event: 4.773 Executing VM operation: HandshakeAllThreads done
Event: 5.021 Executing VM operation: HandshakeAllThreads
Event: 5.021 Executing VM operation: HandshakeAllThreads done
Event: 5.021 Executing VM operation: Cleanup
Event: 5.022 Executing VM operation: Cleanup done
Event: 5.371 Executing VM operation: HandshakeAllThreads
Event: 5.371 Executing VM operation: HandshakeAllThreads done
Event: 5.893 Executing VM operation: HandshakeAllThreads
Event: 5.893 Executing VM operation: HandshakeAllThreads done
Event: 6.458 Executing VM operation: HandshakeAllThreads
Event: 6.471 Executing VM operation: HandshakeAllThreads done
Event: 6.471 Executing VM operation: Cleanup
Event: 6.471 Executing VM operation: Cleanup done
Event: 7.486 Executing VM operation: Cleanup
Event: 7.532 Executing VM operation: Cleanup done
Event: 8.204 Executing VM operation: HandshakeAllThreads
Event: 8.204 Executing VM operation: HandshakeAllThreads done

Events (20 events):
Event: 8.207 loading class sun/reflect/generics/tree/VoidDescriptor done
Event: 8.702 loading class java/nio/file/attribute/PosixFilePermission
Event: 8.702 loading class java/nio/file/attribute/PosixFilePermission done
Event: 8.702 loading class java/nio/file/NoSuchFileException
Event: 8.702 loading class java/nio/file/FileSystemException
Event: 8.702 loading class java/nio/file/FileSystemException done
Event: 8.702 loading class java/nio/file/NoSuchFileException done
Event: 8.704 loading class java/nio/file/attribute/PosixFilePermissions
Event: 8.704 loading class java/nio/file/attribute/PosixFilePermissions done
Event: 8.704 loading class java/nio/file/attribute/PosixFilePermissions$1
Event: 8.704 loading class java/nio/file/attribute/PosixFilePermissions$1 done
Event: 8.728 loading class sun/invoke/util/VerifyAccess$1
Event: 8.728 loading class sun/invoke/util/VerifyAccess$1 done
Event: 8.774 loading class java/util/concurrent/ArrayBlockingQueue
Event: 8.774 loading class java/util/concurrent/ArrayBlockingQueue done
Event: 8.775 loading class java/util/concurrent/locks/ReentrantLock$FairSync
Event: 8.775 loading class java/util/concurrent/locks/ReentrantLock$FairSync done
Event: 8.776 Thread 0x00000198f4d041e0 Thread added: 0x00000198f4d041e0
Event: 8.784 loading class sun/misc/Unsafe
Event: 8.784 loading class sun/misc/Unsafe done


Dynamic libraries:
0x00007ff7bc540000 - 0x00007ff7bc550000 	C:\Program Files\Java\jdk-17\bin\java.exe
0x00007ffc685b0000 - 0x00007ffc687a8000 	C:\WINDOWS\SYSTEM32\ntdll.dll
0x00007ffc684a0000 - 0x00007ffc68562000 	C:\WINDOWS\System32\KERNEL32.DLL
0x00007ffc66190000 - 0x00007ffc6648f000 	C:\WINDOWS\System32\KERNELBASE.dll
0x00007ffc65c80000 - 0x00007ffc65d80000 	C:\WINDOWS\System32\ucrtbase.dll
0x00007ffc50c60000 - 0x00007ffc50c79000 	C:\Program Files\Java\jdk-17\bin\jli.dll
0x00007ffc67230000 - 0x00007ffc672df000 	C:\WINDOWS\System32\ADVAPI32.dll
0x00007ffc669a0000 - 0x00007ffc66a3e000 	C:\WINDOWS\System32\msvcrt.dll
0x00007ffc67bf0000 - 0x00007ffc67c8f000 	C:\WINDOWS\System32\sechost.dll
0x00007ffc67f60000 - 0x00007ffc68083000 	C:\WINDOWS\System32\RPCRT4.dll
0x00007ffc65c50000 - 0x00007ffc65c77000 	C:\WINDOWS\System32\bcrypt.dll
0x00007ffc672e0000 - 0x00007ffc6747d000 	C:\WINDOWS\System32\USER32.dll
0x00007ffc65df0000 - 0x00007ffc65e12000 	C:\WINDOWS\System32\win32u.dll
0x00007ffc66850000 - 0x00007ffc6687b000 	C:\WINDOWS\System32\GDI32.dll
0x00007ffc65f10000 - 0x00007ffc6602a000 	C:\WINDOWS\System32\gdi32full.dll
0x00007ffc65e70000 - 0x00007ffc65f0d000 	C:\WINDOWS\System32\msvcp_win.dll
0x00007ffc54db0000 - 0x00007ffc5504a000 	C:\WINDOWS\WinSxS\amd64_microsoft.windows.common-controls_6595b64144ccf1df_6.0.19041.4355_none_60b8b9eb71f62e16\COMCTL32.dll
0x00007ffc5fb40000 - 0x00007ffc5fb4a000 	C:\WINDOWS\SYSTEM32\VERSION.dll
0x00007ffc45d00000 - 0x00007ffc45d1b000 	C:\Program Files\Java\jdk-17\bin\VCRUNTIME140.dll
0x00007ffc68400000 - 0x00007ffc6842f000 	C:\WINDOWS\System32\IMM32.DLL
0x00007ffc52090000 - 0x00007ffc5209c000 	C:\Program Files\Java\jdk-17\bin\vcruntime140_1.dll
0x00007ffc34e90000 - 0x00007ffc34f1e000 	C:\Program Files\Java\jdk-17\bin\msvcp140.dll
0x00007ffbe8180000 - 0x00007ffbe8d61000 	C:\Program Files\Java\jdk-17\bin\server\jvm.dll
0x00007ffc66690000 - 0x00007ffc66698000 	C:\WINDOWS\System32\PSAPI.DLL
0x00007ffc589e0000 - 0x00007ffc58a07000 	C:\WINDOWS\SYSTEM32\WINMM.dll
0x00007ffc51010000 - 0x00007ffc51019000 	C:\WINDOWS\SYSTEM32\WSOCK32.dll
0x00007ffc68430000 - 0x00007ffc6849b000 	C:\WINDOWS\System32\WS2_32.dll
0x00007ffc63af0000 - 0x00007ffc63b02000 	C:\WINDOWS\SYSTEM32\kernel.appcore.dll
0x00007ffc50cc0000 - 0x00007ffc50cca000 	C:\Program Files\Java\jdk-17\bin\jimage.dll
0x00007ffc58be0000 - 0x00007ffc58dc4000 	C:\WINDOWS\SYSTEM32\DBGHELP.DLL
0x00007ffc5b6e0000 - 0x00007ffc5b714000 	C:\WINDOWS\SYSTEM32\dbgcore.DLL
0x00007ffc66490000 - 0x00007ffc66512000 	C:\WINDOWS\System32\bcryptPrimitives.dll
0x00007ffc4fce0000 - 0x00007ffc4fcee000 	C:\Program Files\Java\jdk-17\bin\instrument.dll
0x00007ffc3cfb0000 - 0x00007ffc3cfd5000 	C:\Program Files\Java\jdk-17\bin\java.dll
0x00007ffc32b10000 - 0x00007ffc32be7000 	C:\Program Files\Java\jdk-17\bin\jsvml.dll
0x00007ffc67480000 - 0x00007ffc67bed000 	C:\WINDOWS\System32\SHELL32.dll
0x00007ffc63cf0000 - 0x00007ffc64494000 	C:\WINDOWS\SYSTEM32\windows.storage.dll
0x00007ffc66ed0000 - 0x00007ffc67225000 	C:\WINDOWS\System32\combase.dll
0x00007ffc655b0000 - 0x00007ffc655db000 	C:\WINDOWS\SYSTEM32\Wldp.dll
0x00007ffc67d10000 - 0x00007ffc67ddd000 	C:\WINDOWS\System32\OLEAUT32.dll
0x00007ffc67eb0000 - 0x00007ffc67f5d000 	C:\WINDOWS\System32\SHCORE.dll
0x00007ffc667f0000 - 0x00007ffc66845000 	C:\WINDOWS\System32\shlwapi.dll
0x00007ffc65b80000 - 0x00007ffc65ba5000 	C:\WINDOWS\SYSTEM32\profapi.dll
0x00007ffc45b10000 - 0x00007ffc45b28000 	C:\Program Files\Java\jdk-17\bin\zip.dll
0x00007ffc43b00000 - 0x00007ffc43b19000 	C:\Program Files\Java\jdk-17\bin\net.dll
0x00007ffc5fe40000 - 0x00007ffc5ff4a000 	C:\WINDOWS\SYSTEM32\WINHTTP.dll
0x00007ffc65310000 - 0x00007ffc6537c000 	C:\WINDOWS\system32\mswsock.dll
0x00007ffc42760000 - 0x00007ffc42776000 	C:\Program Files\Java\jdk-17\bin\nio.dll
0x00007ffc4fa30000 - 0x00007ffc4fa40000 	C:\Program Files\Java\jdk-17\bin\verify.dll
0x00007ffc50fd0000 - 0x00007ffc50ff7000 	C:\Users\Ozarkpepi\.gradle\native\68d5fa5c4cc2d200863cafc0d521ce42e7d3e7ee720ec0a83991735586a16f82\windows-amd64\native-platform.dll
0x00007ffc15530000 - 0x00007ffc15674000 	C:\Users\Ozarkpepi\.gradle\native\e376f236ea51e6404a007f0833ffe2c6e607c4080706a723a18a27aeea778392\windows-amd64\native-platform-file-events.dll
0x00007ffc62ba0000 - 0x00007ffc62baa000 	C:\Program Files\Java\jdk-17\bin\management.dll
0x00007ffc62b90000 - 0x00007ffc62b9b000 	C:\Program Files\Java\jdk-17\bin\management_ext.dll
0x00007ffc65510000 - 0x00007ffc65528000 	C:\WINDOWS\SYSTEM32\CRYPTSP.dll
0x00007ffc64c30000 - 0x00007ffc64c68000 	C:\WINDOWS\system32\rsaenh.dll
0x00007ffc65ab0000 - 0x00007ffc65ade000 	C:\WINDOWS\SYSTEM32\USERENV.dll
0x00007ffc65500000 - 0x00007ffc6550c000 	C:\WINDOWS\SYSTEM32\CRYPTBASE.dll
0x00007ffc64ff0000 - 0x00007ffc6502b000 	C:\WINDOWS\SYSTEM32\IPHLPAPI.DLL
0x00007ffc66700000 - 0x00007ffc66708000 	C:\WINDOWS\System32\NSI.dll
0x00007ffc60920000 - 0x00007ffc60937000 	C:\WINDOWS\SYSTEM32\dhcpcsvc6.DLL
0x00007ffc60810000 - 0x00007ffc6082d000 	C:\WINDOWS\SYSTEM32\dhcpcsvc.DLL
0x00007ffc65030000 - 0x00007ffc650fa000 	C:\WINDOWS\SYSTEM32\DNSAPI.dll
0x00007ffc5cb70000 - 0x00007ffc5cb7e000 	C:\Program Files\Java\jdk-17\bin\sunmscapi.dll
0x00007ffc66030000 - 0x00007ffc6618c000 	C:\WINDOWS\System32\CRYPT32.dll
0x00007ffc65620000 - 0x00007ffc65647000 	C:\WINDOWS\SYSTEM32\ncrypt.dll
0x00007ffc655e0000 - 0x00007ffc6561b000 	C:\WINDOWS\SYSTEM32\NTASN1.dll
0x00007ffc4b7a0000 - 0x00007ffc4b7a7000 	C:\WINDOWS\system32\wshunix.dll

dbghelp: loaded successfully - version: 4.0.5 - missing functions: none
symbol engine: initialized successfully - sym options: 0x614 - pdb path: .;C:\Program Files\Java\jdk-17\bin;C:\WINDOWS\SYSTEM32;C:\WINDOWS\WinSxS\amd64_microsoft.windows.common-controls_6595b64144ccf1df_6.0.19041.4355_none_60b8b9eb71f62e16;C:\Program Files\Java\jdk-17\bin\server;C:\Users\Ozarkpepi\.gradle\native\68d5fa5c4cc2d200863cafc0d521ce42e7d3e7ee720ec0a83991735586a16f82\windows-amd64;C:\Users\Ozarkpepi\.gradle\native\e376f236ea51e6404a007f0833ffe2c6e607c4080706a723a18a27aeea778392\windows-amd64

VM Arguments:
jvm_args: -XX:MaxMetaspaceSize=2G -XX:+HeapDumpOnOutOfMemoryError --add-opens=java.base/java.util=ALL-UNNAMED --add-opens=java.base/java.lang=ALL-UNNAMED --add-opens=java.base/java.lang.invoke=ALL-UNNAMED --add-opens=java.prefs/java.util.prefs=ALL-UNNAMED --add-opens=java.base/java.nio.charset=ALL-UNNAMED --add-opens=java.base/java.net=ALL-UNNAMED --add-opens=java.base/java.util.concurrent.atomic=ALL-UNNAMED -Xmx4G -Dfile.encoding=utf8 -Duser.country=CO -Duser.language=es -Duser.variant -javaagent:C:\Users\Ozarkpepi\.gradle\wrapper\dists\gradle-8.3-all\6en3ugtfdg5xnpx44z4qbwgas\gradle-8.3\lib\agents\gradle-instrumentation-agent-8.3.jar 
java_command: org.gradle.launcher.daemon.bootstrap.GradleDaemon 8.3
java_class_path (initial): C:\Users\Ozarkpepi\.gradle\wrapper\dists\gradle-8.3-all\6en3ugtfdg5xnpx44z4qbwgas\gradle-8.3\lib\gradle-launcher-8.3.jar
Launcher Type: SUN_STANDARD

[Global flags]
     intx CICompilerCount                          = 3                                         {product} {ergonomic}
     uint ConcGCThreads                            = 1                                         {product} {ergonomic}
     uint G1ConcRefinementThreads                  = 4                                         {product} {ergonomic}
   size_t G1HeapRegionSize                         = 2097152                                   {product} {ergonomic}
    uintx GCDrainStackTargetSize                   = 64                                        {product} {ergonomic}
     bool HeapDumpOnOutOfMemoryError               = true                                   {manageable} {command line}
   size_t InitialHeapSize                          = 268435456                                 {product} {ergonomic}
   size_t MarkStackSize                            = 4194304                                   {product} {ergonomic}
   size_t MaxHeapSize                              = 4294967296                                {product} {command line}
   size_t MaxMetaspaceSize                         = 2147483648                                {product} {command line}
   size_t MaxNewSize                               = 2575302656                                {product} {ergonomic}
   size_t MinHeapDeltaBytes                        = 2097152                                   {product} {ergonomic}
   size_t MinHeapSize                              = 8388608                                   {product} {ergonomic}
    uintx NonNMethodCodeHeapSize                   = 5832780                                {pd product} {ergonomic}
    uintx NonProfiledCodeHeapSize                  = 122912730                              {pd product} {ergonomic}
    uintx ProfiledCodeHeapSize                     = 122912730                              {pd product} {ergonomic}
    uintx ReservedCodeCacheSize                    = 251658240                              {pd product} {ergonomic}
     bool SegmentedCodeCache                       = true                                      {product} {ergonomic}
   size_t SoftMaxHeapSize                          = 4294967296                             {manageable} {ergonomic}
     bool UseCompressedClassPointers               = true                           {product lp64_product} {ergonomic}
     bool UseCompressedOops                        = true                           {product lp64_product} {ergonomic}
     bool UseG1GC                                  = true                                      {product} {ergonomic}
     bool UseLargePagesIndividualAllocation        = false                                  {pd product} {ergonomic}

Logging:
Log output configuration:
 #0: stdout all=warning uptime,level,tags
 #1: stderr all=off uptime,level,tags

Environment Variables:
JAVA_HOME=C:\Program Files\Java\jdk-17
PATH=C:\Program Files\Common Files\Oracle\Java\javapath;C:\WINDOWS\system32;C:\WINDOWS;C:\WINDOWS\System32\Wbem;C:\WINDOWS\System32\WindowsPowerShell\v1.0\;C:\WINDOWS\System32\OpenSSH\;C:\Program Files (x86)\NVIDIA Corporation\PhysX\Common;C:\Program Files\NVIDIA Corporation\NVIDIA NvDLISR;D:\cmake\bin;D:\Git\cmd;C:\Program Files\Docker\Docker\resources\bin;D:\Warp;D:\flutter_windows_3.29.1-stable;D:\scrcpy-win64-v3.1\scrcpy-win64-v3.1;D:\;C:\Users\Ozarkpepi\AppData\Local\Programs\Python\Launcher\;C:\Users\Ozarkpepi\AppData\Local\Microsoft\WindowsApps;C:\Users\Ozarkpepi\AppData\Local\Programs\Microsoft VS Code\bin;C:\Users\Ozarkpepi\AppData\Local\GitHubDesktop\bin;C:\Users\Ozarkpepi\AppData\Local\Packages\PythonSoftwareFoundation.Python\Scripts;D:\platform-tools-latest-windows\platform-tools;D:\flutter\bin;C:\Program Files\Java\jdk-17\bin;D:\Windsurf\bin;C:\Users\Ozarkpepi\AppData\Roaming\npm
USERNAME=Ozarkpepi
OS=Windows_NT
PROCESSOR_IDENTIFIER=Intel64 Family 6 Model 58 Stepping 9, GenuineIntel



---------------  S Y S T E M  ---------------

OS:
 Windows 10 , 64 bit Build 19041 (10.0.19041.5438)
OS uptime: 0 days 13:35 hours

CPU: total 4 (initial active 4) (4 cores per cpu, 1 threads per core) family 6 model 58 stepping 9 microcode 0x21, cx8, cmov, fxsr, mmx, sse, sse2, sse3, ssse3, sse4.1, sse4.2, popcnt, tsc, tscinvbit, avx, aes, erms, clmul, vzeroupper, clflush

Memory: 4k page, system-wide physical 16329M (5469M free)
TotalPageFile size 16329M (AvailPageFile size 104M)
current process WorkingSet (physical memory assigned to process): 79M, peak: 129M
current process commit charge ("private bytes"): 389M, peak: 392M

vm_info: Java HotSpot(TM) 64-Bit Server VM (17.0.14+8-LTS-191) for windows-amd64 JRE (17.0.14+8-LTS-191), built on Dec  3 2024 11:07:59 by "mach5one" with MS VC++ 17.6 (VS2022)

END.
