#
# There is insufficient memory for the Java Runtime Environment to continue.
# Native memory allocation (malloc) failed to allocate 146016 bytes. Error detail: Chunk::new
# Possible reasons:
#   The system is out of physical RAM or swap space
#   This process is running with CompressedOops enabled, and the Java Heap may be blocking the growth of the native heap
# Possible solutions:
#   Reduce memory load on the system
#   Increase physical memory or swap space
#   Check if swap backing store is full
#   Decrease Java heap size (-Xmx/-Xms)
#   Decrease number of Java threads
#   Decrease Java thread stack sizes (-Xss)
#   Set larger code cache with -XX:ReservedCodeCacheSize=
#   JVM is running with Unscaled Compressed Oops mode in which the Java heap is
#     placed in the first 4GB address space. The Java Heap base address is the
#     maximum limit for the native heap growth. Please use -XX:HeapBaseMinAddress
#     to set the Java Heap base and to place the Java Heap above 4GB virtual address.
# This output file may be truncated or incomplete.
#
#  Out of Memory Error (arena.cpp:168), pid=9916, tid=13668
#
# JRE version: OpenJDK Runtime Environment Temurin-21.0.6+7 (21.0.6+7) (build 21.0.6+7-LTS)
# Java VM: OpenJDK 64-Bit Server VM Temurin-21.0.6+7 (21.0.6+7-LTS, mixed mode, sharing, tiered, compressed oops, compressed class ptrs, parallel gc, windows-amd64)
# No core dump will be written. Minidumps are not enabled by default on client versions of Windows
#

---------------  S U M M A R Y ------------

Command Line: --add-modules=ALL-SYSTEM --add-opens=java.base/java.util=ALL-UNNAMED --add-opens=java.base/java.lang=ALL-UNNAMED --add-opens=java.base/sun.nio.fs=ALL-UNNAMED -Declipse.application=org.eclipse.jdt.ls.core.id1 -Dosgi.bundles.defaultStartLevel=4 -Declipse.product=org.eclipse.jdt.ls.core.product -Djava.import.generatesMetadataFilesAtProjectRoot=false -DDetectVMInstallationsJob.disabled=true -Dfile.encoding=utf8 -XX:+UseParallelGC -XX:GCTimeRatio=4 -XX:AdaptiveSizePolicyWeight=90 -Dsun.zip.disableMemoryMapping=true -Xmx1G -Xms100m -Xlog:disable -javaagent:c:\Users\Ozarkpepi\.vscode\extensions\redhat.java-1.41.1-win32-x64\lombok\lombok-1.18.36.jar c:\Users\Ozarkpepi\.vscode\extensions\redhat.java-1.41.1-win32-x64\server\plugins\org.eclipse.equinox.launcher_1.7.0.v20250331-1702.jar -configuration c:\Users\Ozarkpepi\AppData\Roaming\Code\User\globalStorage\redhat.java\1.41.1\config_ss_win -data c:\Users\Ozarkpepi\AppData\Roaming\Code\User\workspaceStorage\d70f2e901b66cb8e4b19e26e49cd5ff8\redhat.java\ss_ws --pipe=\\.\pipe\lsp-e3cfcd3d05edcd1e2c7debad405f587c-sock

Host: Intel(R) Core(TM) i5-3470 CPU @ 3.20GHz, 4 cores, 15G,  Windows 10 , 64 bit Build 19041 (10.0.19041.5438)
Time: Sat Apr  5 16:19:14 2025 Hora est. Pacífico, Sudamérica elapsed time: 36.600566 seconds (0d 0h 0m 36s)

---------------  T H R E A D  ---------------

Current thread (0x000001a052d53380):  JavaThread "C2 CompilerThread0" daemon [_thread_in_native, id=13668, stack(0x00000080ae000000,0x00000080ae100000) (1024K)]


Current CompileTask:
C2:36600 3791   !   4       java.util.zip.ZipFile$ZipFileInputStream::close (59 bytes)

Stack: [0x00000080ae000000,0x00000080ae100000]
Native frames: (J=compiled Java code, j=interpreted, Vv=VM code, C=native code)
V  [jvm.dll+0x6cdee9]
V  [jvm.dll+0x8a83d1]
V  [jvm.dll+0x8aa8fe]
V  [jvm.dll+0x8aafe3]
V  [jvm.dll+0x27f706]
V  [jvm.dll+0xc500d]
V  [jvm.dll+0xc5543]
V  [jvm.dll+0x2f2acd]
V  [jvm.dll+0x5f6a2a]
V  [jvm.dll+0x250bb2]
V  [jvm.dll+0x24908e]
V  [jvm.dll+0x246ec4]
V  [jvm.dll+0x1c75ee]
V  [jvm.dll+0x25685a]
V  [jvm.dll+0x254dfa]
V  [jvm.dll+0x3f0256]
V  [jvm.dll+0x851f8b]
V  [jvm.dll+0x6cc5ed]
C  [ucrtbase.dll+0x21bb2]
C  [KERNEL32.DLL+0x17374]
C  [ntdll.dll+0x4cc91]


---------------  P R O C E S S  ---------------

Threads class SMR info:
_java_thread_list=0x000001a09a053070, length=32, elements={
0x000001a03c763ef0, 0x000001a052d49ba0, 0x000001a052d4b4a0, 0x000001a052d4d020,
0x000001a052d4df30, 0x000001a052d51b00, 0x000001a052d52550, 0x000001a052d53380,
0x000001a052dc3470, 0x000001a03eae5090, 0x000001a094cb9e00, 0x000001a099789060,
0x000001a0997eb280, 0x000001a0997eb8e0, 0x000001a0995c8f50, 0x000001a099a534c0,
0x000001a099bb9b40, 0x000001a0996ee1c0, 0x000001a099b5d210, 0x000001a099b5df30,
0x000001a099b5e5c0, 0x000001a099b5d8a0, 0x000001a094e191b0, 0x000001a094e1ccc0,
0x000001a094e17770, 0x000001a094e1d9e0, 0x000001a094e1c630, 0x000001a094e17e00,
0x000001a094e1d350, 0x000001a094e19840, 0x000001a094e1b280, 0x000001a094e16a50
}

Java Threads: ( => current thread )
  0x000001a03c763ef0 JavaThread "main"                              [_thread_blocked, id=12312, stack(0x00000080ad600000,0x00000080ad700000) (1024K)]
  0x000001a052d49ba0 JavaThread "Reference Handler"          daemon [_thread_blocked, id=8908, stack(0x00000080ada00000,0x00000080adb00000) (1024K)]
  0x000001a052d4b4a0 JavaThread "Finalizer"                  daemon [_thread_blocked, id=7540, stack(0x00000080adb00000,0x00000080adc00000) (1024K)]
  0x000001a052d4d020 JavaThread "Signal Dispatcher"          daemon [_thread_blocked, id=14708, stack(0x00000080adc00000,0x00000080add00000) (1024K)]
  0x000001a052d4df30 JavaThread "Attach Listener"            daemon [_thread_blocked, id=12508, stack(0x00000080add00000,0x00000080ade00000) (1024K)]
  0x000001a052d51b00 JavaThread "Service Thread"             daemon [_thread_blocked, id=1052, stack(0x00000080ade00000,0x00000080adf00000) (1024K)]
  0x000001a052d52550 JavaThread "Monitor Deflation Thread"   daemon [_thread_blocked, id=11904, stack(0x00000080adf00000,0x00000080ae000000) (1024K)]
=>0x000001a052d53380 JavaThread "C2 CompilerThread0"         daemon [_thread_in_native, id=13668, stack(0x00000080ae000000,0x00000080ae100000) (1024K)]
  0x000001a052dc3470 JavaThread "C1 CompilerThread0"         daemon [_thread_blocked, id=1592, stack(0x00000080ae100000,0x00000080ae200000) (1024K)]
  0x000001a03eae5090 JavaThread "Common-Cleaner"             daemon [_thread_blocked, id=13692, stack(0x00000080ae200000,0x00000080ae300000) (1024K)]
  0x000001a094cb9e00 JavaThread "Notification Thread"        daemon [_thread_blocked, id=9748, stack(0x00000080ae300000,0x00000080ae400000) (1024K)]
  0x000001a099789060 JavaThread "Active Thread: Equinox Container: 2e5a4508-cf3e-461b-8950-a105d0f7c328"        [_thread_blocked, id=4512, stack(0x00000080ae800000,0x00000080ae900000) (1024K)]
  0x000001a0997eb280 JavaThread "Framework Event Dispatcher: Equinox Container: 2e5a4508-cf3e-461b-8950-a105d0f7c328" daemon [_thread_blocked, id=1152, stack(0x00000080ae900000,0x00000080aea00000) (1024K)]
  0x000001a0997eb8e0 JavaThread "Start Level: Equinox Container: 2e5a4508-cf3e-461b-8950-a105d0f7c328" daemon [_thread_blocked, id=14348, stack(0x00000080aea00000,0x00000080aeb00000) (1024K)]
  0x000001a0995c8f50 JavaThread "SCR Component Actor"        daemon [_thread_blocked, id=13148, stack(0x00000080aeb00000,0x00000080aec00000) (1024K)]
  0x000001a099a534c0 JavaThread "Worker-JM"                         [_thread_blocked, id=356, stack(0x00000080aed00000,0x00000080aee00000) (1024K)]
  0x000001a099bb9b40 JavaThread "JNA Cleaner"                daemon [_thread_blocked, id=14040, stack(0x00000080aec00000,0x00000080aed00000) (1024K)]
  0x000001a0996ee1c0 JavaThread "Worker-0"                          [_thread_blocked, id=14288, stack(0x00000080aee00000,0x00000080aef00000) (1024K)]
  0x000001a099b5d210 JavaThread "Worker-1"                          [_thread_blocked, id=10392, stack(0x00000080aef00000,0x00000080af000000) (1024K)]
  0x000001a099b5df30 JavaThread "Thread-2"                   daemon [_thread_in_native, id=1112, stack(0x00000080af300000,0x00000080af400000) (1024K)]
  0x000001a099b5e5c0 JavaThread "Thread-3"                   daemon [_thread_in_native, id=12428, stack(0x00000080af400000,0x00000080af500000) (1024K)]
  0x000001a099b5d8a0 JavaThread "Thread-4"                   daemon [_thread_in_native, id=14868, stack(0x00000080af500000,0x00000080af600000) (1024K)]
  0x000001a094e191b0 JavaThread "Thread-5"                   daemon [_thread_in_native, id=14968, stack(0x00000080af600000,0x00000080af700000) (1024K)]
  0x000001a094e1ccc0 JavaThread "Thread-6"                   daemon [_thread_in_native, id=11584, stack(0x00000080af700000,0x00000080af800000) (1024K)]
  0x000001a094e17770 JavaThread "pool-2-thread-1"                   [_thread_blocked, id=14872, stack(0x00000080af800000,0x00000080af900000) (1024K)]
  0x000001a094e1d9e0 JavaThread "Worker-2"                          [_thread_blocked, id=15004, stack(0x00000080af000000,0x00000080af100000) (1024K)]
  0x000001a094e1c630 JavaThread "WorkspaceEventsHandler"            [_thread_blocked, id=15020, stack(0x00000080af900000,0x00000080afa00000) (1024K)]
  0x000001a094e17e00 JavaThread "pool-1-thread-1"                   [_thread_blocked, id=14300, stack(0x00000080afa00000,0x00000080afb00000) (1024K)]
  0x000001a094e1d350 JavaThread "ForkJoinPool.commonPool-worker-1" daemon [_thread_blocked, id=12232, stack(0x00000080ae700000,0x00000080ae800000) (1024K)]
  0x000001a094e19840 JavaThread "pool-3-thread-1"                   [_thread_blocked, id=10988, stack(0x00000080afb00000,0x00000080afc00000) (1024K)]
  0x000001a094e1b280 JavaThread "Framework stop - Equinox Container: 2e5a4508-cf3e-461b-8950-a105d0f7c328"        [_thread_in_Java, id=11948, stack(0x00000080afc00000,0x00000080afd00000) (1024K)]
  0x000001a094e16a50 JavaThread "SCR Component Registry"     daemon [_thread_blocked, id=8196, stack(0x00000080afd00000,0x00000080afe00000) (1024K)]
Total: 32

Other Threads:
  0x000001a052d2ce90 VMThread "VM Thread"                           [id=15296, stack(0x00000080ad900000,0x00000080ada00000) (1024K)]
  0x000001a052ca13b0 WatcherThread "VM Periodic Task Thread"        [id=12292, stack(0x00000080ad800000,0x00000080ad900000) (1024K)]
  0x000001a03ea3c8c0 WorkerThread "GC Thread#0"                     [id=2892, stack(0x00000080ad700000,0x00000080ad800000) (1024K)]
  0x000001a094e70f90 WorkerThread "GC Thread#1"                     [id=9192, stack(0x00000080ae400000,0x00000080ae500000) (1024K)]
  0x000001a094e705b0 WorkerThread "GC Thread#2"                     [id=13120, stack(0x00000080ae500000,0x00000080ae600000) (1024K)]
  0x000001a099145230 WorkerThread "GC Thread#3"                     [id=10716, stack(0x00000080ae600000,0x00000080ae700000) (1024K)]
Total: 6

Threads with active compile tasks:
C2 CompilerThread0  36636 3791   !   4       java.util.zip.ZipFile$ZipFileInputStream::close (59 bytes)
C1 CompilerThread0  36636 3812       3       org.eclipse.osgi.framework.eventmgr.CopyOnWriteIdentityMap::empty (4 bytes)
Total: 2

VM state: not at safepoint (normal execution)

VM Mutex/Monitor currently owned by a thread: None

Heap address: 0x00000000c0000000, size: 1024 MB, Compressed Oops mode: 32-bit

CDS archive(s) mapped at: [0x000001a053000000-0x000001a053ba0000-0x000001a053ba0000), size 12189696, SharedBaseAddress: 0x000001a053000000, ArchiveRelocationMode: 1.
Compressed class space mapped at: 0x000001a054000000-0x000001a094000000, reserved size: 1073741824
Narrow klass base: 0x000001a053000000, Narrow klass shift: 0, Narrow klass range: 0x100000000

GC Precious Log:
 CardTable entry size: 512
 CPUs: 4 total, 4 available
 Memory: 16329M
 Large Page Support: Disabled
 NUMA Support: Disabled
 Compressed Oops: Enabled (32-bit)
 Alignments: Space 512K, Generation 512K, Heap 2M
 Heap Min Capacity: 100M
 Heap Initial Capacity: 100M
 Heap Max Capacity: 1G
 Pre-touch: Disabled
 Parallel Workers: 4

Heap:
 PSYoungGen      total 27648K, used 7301K [0x00000000eab00000, 0x00000000ecb00000, 0x0000000100000000)
  eden space 23552K, 13% used [0x00000000eab00000,0x00000000eae32788,0x00000000ec200000)
  from space 4096K, 98% used [0x00000000ec280000,0x00000000ec66f050,0x00000000ec680000)
  to   space 4608K, 0% used [0x00000000ec680000,0x00000000ec680000,0x00000000ecb00000)
 ParOldGen       total 68608K, used 10304K [0x00000000c0000000, 0x00000000c4300000, 0x00000000eab00000)
  object space 68608K, 15% used [0x00000000c0000000,0x00000000c0a102d8,0x00000000c4300000)
 Metaspace       used 30638K, committed 31424K, reserved 1114112K
  class space    used 3006K, committed 3328K, reserved 1048576K

Card table byte_map: [0x000001a03e2e0000,0x000001a03e4f0000] _byte_map_base: 0x000001a03dce0000

Marking Bits: (ParMarkBitMap*) 0x00007ffa1ade3260
 Begin Bits: [0x000001a050c20000, 0x000001a051c20000)
 End Bits:   [0x000001a051c20000, 0x000001a052c20000)

Polling page: 0x000001a03c6e0000

Metaspace:

Usage:
  Non-class:     26.99 MB used.
      Class:      2.94 MB used.
       Both:     29.92 MB used.

Virtual space:
  Non-class space:       64.00 MB reserved,      27.44 MB ( 43%) committed,  1 nodes.
      Class space:        1.00 GB reserved,       3.25 MB ( <1%) committed,  1 nodes.
             Both:        1.06 GB reserved,      30.69 MB (  3%) committed. 

Chunk freelists:
   Non-Class:  4.17 MB
       Class:  12.76 MB
        Both:  16.93 MB

MaxMetaspaceSize: unlimited
CompressedClassSpaceSize: 1.00 GB
Initial GC threshold: 21.00 MB
Current GC threshold: 35.00 MB
CDS: on
 - commit_granule_bytes: 65536.
 - commit_granule_words: 8192.
 - virtual_space_node_default_size: 8388608.
 - enlarge_chunks_in_place: 1.
 - use_allocation_guard: 0.


Internal statistics:

num_allocs_failed_limit: 3.
num_arena_births: 568.
num_arena_deaths: 14.
num_vsnodes_births: 2.
num_vsnodes_deaths: 0.
num_space_committed: 491.
num_space_uncommitted: 0.
num_chunks_returned_to_freelist: 17.
num_chunks_taken_from_freelist: 1746.
num_chunk_merges: 9.
num_chunk_splits: 1153.
num_chunks_enlarged: 747.
num_inconsistent_stats: 0.

CodeHeap 'non-profiled nmethods': size=120000Kb used=1798Kb max_used=1798Kb free=118201Kb
 bounds [0x000001a0496f0000, 0x000001a049960000, 0x000001a050c20000]
CodeHeap 'profiled nmethods': size=120000Kb used=7517Kb max_used=7517Kb free=112482Kb
 bounds [0x000001a041c20000, 0x000001a042380000, 0x000001a049150000]
CodeHeap 'non-nmethods': size=5760Kb used=1350Kb max_used=1408Kb free=4409Kb
 bounds [0x000001a049150000, 0x000001a0493c0000, 0x000001a0496f0000]
 total_blobs=4454 nmethods=3810 adapters=550
 compilation: enabled
              stopped_count=0, restarted_count=0
 full_count=0

Compilation events (20 events):
Event: 36.593 Thread 0x000001a052dc3470 nmethod 3788 0x000001a04236c890 code [0x000001a04236ca60, 0x000001a04236cd38]
Event: 36.593 Thread 0x000001a052dc3470 3787       3       java.lang.AbstractStringBuilder::inflateIfNeededFor (22 bytes)
Event: 36.593 Thread 0x000001a052dc3470 nmethod 3787 0x000001a04236ce90 code [0x000001a04236d040, 0x000001a04236d250]
Event: 36.593 Thread 0x000001a052dc3470 3786       3       java.lang.Module::getLayer (43 bytes)
Event: 36.594 Thread 0x000001a052dc3470 nmethod 3786 0x000001a04236d390 code [0x000001a04236d560, 0x000001a04236d8f8]
Event: 36.594 Thread 0x000001a052d53380 nmethod 3789 0x000001a0498b0990 code [0x000001a0498b0b20, 0x000001a0498b0c50]
Event: 36.594 Thread 0x000001a052d53380 3791   !   4       java.util.zip.ZipFile$ZipFileInputStream::close (59 bytes)
Event: 36.595 Thread 0x000001a052dc3470 3792       3       sun.nio.fs.NativeBuffers::getNativeBufferFromCache (51 bytes)
Event: 36.596 Thread 0x000001a052dc3470 nmethod 3792 0x000001a04236da10 code [0x000001a04236dc00, 0x000001a04236e308]
Event: 36.596 Thread 0x000001a052dc3470 3794       3       sun.nio.fs.NativeBuffers::releaseNativeBuffer (97 bytes)
Event: 36.597 Thread 0x000001a052dc3470 nmethod 3794 0x000001a04236e510 code [0x000001a04236e880, 0x000001a0423701a8]
Event: 36.597 Thread 0x000001a052dc3470 3793       3       sun.nio.fs.NativeBuffer::release (5 bytes)
Event: 36.597 Thread 0x000001a052dc3470 nmethod 3793 0x000001a042370890 code [0x000001a042370a40, 0x000001a042370b78]
Event: 36.597 Thread 0x000001a052dc3470 3796       3       com.sun.org.apache.xml.internal.serializer.WriterToUTF8Buffered::write (296 bytes)
Event: 36.597 Thread 0x000001a052dc3470 nmethod 3796 0x000001a042370c10 code [0x000001a042370e20, 0x000001a042371458]
Event: 36.598 Thread 0x000001a052dc3470 3795       3       com.sun.org.apache.xerces.internal.util.AugmentationsImpl::<init> (17 bytes)
Event: 36.598 Thread 0x000001a052dc3470 nmethod 3795 0x000001a042371710 code [0x000001a0423718e0, 0x000001a042371ca0]
Event: 36.598 Thread 0x000001a052dc3470 3797       3       org.eclipse.core.runtime.ServiceCaller$ReferenceAndService::bundleChanged (32 bytes)
Event: 36.598 Thread 0x000001a052dc3470 nmethod 3797 0x000001a042371e10 code [0x000001a042372040, 0x000001a042372798]
Event: 36.598 Thread 0x000001a052dc3470 3798  s    3       org.eclipse.core.internal.registry.RegistryObjectManager::add (49 bytes)

GC Heap History (20 events):
Event: 2.192 GC heap before
{Heap before GC invocations=1 (full 0):
 PSYoungGen      total 29696K, used 25600K [0x00000000eab00000, 0x00000000ecc00000, 0x0000000100000000)
  eden space 25600K, 100% used [0x00000000eab00000,0x00000000ec400000,0x00000000ec400000)
  from space 4096K, 0% used [0x00000000ec800000,0x00000000ec800000,0x00000000ecc00000)
  to   space 4096K, 0% used [0x00000000ec400000,0x00000000ec400000,0x00000000ec800000)
 ParOldGen       total 68608K, used 0K [0x00000000c0000000, 0x00000000c4300000, 0x00000000eab00000)
  object space 68608K, 0% used [0x00000000c0000000,0x00000000c0000000,0x00000000c4300000)
 Metaspace       used 4369K, committed 4544K, reserved 1114112K
  class space    used 439K, committed 512K, reserved 1048576K
}
Event: 2.202 GC heap after
{Heap after GC invocations=1 (full 0):
 PSYoungGen      total 29696K, used 3237K [0x00000000eab00000, 0x00000000ecc00000, 0x0000000100000000)
  eden space 25600K, 0% used [0x00000000eab00000,0x00000000eab00000,0x00000000ec400000)
  from space 4096K, 79% used [0x00000000ec400000,0x00000000ec7297f0,0x00000000ec800000)
  to   space 4096K, 0% used [0x00000000ec800000,0x00000000ec800000,0x00000000ecc00000)
 ParOldGen       total 68608K, used 8K [0x00000000c0000000, 0x00000000c4300000, 0x00000000eab00000)
  object space 68608K, 0% used [0x00000000c0000000,0x00000000c0002000,0x00000000c4300000)
 Metaspace       used 4369K, committed 4544K, reserved 1114112K
  class space    used 439K, committed 512K, reserved 1048576K
}
Event: 3.522 GC heap before
{Heap before GC invocations=2 (full 0):
 PSYoungGen      total 29696K, used 28837K [0x00000000eab00000, 0x00000000ecc00000, 0x0000000100000000)
  eden space 25600K, 100% used [0x00000000eab00000,0x00000000ec400000,0x00000000ec400000)
  from space 4096K, 79% used [0x00000000ec400000,0x00000000ec7297f0,0x00000000ec800000)
  to   space 4096K, 0% used [0x00000000ec800000,0x00000000ec800000,0x00000000ecc00000)
 ParOldGen       total 68608K, used 8K [0x00000000c0000000, 0x00000000c4300000, 0x00000000eab00000)
  object space 68608K, 0% used [0x00000000c0000000,0x00000000c0002000,0x00000000c4300000)
 Metaspace       used 8228K, committed 8512K, reserved 1114112K
  class space    used 816K, committed 960K, reserved 1048576K
}
Event: 3.528 GC heap after
{Heap after GC invocations=2 (full 0):
 PSYoungGen      total 29696K, used 4074K [0x00000000eab00000, 0x00000000ecc00000, 0x0000000100000000)
  eden space 25600K, 0% used [0x00000000eab00000,0x00000000eab00000,0x00000000ec400000)
  from space 4096K, 99% used [0x00000000ec800000,0x00000000ecbfa948,0x00000000ecc00000)
  to   space 4096K, 0% used [0x00000000ec400000,0x00000000ec400000,0x00000000ec800000)
 ParOldGen       total 68608K, used 873K [0x00000000c0000000, 0x00000000c4300000, 0x00000000eab00000)
  object space 68608K, 1% used [0x00000000c0000000,0x00000000c00da698,0x00000000c4300000)
 Metaspace       used 8228K, committed 8512K, reserved 1114112K
  class space    used 816K, committed 960K, reserved 1048576K
}
Event: 4.739 GC heap before
{Heap before GC invocations=3 (full 0):
 PSYoungGen      total 29696K, used 29674K [0x00000000eab00000, 0x00000000ecc00000, 0x0000000100000000)
  eden space 25600K, 99% used [0x00000000eab00000,0x00000000ec3fffe8,0x00000000ec400000)
  from space 4096K, 99% used [0x00000000ec800000,0x00000000ecbfa948,0x00000000ecc00000)
  to   space 4096K, 0% used [0x00000000ec400000,0x00000000ec400000,0x00000000ec800000)
 ParOldGen       total 68608K, used 873K [0x00000000c0000000, 0x00000000c4300000, 0x00000000eab00000)
  object space 68608K, 1% used [0x00000000c0000000,0x00000000c00da698,0x00000000c4300000)
 Metaspace       used 13004K, committed 13504K, reserved 1114112K
  class space    used 1308K, committed 1536K, reserved 1048576K
}
Event: 4.749 GC heap after
{Heap after GC invocations=3 (full 0):
 PSYoungGen      total 29696K, used 4067K [0x00000000eab00000, 0x00000000ecc00000, 0x0000000100000000)
  eden space 25600K, 0% used [0x00000000eab00000,0x00000000eab00000,0x00000000ec400000)
  from space 4096K, 99% used [0x00000000ec400000,0x00000000ec7f8eb8,0x00000000ec800000)
  to   space 4096K, 0% used [0x00000000ec800000,0x00000000ec800000,0x00000000ecc00000)
 ParOldGen       total 68608K, used 2710K [0x00000000c0000000, 0x00000000c4300000, 0x00000000eab00000)
  object space 68608K, 3% used [0x00000000c0000000,0x00000000c02a59e0,0x00000000c4300000)
 Metaspace       used 13004K, committed 13504K, reserved 1114112K
  class space    used 1308K, committed 1536K, reserved 1048576K
}
Event: 5.772 GC heap before
{Heap before GC invocations=4 (full 0):
 PSYoungGen      total 29696K, used 29667K [0x00000000eab00000, 0x00000000ecc00000, 0x0000000100000000)
  eden space 25600K, 100% used [0x00000000eab00000,0x00000000ec400000,0x00000000ec400000)
  from space 4096K, 99% used [0x00000000ec400000,0x00000000ec7f8eb8,0x00000000ec800000)
  to   space 4096K, 0% used [0x00000000ec800000,0x00000000ec800000,0x00000000ecc00000)
 ParOldGen       total 68608K, used 2710K [0x00000000c0000000, 0x00000000c4300000, 0x00000000eab00000)
  object space 68608K, 3% used [0x00000000c0000000,0x00000000c02a59e0,0x00000000c4300000)
 Metaspace       used 17028K, committed 17664K, reserved 1114112K
  class space    used 1705K, committed 1920K, reserved 1048576K
}
Event: 5.778 GC heap after
{Heap after GC invocations=4 (full 0):
 PSYoungGen      total 29696K, used 4078K [0x00000000eab00000, 0x00000000ecc00000, 0x0000000100000000)
  eden space 25600K, 0% used [0x00000000eab00000,0x00000000eab00000,0x00000000ec400000)
  from space 4096K, 99% used [0x00000000ec800000,0x00000000ecbfb990,0x00000000ecc00000)
  to   space 4096K, 0% used [0x00000000ec400000,0x00000000ec400000,0x00000000ec800000)
 ParOldGen       total 68608K, used 5231K [0x00000000c0000000, 0x00000000c4300000, 0x00000000eab00000)
  object space 68608K, 7% used [0x00000000c0000000,0x00000000c051bcf8,0x00000000c4300000)
 Metaspace       used 17028K, committed 17664K, reserved 1114112K
  class space    used 1705K, committed 1920K, reserved 1048576K
}
Event: 6.299 GC heap before
{Heap before GC invocations=5 (full 0):
 PSYoungGen      total 29696K, used 29678K [0x00000000eab00000, 0x00000000ecc00000, 0x0000000100000000)
  eden space 25600K, 100% used [0x00000000eab00000,0x00000000ec400000,0x00000000ec400000)
  from space 4096K, 99% used [0x00000000ec800000,0x00000000ecbfb990,0x00000000ecc00000)
  to   space 4096K, 0% used [0x00000000ec400000,0x00000000ec400000,0x00000000ec800000)
 ParOldGen       total 68608K, used 5231K [0x00000000c0000000, 0x00000000c4300000, 0x00000000eab00000)
  object space 68608K, 7% used [0x00000000c0000000,0x00000000c051bcf8,0x00000000c4300000)
 Metaspace       used 20361K, committed 20992K, reserved 1114112K
  class space    used 1939K, committed 2176K, reserved 1048576K
}
Event: 6.304 GC heap after
{Heap after GC invocations=5 (full 0):
 PSYoungGen      total 29184K, used 4088K [0x00000000eab00000, 0x00000000ece80000, 0x0000000100000000)
  eden space 25088K, 0% used [0x00000000eab00000,0x00000000eab00000,0x00000000ec380000)
  from space 4096K, 99% used [0x00000000ec400000,0x00000000ec7fe1b0,0x00000000ec800000)
  to   space 5632K, 0% used [0x00000000ec900000,0x00000000ec900000,0x00000000ece80000)
 ParOldGen       total 68608K, used 5993K [0x00000000c0000000, 0x00000000c4300000, 0x00000000eab00000)
  object space 68608K, 8% used [0x00000000c0000000,0x00000000c05da590,0x00000000c4300000)
 Metaspace       used 20361K, committed 20992K, reserved 1114112K
  class space    used 1939K, committed 2176K, reserved 1048576K
}
Event: 6.433 GC heap before
{Heap before GC invocations=6 (full 0):
 PSYoungGen      total 29184K, used 9238K [0x00000000eab00000, 0x00000000ece80000, 0x0000000100000000)
  eden space 25088K, 20% used [0x00000000eab00000,0x00000000eb007938,0x00000000ec380000)
  from space 4096K, 99% used [0x00000000ec400000,0x00000000ec7fe1b0,0x00000000ec800000)
  to   space 5632K, 0% used [0x00000000ec900000,0x00000000ec900000,0x00000000ece80000)
 ParOldGen       total 68608K, used 5993K [0x00000000c0000000, 0x00000000c4300000, 0x00000000eab00000)
  object space 68608K, 8% used [0x00000000c0000000,0x00000000c05da590,0x00000000c4300000)
 Metaspace       used 20874K, committed 21504K, reserved 1114112K
  class space    used 1970K, committed 2176K, reserved 1048576K
}
Event: 6.439 GC heap after
{Heap after GC invocations=6 (full 0):
 PSYoungGen      total 29696K, used 4144K [0x00000000eab00000, 0x00000000ecd80000, 0x0000000100000000)
  eden space 25088K, 0% used [0x00000000eab00000,0x00000000eab00000,0x00000000ec380000)
  from space 4608K, 89% used [0x00000000ec900000,0x00000000ecd0c280,0x00000000ecd80000)
  to   space 4608K, 0% used [0x00000000ec480000,0x00000000ec480000,0x00000000ec900000)
 ParOldGen       total 68608K, used 5993K [0x00000000c0000000, 0x00000000c4300000, 0x00000000eab00000)
  object space 68608K, 8% used [0x00000000c0000000,0x00000000c05da590,0x00000000c4300000)
 Metaspace       used 20874K, committed 21504K, reserved 1114112K
  class space    used 1970K, committed 2176K, reserved 1048576K
}
Event: 6.439 GC heap before
{Heap before GC invocations=7 (full 1):
 PSYoungGen      total 29696K, used 4144K [0x00000000eab00000, 0x00000000ecd80000, 0x0000000100000000)
  eden space 25088K, 0% used [0x00000000eab00000,0x00000000eab00000,0x00000000ec380000)
  from space 4608K, 89% used [0x00000000ec900000,0x00000000ecd0c280,0x00000000ecd80000)
  to   space 4608K, 0% used [0x00000000ec480000,0x00000000ec480000,0x00000000ec900000)
 ParOldGen       total 68608K, used 5993K [0x00000000c0000000, 0x00000000c4300000, 0x00000000eab00000)
  object space 68608K, 8% used [0x00000000c0000000,0x00000000c05da590,0x00000000c4300000)
 Metaspace       used 20874K, committed 21504K, reserved 1114112K
  class space    used 1970K, committed 2176K, reserved 1048576K
}
Event: 6.475 GC heap after
{Heap after GC invocations=7 (full 1):
 PSYoungGen      total 29696K, used 0K [0x00000000eab00000, 0x00000000ecd80000, 0x0000000100000000)
  eden space 25088K, 0% used [0x00000000eab00000,0x00000000eab00000,0x00000000ec380000)
  from space 4608K, 0% used [0x00000000ec900000,0x00000000ec900000,0x00000000ecd80000)
  to   space 4608K, 0% used [0x00000000ec480000,0x00000000ec480000,0x00000000ec900000)
 ParOldGen       total 68608K, used 8318K [0x00000000c0000000, 0x00000000c4300000, 0x00000000eab00000)
  object space 68608K, 12% used [0x00000000c0000000,0x00000000c081f878,0x00000000c4300000)
 Metaspace       used 20862K, committed 21504K, reserved 1114112K
  class space    used 1966K, committed 2176K, reserved 1048576K
}
Event: 7.522 GC heap before
{Heap before GC invocations=8 (full 1):
 PSYoungGen      total 29696K, used 25088K [0x00000000eab00000, 0x00000000ecd80000, 0x0000000100000000)
  eden space 25088K, 100% used [0x00000000eab00000,0x00000000ec380000,0x00000000ec380000)
  from space 4608K, 0% used [0x00000000ec900000,0x00000000ec900000,0x00000000ecd80000)
  to   space 4608K, 0% used [0x00000000ec480000,0x00000000ec480000,0x00000000ec900000)
 ParOldGen       total 68608K, used 8318K [0x00000000c0000000, 0x00000000c4300000, 0x00000000eab00000)
  object space 68608K, 12% used [0x00000000c0000000,0x00000000c081f878,0x00000000c4300000)
 Metaspace       used 22819K, committed 23552K, reserved 1114112K
  class space    used 2121K, committed 2368K, reserved 1048576K
}
Event: 7.524 GC heap after
{Heap after GC invocations=8 (full 1):
 PSYoungGen      total 27648K, used 2617K [0x00000000eab00000, 0x00000000eca00000, 0x0000000100000000)
  eden space 24576K, 0% used [0x00000000eab00000,0x00000000eab00000,0x00000000ec300000)
  from space 3072K, 85% used [0x00000000ec480000,0x00000000ec70e4f8,0x00000000ec780000)
  to   space 2560K, 0% used [0x00000000ec780000,0x00000000ec780000,0x00000000eca00000)
 ParOldGen       total 68608K, used 8326K [0x00000000c0000000, 0x00000000c4300000, 0x00000000eab00000)
  object space 68608K, 12% used [0x00000000c0000000,0x00000000c0821878,0x00000000c4300000)
 Metaspace       used 22819K, committed 23552K, reserved 1114112K
  class space    used 2121K, committed 2368K, reserved 1048576K
}
Event: 8.617 GC heap before
{Heap before GC invocations=9 (full 1):
 PSYoungGen      total 27648K, used 27191K [0x00000000eab00000, 0x00000000eca00000, 0x0000000100000000)
  eden space 24576K, 99% used [0x00000000eab00000,0x00000000ec2ff728,0x00000000ec300000)
  from space 3072K, 85% used [0x00000000ec480000,0x00000000ec70e4f8,0x00000000ec780000)
  to   space 2560K, 0% used [0x00000000ec780000,0x00000000ec780000,0x00000000eca00000)
 ParOldGen       total 68608K, used 8326K [0x00000000c0000000, 0x00000000c4300000, 0x00000000eab00000)
  object space 68608K, 12% used [0x00000000c0000000,0x00000000c0821878,0x00000000c4300000)
 Metaspace       used 26660K, committed 27456K, reserved 1114112K
  class space    used 2545K, committed 2880K, reserved 1048576K
}
Event: 8.622 GC heap after
{Heap after GC invocations=9 (full 1):
 PSYoungGen      total 26624K, used 2536K [0x00000000eab00000, 0x00000000ecc80000, 0x0000000100000000)
  eden space 24064K, 0% used [0x00000000eab00000,0x00000000eab00000,0x00000000ec280000)
  from space 2560K, 99% used [0x00000000ec780000,0x00000000ec9fa108,0x00000000eca00000)
  to   space 5120K, 0% used [0x00000000ec280000,0x00000000ec280000,0x00000000ec780000)
 ParOldGen       total 68608K, used 10296K [0x00000000c0000000, 0x00000000c4300000, 0x00000000eab00000)
  object space 68608K, 15% used [0x00000000c0000000,0x00000000c0a0e2d8,0x00000000c4300000)
 Metaspace       used 26660K, committed 27456K, reserved 1114112K
  class space    used 2545K, committed 2880K, reserved 1048576K
}
Event: 36.374 GC heap before
{Heap before GC invocations=10 (full 1):
 PSYoungGen      total 26624K, used 26600K [0x00000000eab00000, 0x00000000ecc80000, 0x0000000100000000)
  eden space 24064K, 100% used [0x00000000eab00000,0x00000000ec280000,0x00000000ec280000)
  from space 2560K, 99% used [0x00000000ec780000,0x00000000ec9fa108,0x00000000eca00000)
  to   space 5120K, 0% used [0x00000000ec280000,0x00000000ec280000,0x00000000ec780000)
 ParOldGen       total 68608K, used 10296K [0x00000000c0000000, 0x00000000c4300000, 0x00000000eab00000)
  object space 68608K, 15% used [0x00000000c0000000,0x00000000c0a0e2d8,0x00000000c4300000)
 Metaspace       used 30194K, committed 31040K, reserved 1114112K
  class space    used 2941K, committed 3328K, reserved 1048576K
}
Event: 36.378 GC heap after
{Heap after GC invocations=10 (full 1):
 PSYoungGen      total 27648K, used 4028K [0x00000000eab00000, 0x00000000ecb00000, 0x0000000100000000)
  eden space 23552K, 0% used [0x00000000eab00000,0x00000000eab00000,0x00000000ec200000)
  from space 4096K, 98% used [0x00000000ec280000,0x00000000ec66f050,0x00000000ec680000)
  to   space 4608K, 0% used [0x00000000ec680000,0x00000000ec680000,0x00000000ecb00000)
 ParOldGen       total 68608K, used 10304K [0x00000000c0000000, 0x00000000c4300000, 0x00000000eab00000)
  object space 68608K, 15% used [0x00000000c0000000,0x00000000c0a102d8,0x00000000c4300000)
 Metaspace       used 30194K, committed 31040K, reserved 1114112K
  class space    used 2941K, committed 3328K, reserved 1048576K
}

Dll operation events (10 events):
Event: 0.026 Loaded shared library c:\Users\Ozarkpepi\.vscode\extensions\redhat.java-1.41.1-win32-x64\jre\21.0.6-win32-x86_64\bin\java.dll
Event: 0.281 Loaded shared library c:\Users\Ozarkpepi\.vscode\extensions\redhat.java-1.41.1-win32-x64\jre\21.0.6-win32-x86_64\bin\zip.dll
Event: 0.338 Loaded shared library C:\Users\Ozarkpepi\.vscode\extensions\redhat.java-1.41.1-win32-x64\jre\21.0.6-win32-x86_64\bin\instrument.dll
Event: 0.344 Loaded shared library C:\Users\Ozarkpepi\.vscode\extensions\redhat.java-1.41.1-win32-x64\jre\21.0.6-win32-x86_64\bin\net.dll
Event: 0.348 Loaded shared library C:\Users\Ozarkpepi\.vscode\extensions\redhat.java-1.41.1-win32-x64\jre\21.0.6-win32-x86_64\bin\nio.dll
Event: 0.353 Loaded shared library C:\Users\Ozarkpepi\.vscode\extensions\redhat.java-1.41.1-win32-x64\jre\21.0.6-win32-x86_64\bin\zip.dll
Event: 0.406 Loaded shared library C:\Users\Ozarkpepi\.vscode\extensions\redhat.java-1.41.1-win32-x64\jre\21.0.6-win32-x86_64\bin\jimage.dll
Event: 0.661 Loaded shared library c:\Users\Ozarkpepi\.vscode\extensions\redhat.java-1.41.1-win32-x64\jre\21.0.6-win32-x86_64\bin\verify.dll
Event: 3.345 Loaded shared library C:\Users\Ozarkpepi\AppData\Roaming\Code\User\globalStorage\redhat.java\1.41.1\config_ss_win\org.eclipse.equinox.launcher\org.eclipse.equinox.launcher.win32.win32.x86_64_1.2.1300.v20250331-1702\eclipse_11911.dll
Event: 5.390 Loaded shared library C:\Users\Ozarkpepi\AppData\Local\Temp\jna-374002589\jna3231889466572883508.dll

Deoptimization events (20 events):
Event: 36.586 Thread 0x000001a094e17e00 Uncommon trap: trap_request=0xffffff45 fr.pc=0x000001a049771308 relative=0x0000000000000448
Event: 36.586 Thread 0x000001a094e17e00 Uncommon trap: reason=unstable_if action=reinterpret pc=0x000001a049771308 method=java.lang.AbstractStringBuilder.isLatin1()Z @ 10 c2
Event: 36.586 Thread 0x000001a094e17e00 DEOPT PACKING pc=0x000001a049771308 sp=0x00000080afafe640
Event: 36.586 Thread 0x000001a094e17e00 DEOPT UNPACKING pc=0x000001a0491a3aa2 sp=0x00000080afafe4d8 mode 2
Event: 36.586 Thread 0x000001a094e17e00 Uncommon trap: trap_request=0xffffff45 fr.pc=0x000001a04986c920 relative=0x00000000000004a0
Event: 36.586 Thread 0x000001a094e17e00 Uncommon trap: reason=unstable_if action=reinterpret pc=0x000001a04986c920 method=java.lang.String.getBytes([BIB)V @ 5 c2
Event: 36.586 Thread 0x000001a094e17e00 DEOPT PACKING pc=0x000001a04986c920 sp=0x00000080afafe4a0
Event: 36.586 Thread 0x000001a094e17e00 DEOPT UNPACKING pc=0x000001a0491a3aa2 sp=0x00000080afafe2d8 mode 2
Event: 36.586 Thread 0x000001a094e17e00 Uncommon trap: trap_request=0xffffff45 fr.pc=0x000001a04986f884 relative=0x0000000000000484
Event: 36.587 Thread 0x000001a094e17e00 Uncommon trap: reason=unstable_if action=reinterpret pc=0x000001a04986f884 method=java.lang.String.getBytes([BIB)V @ 5 c2
Event: 36.587 Thread 0x000001a094e17e00 DEOPT PACKING pc=0x000001a04986f884 sp=0x00000080afafe550
Event: 36.587 Thread 0x000001a094e17e00 DEOPT UNPACKING pc=0x000001a0491a3aa2 sp=0x00000080afafe448 mode 2
Event: 36.587 Thread 0x000001a094e17e00 Uncommon trap: trap_request=0xffffff45 fr.pc=0x000001a049742abc relative=0x000000000000011c
Event: 36.587 Thread 0x000001a094e17e00 Uncommon trap: reason=unstable_if action=reinterpret pc=0x000001a049742abc method=java.lang.AbstractStringBuilder.inflateIfNeededFor(Ljava/lang/String;)V @ 14 c2
Event: 36.587 Thread 0x000001a094e17e00 DEOPT PACKING pc=0x000001a049742abc sp=0x00000080afafe380
Event: 36.587 Thread 0x000001a094e17e00 DEOPT UNPACKING pc=0x000001a0491a3aa2 sp=0x00000080afafe2e0 mode 2
Event: 36.587 Thread 0x000001a094e17e00 Uncommon trap: trap_request=0xffffff45 fr.pc=0x000001a049748d7c relative=0x00000000000000dc
Event: 36.587 Thread 0x000001a094e17e00 Uncommon trap: reason=unstable_if action=reinterpret pc=0x000001a049748d7c method=java.lang.String.getBytes([BIB)V @ 5 c2
Event: 36.587 Thread 0x000001a094e17e00 DEOPT PACKING pc=0x000001a049748d7c sp=0x00000080afafe300
Event: 36.587 Thread 0x000001a094e17e00 DEOPT UNPACKING pc=0x000001a0491a3aa2 sp=0x00000080afafe2c8 mode 2

Classes loaded (20 events):
Event: 36.582 Loading class java/lang/StackStreamFactory$FrameBuffer done
Event: 36.582 Loading class java/lang/StackStreamFactory$StackFrameTraverser$StackFrameBuffer done
Event: 36.583 Loading class java/lang/Throwable$WrappedPrintWriter
Event: 36.583 Loading class java/lang/Throwable$PrintStreamOrWriter
Event: 36.584 Loading class java/lang/Throwable$PrintStreamOrWriter done
Event: 36.584 Loading class java/lang/Throwable$WrappedPrintWriter done
Event: 36.584 Loading class java/util/logging/Level$RbAccess
Event: 36.584 Loading class java/util/logging/Level$RbAccess done
Event: 36.584 Loading class sun/util/logging/resources/logging
Event: 36.585 Loading class sun/util/logging/resources/logging done
Event: 36.585 Loading class sun/util/logging/resources/logging_es
Event: 36.585 Loading class sun/util/logging/resources/logging_es done
Event: 36.585 Loading class sun/util/logging/resources/logging_es_CO
Event: 36.585 Loading class sun/util/logging/resources/logging_es_CO done
Event: 36.585 Loading class sun/util/logging/resources/logging_es_CO
Event: 36.585 Loading class sun/util/logging/resources/logging_es_CO done
Event: 36.585 Loading class java/util/Formatter$DateTime
Event: 36.586 Loading class java/util/Formatter$DateTime done
Event: 36.586 Loading class java/time/ZonedDateTime$1
Event: 36.586 Loading class java/time/ZonedDateTime$1 done

Classes unloaded (7 events):
Event: 6.446 Thread 0x000001a052d2ce90 Unloading class 0x000001a054182c00 'java/lang/invoke/LambdaForm$MH+0x000001a054182c00'
Event: 6.446 Thread 0x000001a052d2ce90 Unloading class 0x000001a054182800 'java/lang/invoke/LambdaForm$MH+0x000001a054182800'
Event: 6.446 Thread 0x000001a052d2ce90 Unloading class 0x000001a054182400 'java/lang/invoke/LambdaForm$MH+0x000001a054182400'
Event: 6.446 Thread 0x000001a052d2ce90 Unloading class 0x000001a054182000 'java/lang/invoke/LambdaForm$MH+0x000001a054182000'
Event: 6.446 Thread 0x000001a052d2ce90 Unloading class 0x000001a054181c00 'java/lang/invoke/LambdaForm$BMH+0x000001a054181c00'
Event: 6.446 Thread 0x000001a052d2ce90 Unloading class 0x000001a054181800 'java/lang/invoke/LambdaForm$DMH+0x000001a054181800'
Event: 6.446 Thread 0x000001a052d2ce90 Unloading class 0x000001a054180400 'java/lang/invoke/LambdaForm$DMH+0x000001a054180400'

Classes redefined (0 events):
No events

Internal exceptions (20 events):
Event: 8.723 Thread 0x000001a0996ee1c0 Exception <a 'java/io/FileNotFoundException'{0x00000000eb00f608}> (0x00000000eb00f608) 
thrown [s\src\hotspot\share\prims\jni.cpp, line 520]
Event: 8.734 Thread 0x000001a0996ee1c0 Exception <a 'java/lang/NoSuchMethodError'{0x00000000eb0332c0}: 'java.lang.Object java.lang.invoke.DirectMethodHandle$Holder.newInvokeSpecial(java.lang.Object, java.lang.Object, java.lang.Object, int)'> (0x00000000eb0332c0) 
thrown [s\src\hotspot\share\interpreter\linkResolver.cpp, line 773]
Event: 8.734 Thread 0x000001a0996ee1c0 Exception <a 'java/lang/NoSuchMethodError'{0x00000000eb036ed8}: 'java.lang.Object java.lang.invoke.DirectMethodHandle$Holder.invokeSpecial(java.lang.Object, java.lang.Object, java.lang.Object, java.lang.Object, int)'> (0x00000000eb036ed8) 
thrown [s\src\hotspot\share\interpreter\linkResolver.cpp, line 773]
Event: 8.734 Thread 0x000001a0996ee1c0 Exception <a 'java/lang/NoSuchMethodError'{0x00000000eb0506d0}: 'java.lang.Object java.lang.invoke.Invokers$Holder.linkToTargetMethod(java.lang.Object, java.lang.Object, int, java.lang.Object)'> (0x00000000eb0506d0) 
thrown [s\src\hotspot\share\interpreter\linkResolver.cpp, line 773]
Event: 8.738 Thread 0x000001a0996ee1c0 Exception <a 'java/lang/NoSuchMethodError'{0x00000000eb05ba40}: 'void java.lang.invoke.DirectMethodHandle$Holder.invokeStaticInit(java.lang.Object, java.lang.Object, java.lang.Object)'> (0x00000000eb05ba40) 
thrown [s\src\hotspot\share\interpreter\linkResolver.cpp, line 773]
Event: 9.046 Thread 0x000001a03c763ef0 Exception <a 'java/lang/NoSuchMethodError'{0x00000000eb4a0800}: 'void java.lang.invoke.DirectMethodHandle$Holder.invokeSpecial(java.lang.Object, java.lang.Object, java.lang.Object, java.lang.Object, java.lang.Object, java.lang.Object)'> (0x00000000eb4a0800) 
thrown [s\src\hotspot\share\interpreter\linkResolver.cpp, line 773]
Event: 9.049 Thread 0x000001a03c763ef0 Exception <a 'java/lang/IncompatibleClassChangeError'{0x00000000eb4a8980}: Found class java.lang.Object, but interface was expected> (0x00000000eb4a8980) 
thrown [s\src\hotspot\share\interpreter\linkResolver.cpp, line 840]
Event: 9.051 Thread 0x000001a03c763ef0 Exception <a 'java/lang/IncompatibleClassChangeError'{0x00000000eb4aa648}: Found class java.lang.Object, but interface was expected> (0x00000000eb4aa648) 
thrown [s\src\hotspot\share\interpreter\linkResolver.cpp, line 840]
Event: 12.645 Thread 0x000001a094e17e00 Exception <a 'java/lang/NoSuchMethodError'{0x00000000ebb3d0f0}: 'java.lang.Object java.lang.invoke.DirectMethodHandle$Holder.invokeInterface(java.lang.Object, java.lang.Object, java.lang.Object)'> (0x00000000ebb3d0f0) 
thrown [s\src\hotspot\share\interpreter\linkResolver.cpp, line 773]
Event: 12.676 Thread 0x000001a094e17e00 Exception <a 'java/io/FileNotFoundException'{0x00000000ebbc7968}> (0x00000000ebbc7968) 
thrown [s\src\hotspot\share\prims\jni.cpp, line 520]
Event: 12.807 Thread 0x000001a094e17e00 Exception <a 'sun/nio/fs/WindowsException'{0x00000000ebd3c080}> (0x00000000ebd3c080) 
thrown [s\src\hotspot\share\prims\jni.cpp, line 520]
Event: 17.096 Thread 0x000001a094e17e00 Exception <a 'java/lang/IncompatibleClassChangeError'{0x00000000ec0a0a18}: Found class java.lang.Object, but interface was expected> (0x00000000ec0a0a18) 
thrown [s\src\hotspot\share\interpreter\linkResolver.cpp, line 840]
Event: 36.315 Thread 0x000001a094e17e00 Exception <a 'java/lang/NoSuchMethodError'{0x00000000ec1f2c00}: 'void java.lang.invoke.DirectMethodHandle$Holder.invokeInterface(java.lang.Object, java.lang.Object)'> (0x00000000ec1f2c00) 
thrown [s\src\hotspot\share\interpreter\linkResolver.cpp, line 773]
Event: 36.438 Thread 0x000001a094e1d9e0 Exception <a 'java/io/FileNotFoundException'{0x00000000eab8f238}> (0x00000000eab8f238) 
thrown [s\src\hotspot\share\prims\jni.cpp, line 520]
Event: 36.457 Thread 0x000001a094e1d9e0 Exception <a 'java/lang/NoSuchMethodError'{0x00000000eabd29f8}: 'java.lang.Object java.lang.invoke.DirectMethodHandle$Holder.newInvokeSpecial(java.lang.Object, java.lang.Object, java.lang.Object, java.lang.Object, java.lang.Object, java.lang.Object, java.lang.Object, java.lang.Object, java.lang.Object, java.lang.Object)'> (0x00000000eabd29f8) 
thrown [s\src\hotspot\share\interpreter\linkResolver.cpp, line 773]
Event: 36.517 Thread 0x000001a094e1d9e0 Exception <a 'sun/nio/fs/WindowsException'{0x00000000eac43240}> (0x00000000eac43240) 
thrown [s\src\hotspot\share\prims\jni.cpp, line 520]
Event: 36.570 Thread 0x000001a094e17e00 Exception <a 'java/io/IOException'{0x00000000eac74f28}> (0x00000000eac74f28) 
thrown [s\src\hotspot\share\prims\jni.cpp, line 520]
Event: 36.584 Thread 0x000001a094e17e00 Exception <a 'java/lang/ClassNotFoundException'{0x00000000eacfd2a0}: sun/util/logging/resources/spi/loggingProvider> (0x00000000eacfd2a0) 
thrown [s\src\hotspot\share\classfile\systemDictionary.cpp, line 312]
Event: 36.595 Thread 0x000001a094e1b280 Exception <a 'sun/nio/fs/WindowsException'{0x00000000ead821e8}> (0x00000000ead821e8) 
thrown [s\src\hotspot\share\prims\jni.cpp, line 520]
Event: 36.595 Thread 0x000001a094e1b280 Exception <a 'sun/nio/fs/WindowsException'{0x00000000ead82838}> (0x00000000ead82838) 
thrown [s\src\hotspot\share\prims\jni.cpp, line 520]

ZGC Phase Switch (0 events):
No events

VM Operations (20 events):
Event: 7.784 Executing VM operation: HandshakeAllThreads (Deoptimize)
Event: 7.784 Executing VM operation: HandshakeAllThreads (Deoptimize) done
Event: 7.785 Executing VM operation: HandshakeAllThreads (Deoptimize)
Event: 7.785 Executing VM operation: HandshakeAllThreads (Deoptimize) done
Event: 8.105 Executing VM operation: HandshakeAllThreads (Deoptimize)
Event: 8.105 Executing VM operation: HandshakeAllThreads (Deoptimize) done
Event: 8.617 Executing VM operation: ParallelGCFailedAllocation (Allocation Failure)
Event: 8.622 Executing VM operation: ParallelGCFailedAllocation (Allocation Failure) done
Event: 10.621 Executing VM operation: Cleanup
Event: 10.621 Executing VM operation: Cleanup done
Event: 11.625 Executing VM operation: Cleanup
Event: 11.625 Executing VM operation: Cleanup done
Event: 12.635 Executing VM operation: Cleanup
Event: 12.635 Executing VM operation: Cleanup done
Event: 13.639 Executing VM operation: Cleanup
Event: 13.640 Executing VM operation: Cleanup done
Event: 17.673 Executing VM operation: Cleanup
Event: 17.673 Executing VM operation: Cleanup done
Event: 36.333 Executing VM operation: ParallelGCFailedAllocation (Allocation Failure)
Event: 36.378 Executing VM operation: ParallelGCFailedAllocation (Allocation Failure) done

Memory protections (0 events):
No events

Nmethod flushes (0 events):
No events

Events (20 events):
Event: 8.366 Thread 0x000001a03c763ef0 Thread added: 0x000001a099b5df30
Event: 8.368 Thread 0x000001a03c763ef0 Thread added: 0x000001a099b5e5c0
Event: 8.368 Thread 0x000001a03c763ef0 Thread added: 0x000001a099b5d8a0
Event: 8.369 Thread 0x000001a03c763ef0 Thread added: 0x000001a094e191b0
Event: 8.369 Thread 0x000001a03c763ef0 Thread added: 0x000001a094e1ccc0
Event: 8.454 Thread 0x000001a03c763ef0 Thread added: 0x000001a094e17770
Event: 8.622 Thread 0x000001a052dbaf10 Thread exited: 0x000001a052dbaf10
Event: 8.744 Thread 0x000001a099b5d210 Thread added: 0x000001a094e1d9e0
Event: 9.136 Thread 0x000001a03c763ef0 Thread added: 0x000001a094e1c630
Event: 9.136 Thread 0x000001a03c763ef0 Thread added: 0x000001a094e17e00
Event: 9.205 Thread 0x000001a052dc3470 Thread added: 0x000001a09b84ced0
Event: 10.609 Thread 0x000001a0999bfb10 Thread exited: 0x000001a0999bfb10
Event: 12.315 Thread 0x000001a09b84ced0 Thread exited: 0x000001a09b84ced0
Event: 36.255 Thread 0x000001a094e17e00 Thread added: 0x000001a094e1d350
Event: 36.318 Thread 0x000001a094e17e00 Thread added: 0x000001a094e19840
Event: 36.381 Thread 0x000001a094e1d9e0 Thread added: 0x000001a094e16a50
Event: 36.433 Thread 0x000001a094e16a50 Thread exited: 0x000001a094e16a50
Event: 36.462 Thread 0x000001a094e1d9e0 Thread added: 0x000001a094e1a560
Event: 36.511 Thread 0x000001a094e1a560 Thread exited: 0x000001a094e1a560
Event: 36.574 Thread 0x000001a03c763ef0 Thread added: 0x000001a094e1b280


Dynamic libraries:
0x00007ff7a0a60000 - 0x00007ff7a0a6e000 	c:\Users\Ozarkpepi\.vscode\extensions\redhat.java-1.41.1-win32-x64\jre\21.0.6-win32-x86_64\bin\java.exe
0x00007ffa43b10000 - 0x00007ffa43d08000 	C:\WINDOWS\SYSTEM32\ntdll.dll
0x00007ffa425e0000 - 0x00007ffa426a2000 	C:\WINDOWS\System32\KERNEL32.DLL
0x00007ffa413c0000 - 0x00007ffa416bf000 	C:\WINDOWS\System32\KERNELBASE.dll
0x00007ffa416c0000 - 0x00007ffa417c0000 	C:\WINDOWS\System32\ucrtbase.dll
0x00007ffa3e3e0000 - 0x00007ffa3e3f8000 	c:\Users\Ozarkpepi\.vscode\extensions\redhat.java-1.41.1-win32-x64\jre\21.0.6-win32-x86_64\bin\jli.dll
0x00007ffa43460000 - 0x00007ffa435fd000 	C:\WINDOWS\System32\USER32.dll
0x00007ffa41270000 - 0x00007ffa41292000 	C:\WINDOWS\System32\win32u.dll
0x00007ffa41b30000 - 0x00007ffa41b5b000 	C:\WINDOWS\System32\GDI32.dll
0x00007ffa412a0000 - 0x00007ffa413ba000 	C:\WINDOWS\System32\gdi32full.dll
0x00007ffa417c0000 - 0x00007ffa4185d000 	C:\WINDOWS\System32\msvcp_win.dll
0x00007ffa3e140000 - 0x00007ffa3e15e000 	c:\Users\Ozarkpepi\.vscode\extensions\redhat.java-1.41.1-win32-x64\jre\21.0.6-win32-x86_64\bin\VCRUNTIME140.dll
0x00007ffa2cde0000 - 0x00007ffa2d07a000 	C:\WINDOWS\WinSxS\amd64_microsoft.windows.common-controls_6595b64144ccf1df_6.0.19041.4355_none_60b8b9eb71f62e16\COMCTL32.dll
0x00007ffa42b60000 - 0x00007ffa42bfe000 	C:\WINDOWS\System32\msvcrt.dll
0x00007ffa43a30000 - 0x00007ffa43a5f000 	C:\WINDOWS\System32\IMM32.DLL
0x00007ffa3e030000 - 0x00007ffa3e03c000 	c:\Users\Ozarkpepi\.vscode\extensions\redhat.java-1.41.1-win32-x64\jre\21.0.6-win32-x86_64\bin\vcruntime140_1.dll
0x00007ffa219a0000 - 0x00007ffa21a2d000 	c:\Users\Ozarkpepi\.vscode\extensions\redhat.java-1.41.1-win32-x64\jre\21.0.6-win32-x86_64\bin\msvcp140.dll
0x00007ffa1a130000 - 0x00007ffa1aec0000 	c:\Users\Ozarkpepi\.vscode\extensions\redhat.java-1.41.1-win32-x64\jre\21.0.6-win32-x86_64\bin\server\jvm.dll
0x00007ffa42400000 - 0x00007ffa424af000 	C:\WINDOWS\System32\ADVAPI32.dll
0x00007ffa426b0000 - 0x00007ffa4274f000 	C:\WINDOWS\System32\sechost.dll
0x00007ffa41d30000 - 0x00007ffa41e53000 	C:\WINDOWS\System32\RPCRT4.dll
0x00007ffa411b0000 - 0x00007ffa411d7000 	C:\WINDOWS\System32\bcrypt.dll
0x00007ffa43370000 - 0x00007ffa433db000 	C:\WINDOWS\System32\WS2_32.dll
0x00007ffa41010000 - 0x00007ffa4105b000 	C:\WINDOWS\SYSTEM32\POWRPROF.dll
0x00007ffa2f8a0000 - 0x00007ffa2f8c7000 	C:\WINDOWS\SYSTEM32\WINMM.dll
0x00007ffa39ae0000 - 0x00007ffa39aea000 	C:\WINDOWS\SYSTEM32\VERSION.dll
0x00007ffa40ff0000 - 0x00007ffa41002000 	C:\WINDOWS\SYSTEM32\UMPDC.dll
0x00007ffa3f050000 - 0x00007ffa3f062000 	C:\WINDOWS\SYSTEM32\kernel.appcore.dll
0x00007ffa3dfc0000 - 0x00007ffa3dfca000 	c:\Users\Ozarkpepi\.vscode\extensions\redhat.java-1.41.1-win32-x64\jre\21.0.6-win32-x86_64\bin\jimage.dll
0x00007ffa2d080000 - 0x00007ffa2d264000 	C:\WINDOWS\SYSTEM32\DBGHELP.DLL
0x00007ffa2a770000 - 0x00007ffa2a7a4000 	C:\WINDOWS\SYSTEM32\dbgcore.DLL
0x00007ffa411e0000 - 0x00007ffa41262000 	C:\WINDOWS\System32\bcryptPrimitives.dll
0x00007ffa310e0000 - 0x00007ffa310ef000 	c:\Users\Ozarkpepi\.vscode\extensions\redhat.java-1.41.1-win32-x64\jre\21.0.6-win32-x86_64\bin\instrument.dll
0x00007ffa3b440000 - 0x00007ffa3b45f000 	c:\Users\Ozarkpepi\.vscode\extensions\redhat.java-1.41.1-win32-x64\jre\21.0.6-win32-x86_64\bin\java.dll
0x00007ffa42c00000 - 0x00007ffa4336d000 	C:\WINDOWS\System32\SHELL32.dll
0x00007ffa3f250000 - 0x00007ffa3f9f4000 	C:\WINDOWS\SYSTEM32\windows.storage.dll
0x00007ffa42800000 - 0x00007ffa42b55000 	C:\WINDOWS\System32\combase.dll
0x00007ffa40b10000 - 0x00007ffa40b3b000 	C:\WINDOWS\SYSTEM32\Wldp.dll
0x00007ffa43860000 - 0x00007ffa4392d000 	C:\WINDOWS\System32\OLEAUT32.dll
0x00007ffa42750000 - 0x00007ffa427fd000 	C:\WINDOWS\System32\SHCORE.dll
0x00007ffa439d0000 - 0x00007ffa43a25000 	C:\WINDOWS\System32\shlwapi.dll
0x00007ffa410e0000 - 0x00007ffa41105000 	C:\WINDOWS\SYSTEM32\profapi.dll
0x00007ffa310c0000 - 0x00007ffa310d8000 	c:\Users\Ozarkpepi\.vscode\extensions\redhat.java-1.41.1-win32-x64\jre\21.0.6-win32-x86_64\bin\zip.dll
0x00007ffa33810000 - 0x00007ffa33820000 	C:\Users\Ozarkpepi\.vscode\extensions\redhat.java-1.41.1-win32-x64\jre\21.0.6-win32-x86_64\bin\net.dll
0x00007ffa3a6e0000 - 0x00007ffa3a7ea000 	C:\WINDOWS\SYSTEM32\WINHTTP.dll
0x00007ffa40870000 - 0x00007ffa408dc000 	C:\WINDOWS\system32\mswsock.dll
0x00007ffa2e320000 - 0x00007ffa2e336000 	C:\Users\Ozarkpepi\.vscode\extensions\redhat.java-1.41.1-win32-x64\jre\21.0.6-win32-x86_64\bin\nio.dll
0x00007ffa292e0000 - 0x00007ffa292f0000 	c:\Users\Ozarkpepi\.vscode\extensions\redhat.java-1.41.1-win32-x64\jre\21.0.6-win32-x86_64\bin\verify.dll
0x00007ffa1d3d0000 - 0x00007ffa1d415000 	C:\Users\Ozarkpepi\AppData\Roaming\Code\User\globalStorage\redhat.java\1.41.1\config_ss_win\org.eclipse.equinox.launcher\org.eclipse.equinox.launcher.win32.win32.x86_64_1.2.1300.v20250331-1702\eclipse_11911.dll
0x00007ffa424b0000 - 0x00007ffa425db000 	C:\WINDOWS\System32\ole32.dll
0x00007ffa40a70000 - 0x00007ffa40a88000 	C:\WINDOWS\SYSTEM32\CRYPTSP.dll
0x00007ffa40190000 - 0x00007ffa401c8000 	C:\WINDOWS\system32\rsaenh.dll
0x00007ffa41060000 - 0x00007ffa4108e000 	C:\WINDOWS\SYSTEM32\USERENV.dll
0x00007ffa40a60000 - 0x00007ffa40a6c000 	C:\WINDOWS\SYSTEM32\CRYPTBASE.dll
0x00007ffa40550000 - 0x00007ffa4058b000 	C:\WINDOWS\SYSTEM32\IPHLPAPI.DLL
0x00007ffa43930000 - 0x00007ffa43938000 	C:\WINDOWS\System32\NSI.dll
0x00007ffa15a80000 - 0x00007ffa15ac9000 	C:\Users\Ozarkpepi\AppData\Local\Temp\jna-374002589\jna3231889466572883508.dll
0x00007ffa422e0000 - 0x00007ffa422e8000 	C:\WINDOWS\System32\PSAPI.DLL
0x00007ffa3ac00000 - 0x00007ffa3ac17000 	C:\WINDOWS\SYSTEM32\dhcpcsvc6.DLL
0x00007ffa3b1b0000 - 0x00007ffa3b1cd000 	C:\WINDOWS\SYSTEM32\dhcpcsvc.DLL
0x00007ffa403e0000 - 0x00007ffa40413000 	C:\WINDOWS\SYSTEM32\ntmarta.dll

dbghelp: loaded successfully - version: 4.0.5 - missing functions: none
symbol engine: initialized successfully - sym options: 0x614 - pdb path: .;c:\Users\Ozarkpepi\.vscode\extensions\redhat.java-1.41.1-win32-x64\jre\21.0.6-win32-x86_64\bin;C:\WINDOWS\SYSTEM32;C:\WINDOWS\WinSxS\amd64_microsoft.windows.common-controls_6595b64144ccf1df_6.0.19041.4355_none_60b8b9eb71f62e16;c:\Users\Ozarkpepi\.vscode\extensions\redhat.java-1.41.1-win32-x64\jre\21.0.6-win32-x86_64\bin\server;C:\Users\Ozarkpepi\AppData\Roaming\Code\User\globalStorage\redhat.java\1.41.1\config_ss_win\org.eclipse.equinox.launcher\org.eclipse.equinox.launcher.win32.win32.x86_64_1.2.1300.v20250331-1702;C:\Users\Ozarkpepi\AppData\Local\Temp\jna-374002589

VM Arguments:
jvm_args: --add-modules=ALL-SYSTEM --add-opens=java.base/java.util=ALL-UNNAMED --add-opens=java.base/java.lang=ALL-UNNAMED --add-opens=java.base/sun.nio.fs=ALL-UNNAMED -Declipse.application=org.eclipse.jdt.ls.core.id1 -Dosgi.bundles.defaultStartLevel=4 -Declipse.product=org.eclipse.jdt.ls.core.product -Djava.import.generatesMetadataFilesAtProjectRoot=false -DDetectVMInstallationsJob.disabled=true -Dfile.encoding=utf8 -XX:+UseParallelGC -XX:GCTimeRatio=4 -XX:AdaptiveSizePolicyWeight=90 -Dsun.zip.disableMemoryMapping=true -Xmx1G -Xms100m -Xlog:disable -javaagent:c:\Users\Ozarkpepi\.vscode\extensions\redhat.java-1.41.1-win32-x64\lombok\lombok-1.18.36.jar 
java_command: c:\Users\Ozarkpepi\.vscode\extensions\redhat.java-1.41.1-win32-x64\server\plugins\org.eclipse.equinox.launcher_1.7.0.v20250331-1702.jar -configuration c:\Users\Ozarkpepi\AppData\Roaming\Code\User\globalStorage\redhat.java\1.41.1\config_ss_win -data c:\Users\Ozarkpepi\AppData\Roaming\Code\User\workspaceStorage\d70f2e901b66cb8e4b19e26e49cd5ff8\redhat.java\ss_ws --pipe=\\.\pipe\lsp-e3cfcd3d05edcd1e2c7debad405f587c-sock
java_class_path (initial): c:\Users\Ozarkpepi\.vscode\extensions\redhat.java-1.41.1-win32-x64\server\plugins\org.eclipse.equinox.launcher_1.7.0.v20250331-1702.jar
Launcher Type: SUN_STANDARD

[Global flags]
    uintx AdaptiveSizePolicyWeight                 = 90                                        {product} {command line}
     intx CICompilerCount                          = 3                                         {product} {ergonomic}
    uintx GCTimeRatio                              = 4                                         {product} {command line}
   size_t InitialHeapSize                          = 104857600                                 {product} {command line}
   size_t MaxHeapSize                              = 1073741824                                {product} {command line}
   size_t MaxNewSize                               = 357564416                                 {product} {ergonomic}
   size_t MinHeapDeltaBytes                        = 524288                                    {product} {ergonomic}
   size_t MinHeapSize                              = 104857600                                 {product} {command line}
   size_t NewSize                                  = 34603008                                  {product} {ergonomic}
    uintx NonNMethodCodeHeapSize                   = 5832780                                {pd product} {ergonomic}
    uintx NonProfiledCodeHeapSize                  = 122912730                              {pd product} {ergonomic}
   size_t OldSize                                  = 70254592                                  {product} {ergonomic}
    uintx ProfiledCodeHeapSize                     = 122912730                              {pd product} {ergonomic}
    uintx ReservedCodeCacheSize                    = 251658240                              {pd product} {ergonomic}
     bool SegmentedCodeCache                       = true                                      {product} {ergonomic}
   size_t SoftMaxHeapSize                          = 1073741824                             {manageable} {ergonomic}
     bool UseCompressedOops                        = true                           {product lp64_product} {ergonomic}
     bool UseLargePagesIndividualAllocation        = false                                  {pd product} {ergonomic}
     bool UseParallelGC                            = true                                      {product} {command line}

Logging:
Log output configuration:
 #0: stdout all=off uptime,level,tags foldmultilines=false
 #1: stderr all=off uptime,level,tags foldmultilines=false

Environment Variables:
JAVA_HOME=C:\Program Files\Java\jdk-17
PATH=C:\Program Files\Common Files\Oracle\Java\javapath;C:\WINDOWS\system32;C:\WINDOWS;C:\WINDOWS\System32\Wbem;C:\WINDOWS\System32\WindowsPowerShell\v1.0\;C:\WINDOWS\System32\OpenSSH\;C:\Program Files (x86)\NVIDIA Corporation\PhysX\Common;C:\Program Files\NVIDIA Corporation\NVIDIA NvDLISR;D:\cmake\bin;D:\Git\cmd;C:\Program Files\Docker\Docker\resources\bin;D:\Warp;D:\flutter_windows_3.29.1-stable;D:\scrcpy-win64-v3.1\scrcpy-win64-v3.1;D:\;C:\Users\Ozarkpepi\AppData\Local\Programs\Python\Launcher\;C:\Users\Ozarkpepi\AppData\Local\Microsoft\WindowsApps;C:\Users\Ozarkpepi\AppData\Local\Programs\Microsoft VS Code\bin;C:\Users\Ozarkpepi\AppData\Local\GitHubDesktop\bin;C:\Users\Ozarkpepi\AppData\Local\Packages\PythonSoftwareFoundation.Python\Scripts;D:\platform-tools-latest-windows\platform-tools;D:\flutter\bin;C:\Program Files\Java\jdk-17\bin;D:\Windsurf\bin;C:\Users\Ozarkpepi\AppData\Roaming\npm
USERNAME=Ozarkpepi
OS=Windows_NT
PROCESSOR_IDENTIFIER=Intel64 Family 6 Model 58 Stepping 9, GenuineIntel
TMP=C:\Users\OZARKP~1\AppData\Local\Temp
TEMP=C:\Users\OZARKP~1\AppData\Local\Temp




Periodic native trim disabled

---------------  S Y S T E M  ---------------

OS:
 Windows 10 , 64 bit Build 19041 (10.0.19041.5438)
OS uptime: 0 days 7:35 hours

CPU: total 4 (initial active 4) (4 cores per cpu, 1 threads per core) family 6 model 58 stepping 9 microcode 0x21, cx8, cmov, fxsr, mmx, sse, sse2, sse3, ssse3, sse4.1, sse4.2, popcnt, tsc, tscinvbit, avx, aes, erms, clmul, vzeroupper, clflush, rdtscp, f16c
Processor Information for the first 4 processors :
  Max Mhz: 3201, Current Mhz: 2200, Mhz Limit: 3201

Memory: 4k page, system-wide physical 16329M (5111M free)
TotalPageFile size 16329M (AvailPageFile size 1M)
current process WorkingSet (physical memory assigned to process): 142M, peak: 173M
current process commit charge ("private bytes"): 229M, peak: 265M

vm_info: OpenJDK 64-Bit Server VM (21.0.6+7-LTS) for windows-amd64 JRE (21.0.6+7-LTS), built on 2025-01-21T00:00:00Z by "admin" with MS VC++ 17.7 (VS2022)

END.
