#
# There is insufficient memory for the Java Runtime Environment to continue.
# Native memory allocation (malloc) failed to allocate 32744 bytes. Error detail: Chunk::new
# Possible reasons:
#   The system is out of physical RAM or swap space
#   This process is running with CompressedOops enabled, and the Java Heap may be blocking the growth of the native heap
# Possible solutions:
#   Reduce memory load on the system
#   Increase physical memory or swap space
#   Check if swap backing store is full
#   Decrease Java heap size (-Xmx/-Xms)
#   Decrease number of Java threads
#   Decrease Java thread stack sizes (-Xss)
#   Set larger code cache with -XX:ReservedCodeCacheSize=
#   JVM is running with Unscaled Compressed Oops mode in which the Java heap is
#     placed in the first 4GB address space. The Java Heap base address is the
#     maximum limit for the native heap growth. Please use -XX:HeapBaseMinAddress
#     to set the Java Heap base and to place the Java Heap above 4GB virtual address.
# This output file may be truncated or incomplete.
#
#  Out of Memory Error (arena.cpp:168), pid=11988, tid=8672
#
# JRE version: OpenJDK Runtime Environment Temurin-21.0.6+7 (21.0.6+7) (build 21.0.6+7-LTS)
# Java VM: OpenJDK 64-Bit Server VM Temurin-21.0.6+7 (21.0.6+7-LTS, mixed mode, sharing, tiered, compressed oops, compressed class ptrs, parallel gc, windows-amd64)
# No core dump will be written. Minidumps are not enabled by default on client versions of Windows
#

---------------  S U M M A R Y ------------

Command Line: --add-modules=ALL-SYSTEM --add-opens=java.base/java.util=ALL-UNNAMED --add-opens=java.base/java.lang=ALL-UNNAMED --add-opens=java.base/sun.nio.fs=ALL-UNNAMED -Declipse.application=org.eclipse.jdt.ls.core.id1 -Dosgi.bundles.defaultStartLevel=4 -Declipse.product=org.eclipse.jdt.ls.core.product -Djava.import.generatesMetadataFilesAtProjectRoot=false -DDetectVMInstallationsJob.disabled=true -Dfile.encoding=utf8 -XX:+UseParallelGC -XX:GCTimeRatio=4 -XX:AdaptiveSizePolicyWeight=90 -Dsun.zip.disableMemoryMapping=true -Xmx1G -Xms100m -Xlog:disable -javaagent:c:\Users\Ozarkpepi\.vscode\extensions\redhat.java-1.41.1-win32-x64\lombok\lombok-1.18.36.jar -XX:+HeapDumpOnOutOfMemoryError -XX:HeapDumpPath=c:\Users\Ozarkpepi\AppData\Roaming\Code\User\workspaceStorage\d70f2e901b66cb8e4b19e26e49cd5ff8\redhat.java -Daether.dependencyCollector.impl=bf c:\Users\Ozarkpepi\.vscode\extensions\redhat.java-1.41.1-win32-x64\server\plugins\org.eclipse.equinox.launcher_1.7.0.v20250331-1702.jar -configuration c:\Users\Ozarkpepi\AppData\Roaming\Code\User\globalStorage\redhat.java\1.41.1\config_win -data c:\Users\Ozarkpepi\AppData\Roaming\Code\User\workspaceStorage\d70f2e901b66cb8e4b19e26e49cd5ff8\redhat.java\jdt_ws --pipe=\\.\pipe\lsp-47dd76dd7c27f47540cf404b7bb99685-sock

Host: Intel(R) Core(TM) i5-3470 CPU @ 3.20GHz, 4 cores, 15G,  Windows 10 , 64 bit Build 19041 (10.0.19041.5438)
Time: Sat Apr  5 16:08:39 2025 Hora est. Pacífico, Sudamérica elapsed time: 22.908762 seconds (0d 0h 0m 22s)

---------------  T H R E A D  ---------------

Current thread (0x000001c878923790):  JavaThread "C2 CompilerThread0" daemon [_thread_in_native, id=8672, stack(0x000000ba71e00000,0x000000ba71f00000) (1024K)]


Current CompileTask:
C2:22908 2211 %     4       java.lang.String::decodeUTF8_UTF16 @ 0 (624 bytes)

Stack: [0x000000ba71e00000,0x000000ba71f00000]
Native frames: (J=compiled Java code, j=interpreted, Vv=VM code, C=native code)
V  [jvm.dll+0x6cdee9]
V  [jvm.dll+0x8a83d1]
V  [jvm.dll+0x8aa8fe]
V  [jvm.dll+0x8aafe3]
V  [jvm.dll+0x27f706]
V  [jvm.dll+0xc500d]
V  [jvm.dll+0xc5543]
V  [jvm.dll+0x6f9aec]
V  [jvm.dll+0x1e00d6]
V  [jvm.dll+0x247b42]
V  [jvm.dll+0x246fcf]
V  [jvm.dll+0x1c75ee]
V  [jvm.dll+0x25685a]
V  [jvm.dll+0x254dfa]
V  [jvm.dll+0x3f0256]
V  [jvm.dll+0x851f8b]
V  [jvm.dll+0x6cc5ed]
C  [ucrtbase.dll+0x21bb2]
C  [KERNEL32.DLL+0x17374]
C  [ntdll.dll+0x4cc91]


---------------  P R O C E S S  ---------------

Threads class SMR info:
_java_thread_list=0x000001c87e4ce0f0, length=16, elements={
0x000001c8645ef530, 0x000001c878919db0, 0x000001c87891b6b0, 0x000001c87891d230,
0x000001c87891e140, 0x000001c87891ff00, 0x000001c878922960, 0x000001c878923790,
0x000001c8789966c0, 0x000001c8646b72e0, 0x000001c87993cc60, 0x000001c879a00060,
0x000001c87e5bc100, 0x000001c87e46a540, 0x000001c87e46aba0, 0x000001c87e90fe20
}

Java Threads: ( => current thread )
  0x000001c8645ef530 JavaThread "main"                              [_thread_blocked, id=6732, stack(0x000000ba71400000,0x000000ba71500000) (1024K)]
  0x000001c878919db0 JavaThread "Reference Handler"          daemon [_thread_blocked, id=12264, stack(0x000000ba71800000,0x000000ba71900000) (1024K)]
  0x000001c87891b6b0 JavaThread "Finalizer"                  daemon [_thread_blocked, id=1060, stack(0x000000ba71900000,0x000000ba71a00000) (1024K)]
  0x000001c87891d230 JavaThread "Signal Dispatcher"          daemon [_thread_blocked, id=5372, stack(0x000000ba71a00000,0x000000ba71b00000) (1024K)]
  0x000001c87891e140 JavaThread "Attach Listener"            daemon [_thread_blocked, id=12800, stack(0x000000ba71b00000,0x000000ba71c00000) (1024K)]
  0x000001c87891ff00 JavaThread "Service Thread"             daemon [_thread_blocked, id=11732, stack(0x000000ba71c00000,0x000000ba71d00000) (1024K)]
  0x000001c878922960 JavaThread "Monitor Deflation Thread"   daemon [_thread_blocked, id=2352, stack(0x000000ba71d00000,0x000000ba71e00000) (1024K)]
=>0x000001c878923790 JavaThread "C2 CompilerThread0"         daemon [_thread_in_native, id=8672, stack(0x000000ba71e00000,0x000000ba71f00000) (1024K)]
  0x000001c8789966c0 JavaThread "C1 CompilerThread0"         daemon [_thread_blocked, id=1404, stack(0x000000ba71f00000,0x000000ba72000000) (1024K)]
  0x000001c8646b72e0 JavaThread "Common-Cleaner"             daemon [_thread_blocked, id=14108, stack(0x000000ba72000000,0x000000ba72100000) (1024K)]
  0x000001c87993cc60 JavaThread "Notification Thread"        daemon [_thread_blocked, id=3184, stack(0x000000ba72100000,0x000000ba72200000) (1024K)]
  0x000001c879a00060 JavaThread "Active Thread: Equinox Container: 32a0eb4b-4b03-488a-8b92-3b074c9e85c9"        [_thread_blocked, id=1736, stack(0x000000ba72600000,0x000000ba72700000) (1024K)]
  0x000001c87e5bc100 JavaThread "Refresh Thread: Equinox Container: 32a0eb4b-4b03-488a-8b92-3b074c9e85c9" daemon [_thread_blocked, id=13480, stack(0x000000ba72200000,0x000000ba72300000) (1024K)]
  0x000001c87e46a540 JavaThread "Framework Event Dispatcher: Equinox Container: 32a0eb4b-4b03-488a-8b92-3b074c9e85c9" daemon [_thread_blocked, id=10668, stack(0x000000ba72700000,0x000000ba72800000) (1024K)]
  0x000001c87e46aba0 JavaThread "Start Level: Equinox Container: 32a0eb4b-4b03-488a-8b92-3b074c9e85c9" daemon [_thread_in_native, id=12348, stack(0x000000ba72800000,0x000000ba72900000) (1024K)]
  0x000001c87e90fe20 JavaThread "Bundle File Closer"         daemon [_thread_blocked, id=12408, stack(0x000000ba72900000,0x000000ba72a00000) (1024K)]
Total: 16

Other Threads:
  0x000001c8788fcfa0 VMThread "VM Thread"                           [id=916, stack(0x000000ba71700000,0x000000ba71800000) (1024K)]
  0x000001c8646b5fc0 WatcherThread "VM Periodic Task Thread"        [id=6496, stack(0x000000ba71600000,0x000000ba71700000) (1024K)]
  0x000001c86460d7b0 WorkerThread "GC Thread#0"                     [id=3548, stack(0x000000ba71500000,0x000000ba71600000) (1024K)]
  0x000001c87e0c2fb0 WorkerThread "GC Thread#1"                     [id=14020, stack(0x000000ba72300000,0x000000ba72400000) (1024K)]
  0x000001c87e0c3350 WorkerThread "GC Thread#2"                     [id=13092, stack(0x000000ba72400000,0x000000ba72500000) (1024K)]
  0x000001c87e083330 WorkerThread "GC Thread#3"                     [id=6256, stack(0x000000ba72500000,0x000000ba72600000) (1024K)]
Total: 6

Threads with active compile tasks:
C2 CompilerThread0  22963 2211 %     4       java.lang.String::decodeUTF8_UTF16 @ 0 (624 bytes)
Total: 1

VM state: not at safepoint (normal execution)

VM Mutex/Monitor currently owned by a thread: None

Heap address: 0x00000000c0000000, size: 1024 MB, Compressed Oops mode: 32-bit

CDS archive(s) mapped at: [0x000001c800000000-0x000001c800ba0000-0x000001c800ba0000), size 12189696, SharedBaseAddress: 0x000001c800000000, ArchiveRelocationMode: 1.
Compressed class space mapped at: 0x000001c801000000-0x000001c841000000, reserved size: 1073741824
Narrow klass base: 0x000001c800000000, Narrow klass shift: 0, Narrow klass range: 0x100000000

GC Precious Log:
 CardTable entry size: 512
 CPUs: 4 total, 4 available
 Memory: 16329M
 Large Page Support: Disabled
 NUMA Support: Disabled
 Compressed Oops: Enabled (32-bit)
 Alignments: Space 512K, Generation 512K, Heap 2M
 Heap Min Capacity: 100M
 Heap Initial Capacity: 100M
 Heap Max Capacity: 1G
 Pre-touch: Disabled
 Parallel Workers: 4

Heap:
 PSYoungGen      total 29696K, used 27672K [0x00000000eab00000, 0x00000000ecc00000, 0x0000000100000000)
  eden space 25600K, 92% used [0x00000000eab00000,0x00000000ec208968,0x00000000ec400000)
  from space 4096K, 99% used [0x00000000ec800000,0x00000000ecbfd7e0,0x00000000ecc00000)
  to   space 4096K, 0% used [0x00000000ec400000,0x00000000ec400000,0x00000000ec800000)
 ParOldGen       total 68608K, used 1702K [0x00000000c0000000, 0x00000000c4300000, 0x00000000eab00000)
  object space 68608K, 2% used [0x00000000c0000000,0x00000000c01a9850,0x00000000c4300000)
 Metaspace       used 9180K, committed 9472K, reserved 1114112K
  class space    used 921K, committed 1088K, reserved 1048576K

Card table byte_map: [0x000001c863fa0000,0x000001c8641b0000] _byte_map_base: 0x000001c8639a0000

Marking Bits: (ParMarkBitMap*) 0x00007ffa1ade3260
 Begin Bits: [0x000001c8767f0000, 0x000001c8777f0000)
 End Bits:   [0x000001c8777f0000, 0x000001c8787f0000)

Polling page: 0x000001c862350000

Metaspace:

Usage:
  Non-class:      8.06 MB used.
      Class:    921.87 KB used.
       Both:      8.96 MB used.

Virtual space:
  Non-class space:       64.00 MB reserved,       8.19 MB ( 13%) committed,  1 nodes.
      Class space:        1.00 GB reserved,       1.06 MB ( <1%) committed,  1 nodes.
             Both:        1.06 GB reserved,       9.25 MB ( <1%) committed. 

Chunk freelists:
   Non-Class:  6.89 MB
       Class:  14.84 MB
        Both:  21.73 MB

MaxMetaspaceSize: unlimited
CompressedClassSpaceSize: 1.00 GB
Initial GC threshold: 21.00 MB
Current GC threshold: 21.00 MB
CDS: on
 - commit_granule_bytes: 65536.
 - commit_granule_words: 8192.
 - virtual_space_node_default_size: 8388608.
 - enlarge_chunks_in_place: 1.
 - use_allocation_guard: 0.


Internal statistics:

num_allocs_failed_limit: 0.
num_arena_births: 252.
num_arena_deaths: 0.
num_vsnodes_births: 2.
num_vsnodes_deaths: 0.
num_space_committed: 148.
num_space_uncommitted: 0.
num_chunks_returned_to_freelist: 0.
num_chunks_taken_from_freelist: 479.
num_chunk_merges: 0.
num_chunk_splits: 317.
num_chunks_enlarged: 213.
num_inconsistent_stats: 0.

CodeHeap 'non-profiled nmethods': size=120000Kb used=1022Kb max_used=1022Kb free=118977Kb
 bounds [0x000001c86f2c0000, 0x000001c86f530000, 0x000001c8767f0000]
CodeHeap 'profiled nmethods': size=120000Kb used=4098Kb max_used=4098Kb free=115901Kb
 bounds [0x000001c8677f0000, 0x000001c867c00000, 0x000001c86ed20000]
CodeHeap 'non-nmethods': size=5760Kb used=1227Kb max_used=1251Kb free=4532Kb
 bounds [0x000001c86ed20000, 0x000001c86ef90000, 0x000001c86f2c0000]
 total_blobs=2699 nmethods=2208 adapters=397
 compilation: enabled
              stopped_count=0, restarted_count=0
 full_count=0

Compilation events (20 events):
Event: 20.722 Thread 0x000001c8789966c0 nmethod 2198 0x000001c867bed490 code [0x000001c867bed620, 0x000001c867bed760]
Event: 20.922 Thread 0x000001c8789966c0 2199       3       java.lang.StringCoding::countPositives (33 bytes)
Event: 20.922 Thread 0x000001c8789966c0 nmethod 2199 0x000001c867bed810 code [0x000001c867bed9c0, 0x000001c867bedbe0]
Event: 21.337 Thread 0x000001c878923790 2200       4       java.util.jar.Manifest$FastInputStream::readLine (296 bytes)
Event: 21.337 Thread 0x000001c8789966c0 2201       1       org.eclipse.osgi.internal.hookregistry.HookRegistry::getBundleFileWrapperFactoryHooks (5 bytes)
Event: 21.338 Thread 0x000001c8789966c0 nmethod 2201 0x000001c86f3baf90 code [0x000001c86f3bb120, 0x000001c86f3bb1e8]
Event: 21.338 Thread 0x000001c8789966c0 2202       3       sun.nio.fs.NativeBuffers::releaseNativeBuffer (97 bytes)
Event: 21.339 Thread 0x000001c8789966c0 nmethod 2202 0x000001c867bedd10 code [0x000001c867bee080, 0x000001c867bef9a8]
Event: 21.348 Thread 0x000001c878923790 nmethod 2200 0x000001c86f3bb690 code [0x000001c86f3bb860, 0x000001c86f3bbed8]
Event: 21.511 Thread 0x000001c8789966c0 2204       3       jdk.internal.misc.Unsafe::weakCompareAndSetReference (11 bytes)
Event: 21.511 Thread 0x000001c8789966c0 nmethod 2204 0x000001c867bf0090 code [0x000001c867bf0220, 0x000001c867bf0360]
Event: 22.013 Thread 0x000001c8789966c0 2205       1       org.eclipse.osgi.storage.bundlefile.BundleFile::setMruIndex (6 bytes)
Event: 22.013 Thread 0x000001c878923790 2206       4       java.util.concurrent.locks.ReentrantLock::lock (8 bytes)
Event: 22.013 Thread 0x000001c8789966c0 nmethod 2205 0x000001c86f3bc310 code [0x000001c86f3bc4a0, 0x000001c86f3bc568]
Event: 22.014 Thread 0x000001c878923790 nmethod 2206 0x000001c86f3bca10 code [0x000001c86f3bcba0, 0x000001c86f3bccd8]
Event: 22.243 Thread 0x000001c878923790 2209   !   4       java.lang.String::<init> (890 bytes)
Event: 22.248 Thread 0x000001c8789966c0 2210       3       jdk.internal.misc.Unsafe::checkSize (32 bytes)
Event: 22.249 Thread 0x000001c8789966c0 nmethod 2210 0x000001c867bf0410 code [0x000001c867bf05c0, 0x000001c867bf0830]
Event: 22.294 Thread 0x000001c878923790 nmethod 2209 0x000001c86f3bd210 code [0x000001c86f3bd540, 0x000001c86f3bef28]
Event: 22.882 Thread 0x000001c878923790 2211 %     4       java.lang.String::decodeUTF8_UTF16 @ 0 (624 bytes)

GC Heap History (4 events):
Event: 3.070 GC heap before
{Heap before GC invocations=1 (full 0):
 PSYoungGen      total 29696K, used 25600K [0x00000000eab00000, 0x00000000ecc00000, 0x0000000100000000)
  eden space 25600K, 100% used [0x00000000eab00000,0x00000000ec400000,0x00000000ec400000)
  from space 4096K, 0% used [0x00000000ec800000,0x00000000ec800000,0x00000000ecc00000)
  to   space 4096K, 0% used [0x00000000ec400000,0x00000000ec400000,0x00000000ec800000)
 ParOldGen       total 68608K, used 0K [0x00000000c0000000, 0x00000000c4300000, 0x00000000eab00000)
  object space 68608K, 0% used [0x00000000c0000000,0x00000000c0000000,0x00000000c4300000)
 Metaspace       used 4330K, committed 4544K, reserved 1114112K
  class space    used 435K, committed 512K, reserved 1048576K
}
Event: 3.077 GC heap after
{Heap after GC invocations=1 (full 0):
 PSYoungGen      total 29696K, used 3205K [0x00000000eab00000, 0x00000000ecc00000, 0x0000000100000000)
  eden space 25600K, 0% used [0x00000000eab00000,0x00000000eab00000,0x00000000ec400000)
  from space 4096K, 78% used [0x00000000ec400000,0x00000000ec7217f0,0x00000000ec800000)
  to   space 4096K, 0% used [0x00000000ec800000,0x00000000ec800000,0x00000000ecc00000)
 ParOldGen       total 68608K, used 16K [0x00000000c0000000, 0x00000000c4300000, 0x00000000eab00000)
  object space 68608K, 0% used [0x00000000c0000000,0x00000000c0004000,0x00000000c4300000)
 Metaspace       used 4330K, committed 4544K, reserved 1114112K
  class space    used 435K, committed 512K, reserved 1048576K
}
Event: 11.736 GC heap before
{Heap before GC invocations=2 (full 0):
 PSYoungGen      total 29696K, used 28805K [0x00000000eab00000, 0x00000000ecc00000, 0x0000000100000000)
  eden space 25600K, 100% used [0x00000000eab00000,0x00000000ec400000,0x00000000ec400000)
  from space 4096K, 78% used [0x00000000ec400000,0x00000000ec7217f0,0x00000000ec800000)
  to   space 4096K, 0% used [0x00000000ec800000,0x00000000ec800000,0x00000000ecc00000)
 ParOldGen       total 68608K, used 16K [0x00000000c0000000, 0x00000000c4300000, 0x00000000eab00000)
  object space 68608K, 0% used [0x00000000c0000000,0x00000000c0004000,0x00000000c4300000)
 Metaspace       used 8014K, committed 8384K, reserved 1114112K
  class space    used 788K, committed 960K, reserved 1048576K
}
Event: 11.743 GC heap after
{Heap after GC invocations=2 (full 0):
 PSYoungGen      total 29696K, used 4085K [0x00000000eab00000, 0x00000000ecc00000, 0x0000000100000000)
  eden space 25600K, 0% used [0x00000000eab00000,0x00000000eab00000,0x00000000ec400000)
  from space 4096K, 99% used [0x00000000ec800000,0x00000000ecbfd7e0,0x00000000ecc00000)
  to   space 4096K, 0% used [0x00000000ec400000,0x00000000ec400000,0x00000000ec800000)
 ParOldGen       total 68608K, used 1702K [0x00000000c0000000, 0x00000000c4300000, 0x00000000eab00000)
  object space 68608K, 2% used [0x00000000c0000000,0x00000000c01a9850,0x00000000c4300000)
 Metaspace       used 8014K, committed 8384K, reserved 1114112K
  class space    used 788K, committed 960K, reserved 1048576K
}

Dll operation events (9 events):
Event: 0.042 Loaded shared library c:\Users\Ozarkpepi\.vscode\extensions\redhat.java-1.41.1-win32-x64\jre\21.0.6-win32-x86_64\bin\java.dll
Event: 0.841 Loaded shared library c:\Users\Ozarkpepi\.vscode\extensions\redhat.java-1.41.1-win32-x64\jre\21.0.6-win32-x86_64\bin\zip.dll
Event: 1.157 Loaded shared library C:\Users\Ozarkpepi\.vscode\extensions\redhat.java-1.41.1-win32-x64\jre\21.0.6-win32-x86_64\bin\instrument.dll
Event: 1.188 Loaded shared library C:\Users\Ozarkpepi\.vscode\extensions\redhat.java-1.41.1-win32-x64\jre\21.0.6-win32-x86_64\bin\net.dll
Event: 1.527 Loaded shared library C:\Users\Ozarkpepi\.vscode\extensions\redhat.java-1.41.1-win32-x64\jre\21.0.6-win32-x86_64\bin\nio.dll
Event: 1.557 Loaded shared library C:\Users\Ozarkpepi\.vscode\extensions\redhat.java-1.41.1-win32-x64\jre\21.0.6-win32-x86_64\bin\zip.dll
Event: 1.585 Loaded shared library C:\Users\Ozarkpepi\.vscode\extensions\redhat.java-1.41.1-win32-x64\jre\21.0.6-win32-x86_64\bin\jimage.dll
Event: 1.875 Loaded shared library c:\Users\Ozarkpepi\.vscode\extensions\redhat.java-1.41.1-win32-x64\jre\21.0.6-win32-x86_64\bin\verify.dll
Event: 11.684 Loaded shared library C:\Users\Ozarkpepi\AppData\Roaming\Code\User\globalStorage\redhat.java\1.41.1\config_win\org.eclipse.equinox.launcher\org.eclipse.equinox.launcher.win32.win32.x86_64_1.2.1300.v20250331-1702\eclipse_11911.dll

Deoptimization events (20 events):
Event: 18.829 Thread 0x000001c87e46aba0 Uncommon trap: trap_request=0xffffff45 fr.pc=0x000001c86f2e188c relative=0x000000000000016c
Event: 18.829 Thread 0x000001c87e46aba0 Uncommon trap: reason=unstable_if action=reinterpret pc=0x000001c86f2e188c method=java.lang.String.isLatin1()Z @ 10 c2
Event: 18.829 Thread 0x000001c87e46aba0 DEOPT PACKING pc=0x000001c86f2e188c sp=0x000000ba728fe100
Event: 18.829 Thread 0x000001c87e46aba0 DEOPT UNPACKING pc=0x000001c86ed73aa2 sp=0x000000ba728fdfd0 mode 2
Event: 18.829 Thread 0x000001c87e46aba0 Uncommon trap: trap_request=0xffffff45 fr.pc=0x000001c86f2fcc70 relative=0x0000000000000510
Event: 18.829 Thread 0x000001c87e46aba0 Uncommon trap: reason=unstable_if action=reinterpret pc=0x000001c86f2fcc70 method=java.lang.String.substring(II)Ljava/lang/String; @ 31 c2
Event: 18.829 Thread 0x000001c87e46aba0 DEOPT PACKING pc=0x000001c86f2fcc70 sp=0x000000ba728fe0b0
Event: 18.829 Thread 0x000001c87e46aba0 DEOPT UNPACKING pc=0x000001c86ed73aa2 sp=0x000000ba728fe080 mode 2
Event: 18.829 Thread 0x000001c87e46aba0 Uncommon trap: trap_request=0xffffff45 fr.pc=0x000001c86f2cb70c relative=0x000000000000006c
Event: 18.829 Thread 0x000001c87e46aba0 Uncommon trap: reason=unstable_if action=reinterpret pc=0x000001c86f2cb70c method=java.lang.String.isLatin1()Z @ 10 c2
Event: 18.829 Thread 0x000001c87e46aba0 DEOPT PACKING pc=0x000001c86f2cb70c sp=0x000000ba728fe020
Event: 18.829 Thread 0x000001c87e46aba0 DEOPT UNPACKING pc=0x000001c86ed73aa2 sp=0x000000ba728fdfb0 mode 2
Event: 20.921 Thread 0x000001c87e46aba0 Uncommon trap: trap_request=0xffffff45 fr.pc=0x000001c86f2d6d24 relative=0x0000000000000104
Event: 20.921 Thread 0x000001c87e46aba0 Uncommon trap: reason=unstable_if action=reinterpret pc=0x000001c86f2d6d24 method=java.lang.StringCoding.countPositives([BII)I @ 17 c2
Event: 20.921 Thread 0x000001c87e46aba0 DEOPT PACKING pc=0x000001c86f2d6d24 sp=0x000000ba728fd3e0
Event: 20.921 Thread 0x000001c87e46aba0 DEOPT UNPACKING pc=0x000001c86ed73aa2 sp=0x000000ba728fd368 mode 2
Event: 21.337 Thread 0x000001c87e46aba0 DEOPT PACKING pc=0x000001c867bedb49 sp=0x000000ba728fd3f0
Event: 21.337 Thread 0x000001c87e46aba0 DEOPT UNPACKING pc=0x000001c86ed74242 sp=0x000000ba728fc860 mode 0
Event: 22.037 Thread 0x000001c87e46aba0 DEOPT PACKING pc=0x000001c867bedb49 sp=0x000000ba728fd3f0
Event: 22.037 Thread 0x000001c87e46aba0 DEOPT UNPACKING pc=0x000001c86ed74242 sp=0x000000ba728fc860 mode 0

Classes loaded (20 events):
Event: 12.402 Loading class sun/util/logging/resources/logging_es_CO
Event: 12.402 Loading class sun/util/logging/resources/logging_es_CO done
Event: 12.402 Loading class sun/util/logging/resources/logging_es_CO
Event: 12.402 Loading class sun/util/logging/resources/logging_es_CO done
Event: 12.405 Loading class java/util/Formatter$DateTime
Event: 12.405 Loading class java/util/Formatter$DateTime done
Event: 12.405 Loading class java/util/Formatter$FixedString
Event: 12.405 Loading class java/util/Formatter$FixedString done
Event: 12.407 Loading class java/time/ZonedDateTime$1
Event: 12.407 Loading class java/time/ZonedDateTime$1 done
Event: 12.420 Loading class jdk/internal/module/ModulePatcher$PatchedModuleReader
Event: 12.421 Loading class jdk/internal/module/ModulePatcher$PatchedModuleReader done
Event: 12.432 Loading class sun/util/resources/LocaleData$CommonResourceBundleProvider
Event: 12.433 Loading class sun/util/resources/LocaleData$LocaleDataResourceBundleProvider
Event: 12.433 Loading class java/util/spi/ResourceBundleProvider
Event: 12.433 Loading class java/util/spi/ResourceBundleProvider done
Event: 12.433 Loading class sun/util/resources/LocaleData$LocaleDataResourceBundleProvider done
Event: 12.433 Loading class sun/util/resources/LocaleData$CommonResourceBundleProvider done
Event: 12.438 Loading class sun/util/resources/Bundles$2
Event: 12.438 Loading class sun/util/resources/Bundles$2 done

Classes unloaded (0 events):
No events

Classes redefined (0 events):
No events

Internal exceptions (20 events):
Event: 3.086 Thread 0x000001c8645ef530 Exception <a 'java/lang/NoSuchMethodError'{0x00000000eab1ed88}: 'void java.lang.invoke.DirectMethodHandle$Holder.invokeStatic(java.lang.Object, java.lang.Object, java.lang.Object, java.lang.Object)'> (0x00000000eab1ed88) 
thrown [s\src\hotspot\share\interpreter\linkResolver.cpp, line 773]
Event: 3.087 Thread 0x000001c8645ef530 Implicit null exception at 0x000001c86f319c3c to 0x000001c86f319ecc
Event: 3.087 Thread 0x000001c8645ef530 Implicit null exception at 0x000001c86f328abd to 0x000001c86f328b41
Event: 3.183 Thread 0x000001c8645ef530 Exception <a 'java/lang/NoSuchMethodError'{0x00000000ead5d060}: 'long java.lang.invoke.DirectMethodHandle$Holder.invokeStatic(java.lang.Object, java.lang.Object, int)'> (0x00000000ead5d060) 
thrown [s\src\hotspot\share\interpreter\linkResolver.cpp, line 773]
Event: 3.184 Thread 0x000001c8645ef530 Exception <a 'java/lang/NoSuchMethodError'{0x00000000ead64b68}: 'java.lang.Object java.lang.invoke.DirectMethodHandle$Holder.invokeSpecial(java.lang.Object, java.lang.Object, java.lang.Object, java.lang.Object, long)'> (0x00000000ead64b68) 
thrown [s\src\hotspot\share\interpreter\linkResolver.cpp, line 773]
Event: 3.188 Thread 0x000001c8645ef530 Exception <a 'java/lang/NoSuchMethodError'{0x00000000ead72d50}: 'java.lang.Object java.lang.invoke.DirectMethodHandle$Holder.invokeSpecial(java.lang.Object, java.lang.Object, java.lang.Object, int, java.lang.Object)'> (0x00000000ead72d50) 
thrown [s\src\hotspot\share\interpreter\linkResolver.cpp, line 773]
Event: 3.191 Thread 0x000001c8645ef530 Exception <a 'java/lang/NoSuchMethodError'{0x00000000ead8a488}: 'java.lang.Object java.lang.invoke.Invokers$Holder.invokeExact_MT(java.lang.Object, java.lang.Object, java.lang.Object, java.lang.Object, java.lang.Object, java.lang.Object)'> (0x00000000ead8a488) 
thrown [s\src\hotspot\share\interpreter\linkResolver.cpp, line 773]
Event: 3.196 Thread 0x000001c8645ef530 Exception <a 'java/lang/NoSuchMethodError'{0x00000000eada3e88}: 'int java.lang.invoke.DirectMethodHandle$Holder.invokeStaticInit(java.lang.Object, java.lang.Object, java.lang.Object, java.lang.Object)'> (0x00000000eada3e88) 
thrown [s\src\hotspot\share\interpreter\linkResolver.cpp, line 773]
Event: 3.197 Thread 0x000001c8645ef530 Exception <a 'java/lang/NoSuchMethodError'{0x00000000eadac640}: 'java.lang.Object java.lang.invoke.DirectMethodHandle$Holder.invokeInterface(java.lang.Object, java.lang.Object)'> (0x00000000eadac640) 
thrown [s\src\hotspot\share\interpreter\linkResolver.cpp, line 773]
Event: 3.198 Thread 0x000001c8645ef530 Exception <a 'java/lang/IncompatibleClassChangeError'{0x00000000eadafb78}: Found class java.lang.Object, but interface was expected> (0x00000000eadafb78) 
thrown [s\src\hotspot\share\interpreter\linkResolver.cpp, line 840]
Event: 3.199 Thread 0x000001c8645ef530 Exception <a 'java/lang/NoSuchMethodError'{0x00000000eadb3d30}: 'void java.lang.invoke.DirectMethodHandle$Holder.invokeStatic(java.lang.Object, java.lang.Object)'> (0x00000000eadb3d30) 
thrown [s\src\hotspot\share\interpreter\linkResolver.cpp, line 773]
Event: 3.199 Thread 0x000001c8645ef530 Exception <a 'java/lang/NoSuchMethodError'{0x00000000eadb70d8}: 'void java.lang.invoke.DirectMethodHandle$Holder.invokeStaticInit(java.lang.Object, java.lang.Object)'> (0x00000000eadb70d8) 
thrown [s\src\hotspot\share\interpreter\linkResolver.cpp, line 773]
Event: 3.202 Thread 0x000001c8645ef530 Exception <a 'java/lang/NoSuchMethodError'{0x00000000eadbe338}: 'int java.lang.invoke.DirectMethodHandle$Holder.invokeStaticInit(java.lang.Object, java.lang.Object)'> (0x00000000eadbe338) 
thrown [s\src\hotspot\share\interpreter\linkResolver.cpp, line 773]
Event: 3.360 Thread 0x000001c8645ef530 Exception <a 'java/lang/NoSuchMethodError'{0x00000000eaf20328}: 'void java.lang.invoke.DirectMethodHandle$Holder.invokeSpecial(java.lang.Object, java.lang.Object, java.lang.Object)'> (0x00000000eaf20328) 
thrown [s\src\hotspot\share\interpreter\linkResolver.cpp, line 773]
Event: 3.850 Thread 0x000001c8645ef530 Exception <a 'java/lang/NoSuchMethodError'{0x00000000eb9096c8}: 'int java.lang.invoke.DirectMethodHandle$Holder.invokeVirtual(java.lang.Object, java.lang.Object)'> (0x00000000eb9096c8) 
thrown [s\src\hotspot\share\interpreter\linkResolver.cpp, line 773]
Event: 4.009 Thread 0x000001c8645ef530 Exception <a 'java/lang/NoSuchMethodError'{0x00000000ebc45968}: 'java.lang.Object java.lang.invoke.DirectMethodHandle$Holder.newInvokeSpecial(java.lang.Object, int, java.lang.Object)'> (0x00000000ebc45968) 
thrown [s\src\hotspot\share\interpreter\linkResolver.cpp, line 773]
Event: 4.060 Thread 0x000001c8645ef530 Exception <a 'java/lang/NoSuchMethodError'{0x00000000ebdda3e8}: 'java.lang.Object java.lang.invoke.DirectMethodHandle$Holder.newInvokeSpecial(java.lang.Object, java.lang.Object, java.lang.Object, java.lang.Object, int, java.lang.Object)'> (0x00000000ebdda3e8) 
thrown [s\src\hotspot\share\interpreter\linkResolver.cpp, line 773]
Event: 11.661 Thread 0x000001c8645ef530 Exception <a 'java/lang/UnsatisfiedLinkError'{0x00000000ec286d28}: 'void org.eclipse.equinox.launcher.JNIBridge._update_splash()'> (0x00000000ec286d28) 
thrown [s\src\hotspot\share\prims\nativeLookup.cpp, line 415]
Event: 12.211 Thread 0x000001c87e46aba0 Exception <a 'java/lang/NoSuchMethodError'{0x00000000eb011a78}: 'java.lang.Object java.lang.invoke.DirectMethodHandle$Holder.newInvokeSpecial(java.lang.Object, java.lang.Object, int, java.lang.Object)'> (0x00000000eb011a78) 
thrown [s\src\hotspot\share\interpreter\linkResolver.cpp, line 773]
Event: 12.400 Thread 0x000001c87e46aba0 Exception <a 'java/lang/ClassNotFoundException'{0x00000000eb1d6498}: sun/util/logging/resources/spi/loggingProvider> (0x00000000eb1d6498) 
thrown [s\src\hotspot\share\classfile\systemDictionary.cpp, line 312]

ZGC Phase Switch (0 events):
No events

VM Operations (20 events):
Event: 5.056 Executing VM operation: Cleanup
Event: 5.056 Executing VM operation: Cleanup done
Event: 11.736 Executing VM operation: ParallelGCFailedAllocation (Allocation Failure)
Event: 11.743 Executing VM operation: ParallelGCFailedAllocation (Allocation Failure) done
Event: 12.072 Executing VM operation: HandshakeAllThreads (Deoptimize)
Event: 12.072 Executing VM operation: HandshakeAllThreads (Deoptimize) done
Event: 12.310 Executing VM operation: HandshakeAllThreads (Deoptimize)
Event: 12.310 Executing VM operation: HandshakeAllThreads (Deoptimize) done
Event: 12.421 Executing VM operation: HandshakeAllThreads (Deoptimize)
Event: 12.421 Executing VM operation: HandshakeAllThreads (Deoptimize) done
Event: 12.491 Executing VM operation: HandshakeAllThreads (Deoptimize)
Event: 12.491 Executing VM operation: HandshakeAllThreads (Deoptimize) done
Event: 12.518 Executing VM operation: HandshakeAllThreads (Deoptimize)
Event: 12.518 Executing VM operation: HandshakeAllThreads (Deoptimize) done
Event: 13.530 Executing VM operation: Cleanup
Event: 13.530 Executing VM operation: Cleanup done
Event: 18.567 Executing VM operation: Cleanup
Event: 18.567 Executing VM operation: Cleanup done
Event: 19.581 Executing VM operation: Cleanup
Event: 19.581 Executing VM operation: Cleanup done

Memory protections (0 events):
No events

Nmethod flushes (0 events):
No events

Events (20 events):
Event: 0.446 Thread 0x000001c8645ef530 Thread added: 0x000001c87891b6b0
Event: 0.447 Thread 0x000001c8645ef530 Thread added: 0x000001c87891d230
Event: 0.447 Thread 0x000001c8645ef530 Thread added: 0x000001c87891e140
Event: 0.447 Thread 0x000001c8645ef530 Thread added: 0x000001c87891ff00
Event: 0.447 Thread 0x000001c8645ef530 Thread added: 0x000001c878922960
Event: 0.447 Thread 0x000001c8645ef530 Thread added: 0x000001c878923790
Event: 0.533 Thread 0x000001c8645ef530 Thread added: 0x000001c8789966c0
Event: 0.665 Thread 0x000001c8645ef530 Thread added: 0x000001c8646b72e0
Event: 2.135 Thread 0x000001c8645ef530 Thread added: 0x000001c87993cc60
Event: 2.381 Thread 0x000001c8789966c0 Thread added: 0x000001c87986f300
Event: 3.201 Thread 0x000001c87986f300 Thread exited: 0x000001c87986f300
Event: 3.490 Thread 0x000001c8789966c0 Thread added: 0x000001c87e1d6710
Event: 3.938 Thread 0x000001c8645ef530 Thread added: 0x000001c879a00060
Event: 4.486 Thread 0x000001c87e1d6710 Thread exited: 0x000001c87e1d6710
Event: 11.659 Thread 0x000001c8645ef530 Thread added: 0x000001c87e5bc100
Event: 11.774 Thread 0x000001c87e5bc100 Thread added: 0x000001c87e46a540
Event: 11.827 Thread 0x000001c8645ef530 Thread added: 0x000001c87e46aba0
Event: 12.643 Thread 0x000001c8789966c0 Thread added: 0x000001c87e3e5a90
Event: 13.089 Thread 0x000001c87e3e5a90 Thread exited: 0x000001c87e3e5a90
Event: 18.826 Thread 0x000001c87e46aba0 Thread added: 0x000001c87e90fe20


Dynamic libraries:
0x00007ff7a0a60000 - 0x00007ff7a0a6e000 	c:\Users\Ozarkpepi\.vscode\extensions\redhat.java-1.41.1-win32-x64\jre\21.0.6-win32-x86_64\bin\java.exe
0x00007ffa43b10000 - 0x00007ffa43d08000 	C:\WINDOWS\SYSTEM32\ntdll.dll
0x00007ffa425e0000 - 0x00007ffa426a2000 	C:\WINDOWS\System32\KERNEL32.DLL
0x00007ffa413c0000 - 0x00007ffa416bf000 	C:\WINDOWS\System32\KERNELBASE.dll
0x00007ffa416c0000 - 0x00007ffa417c0000 	C:\WINDOWS\System32\ucrtbase.dll
0x00007ffa3e3e0000 - 0x00007ffa3e3f8000 	c:\Users\Ozarkpepi\.vscode\extensions\redhat.java-1.41.1-win32-x64\jre\21.0.6-win32-x86_64\bin\jli.dll
0x00007ffa43460000 - 0x00007ffa435fd000 	C:\WINDOWS\System32\USER32.dll
0x00007ffa41270000 - 0x00007ffa41292000 	C:\WINDOWS\System32\win32u.dll
0x00007ffa41b30000 - 0x00007ffa41b5b000 	C:\WINDOWS\System32\GDI32.dll
0x00007ffa412a0000 - 0x00007ffa413ba000 	C:\WINDOWS\System32\gdi32full.dll
0x00007ffa417c0000 - 0x00007ffa4185d000 	C:\WINDOWS\System32\msvcp_win.dll
0x00007ffa3e140000 - 0x00007ffa3e15e000 	c:\Users\Ozarkpepi\.vscode\extensions\redhat.java-1.41.1-win32-x64\jre\21.0.6-win32-x86_64\bin\VCRUNTIME140.dll
0x00007ffa2cde0000 - 0x00007ffa2d07a000 	C:\WINDOWS\WinSxS\amd64_microsoft.windows.common-controls_6595b64144ccf1df_6.0.19041.4355_none_60b8b9eb71f62e16\COMCTL32.dll
0x00007ffa42b60000 - 0x00007ffa42bfe000 	C:\WINDOWS\System32\msvcrt.dll
0x00007ffa43a30000 - 0x00007ffa43a5f000 	C:\WINDOWS\System32\IMM32.DLL
0x00007ffa3e030000 - 0x00007ffa3e03c000 	c:\Users\Ozarkpepi\.vscode\extensions\redhat.java-1.41.1-win32-x64\jre\21.0.6-win32-x86_64\bin\vcruntime140_1.dll
0x00007ffa219a0000 - 0x00007ffa21a2d000 	c:\Users\Ozarkpepi\.vscode\extensions\redhat.java-1.41.1-win32-x64\jre\21.0.6-win32-x86_64\bin\msvcp140.dll
0x00007ffa1a130000 - 0x00007ffa1aec0000 	c:\Users\Ozarkpepi\.vscode\extensions\redhat.java-1.41.1-win32-x64\jre\21.0.6-win32-x86_64\bin\server\jvm.dll
0x00007ffa42400000 - 0x00007ffa424af000 	C:\WINDOWS\System32\ADVAPI32.dll
0x00007ffa426b0000 - 0x00007ffa4274f000 	C:\WINDOWS\System32\sechost.dll
0x00007ffa41d30000 - 0x00007ffa41e53000 	C:\WINDOWS\System32\RPCRT4.dll
0x00007ffa411b0000 - 0x00007ffa411d7000 	C:\WINDOWS\System32\bcrypt.dll
0x00007ffa43370000 - 0x00007ffa433db000 	C:\WINDOWS\System32\WS2_32.dll
0x00007ffa41010000 - 0x00007ffa4105b000 	C:\WINDOWS\SYSTEM32\POWRPROF.dll
0x00007ffa2f8a0000 - 0x00007ffa2f8c7000 	C:\WINDOWS\SYSTEM32\WINMM.dll
0x00007ffa39ae0000 - 0x00007ffa39aea000 	C:\WINDOWS\SYSTEM32\VERSION.dll
0x00007ffa40ff0000 - 0x00007ffa41002000 	C:\WINDOWS\SYSTEM32\UMPDC.dll
0x00007ffa3f050000 - 0x00007ffa3f062000 	C:\WINDOWS\SYSTEM32\kernel.appcore.dll
0x00007ffa3dfc0000 - 0x00007ffa3dfca000 	c:\Users\Ozarkpepi\.vscode\extensions\redhat.java-1.41.1-win32-x64\jre\21.0.6-win32-x86_64\bin\jimage.dll
0x00007ffa2d080000 - 0x00007ffa2d264000 	C:\WINDOWS\SYSTEM32\DBGHELP.DLL
0x00007ffa2a770000 - 0x00007ffa2a7a4000 	C:\WINDOWS\SYSTEM32\dbgcore.DLL
0x00007ffa411e0000 - 0x00007ffa41262000 	C:\WINDOWS\System32\bcryptPrimitives.dll
0x00007ffa292e0000 - 0x00007ffa292ef000 	c:\Users\Ozarkpepi\.vscode\extensions\redhat.java-1.41.1-win32-x64\jre\21.0.6-win32-x86_64\bin\instrument.dll
0x00007ffa3b440000 - 0x00007ffa3b45f000 	c:\Users\Ozarkpepi\.vscode\extensions\redhat.java-1.41.1-win32-x64\jre\21.0.6-win32-x86_64\bin\java.dll
0x00007ffa42c00000 - 0x00007ffa4336d000 	C:\WINDOWS\System32\SHELL32.dll
0x00007ffa3f250000 - 0x00007ffa3f9f4000 	C:\WINDOWS\SYSTEM32\windows.storage.dll
0x00007ffa42800000 - 0x00007ffa42b55000 	C:\WINDOWS\System32\combase.dll
0x00007ffa40b10000 - 0x00007ffa40b3b000 	C:\WINDOWS\SYSTEM32\Wldp.dll
0x00007ffa43860000 - 0x00007ffa4392d000 	C:\WINDOWS\System32\OLEAUT32.dll
0x00007ffa42750000 - 0x00007ffa427fd000 	C:\WINDOWS\System32\SHCORE.dll
0x00007ffa439d0000 - 0x00007ffa43a25000 	C:\WINDOWS\System32\shlwapi.dll
0x00007ffa410e0000 - 0x00007ffa41105000 	C:\WINDOWS\SYSTEM32\profapi.dll
0x00007ffa310c0000 - 0x00007ffa310d8000 	c:\Users\Ozarkpepi\.vscode\extensions\redhat.java-1.41.1-win32-x64\jre\21.0.6-win32-x86_64\bin\zip.dll
0x00007ffa33810000 - 0x00007ffa33820000 	C:\Users\Ozarkpepi\.vscode\extensions\redhat.java-1.41.1-win32-x64\jre\21.0.6-win32-x86_64\bin\net.dll
0x00007ffa3a6e0000 - 0x00007ffa3a7ea000 	C:\WINDOWS\SYSTEM32\WINHTTP.dll
0x00007ffa40870000 - 0x00007ffa408dc000 	C:\WINDOWS\system32\mswsock.dll
0x00007ffa2e320000 - 0x00007ffa2e336000 	C:\Users\Ozarkpepi\.vscode\extensions\redhat.java-1.41.1-win32-x64\jre\21.0.6-win32-x86_64\bin\nio.dll
0x00007ffa3de00000 - 0x00007ffa3de10000 	c:\Users\Ozarkpepi\.vscode\extensions\redhat.java-1.41.1-win32-x64\jre\21.0.6-win32-x86_64\bin\verify.dll
0x00007ffa1d150000 - 0x00007ffa1d195000 	C:\Users\Ozarkpepi\AppData\Roaming\Code\User\globalStorage\redhat.java\1.41.1\config_win\org.eclipse.equinox.launcher\org.eclipse.equinox.launcher.win32.win32.x86_64_1.2.1300.v20250331-1702\eclipse_11911.dll
0x00007ffa424b0000 - 0x00007ffa425db000 	C:\WINDOWS\System32\ole32.dll

dbghelp: loaded successfully - version: 4.0.5 - missing functions: none
symbol engine: initialized successfully - sym options: 0x614 - pdb path: .;c:\Users\Ozarkpepi\.vscode\extensions\redhat.java-1.41.1-win32-x64\jre\21.0.6-win32-x86_64\bin;C:\WINDOWS\SYSTEM32;C:\WINDOWS\WinSxS\amd64_microsoft.windows.common-controls_6595b64144ccf1df_6.0.19041.4355_none_60b8b9eb71f62e16;c:\Users\Ozarkpepi\.vscode\extensions\redhat.java-1.41.1-win32-x64\jre\21.0.6-win32-x86_64\bin\server;C:\Users\Ozarkpepi\AppData\Roaming\Code\User\globalStorage\redhat.java\1.41.1\config_win\org.eclipse.equinox.launcher\org.eclipse.equinox.launcher.win32.win32.x86_64_1.2.1300.v20250331-1702

VM Arguments:
jvm_args: --add-modules=ALL-SYSTEM --add-opens=java.base/java.util=ALL-UNNAMED --add-opens=java.base/java.lang=ALL-UNNAMED --add-opens=java.base/sun.nio.fs=ALL-UNNAMED -Declipse.application=org.eclipse.jdt.ls.core.id1 -Dosgi.bundles.defaultStartLevel=4 -Declipse.product=org.eclipse.jdt.ls.core.product -Djava.import.generatesMetadataFilesAtProjectRoot=false -DDetectVMInstallationsJob.disabled=true -Dfile.encoding=utf8 -XX:+UseParallelGC -XX:GCTimeRatio=4 -XX:AdaptiveSizePolicyWeight=90 -Dsun.zip.disableMemoryMapping=true -Xmx1G -Xms100m -Xlog:disable -javaagent:c:\Users\Ozarkpepi\.vscode\extensions\redhat.java-1.41.1-win32-x64\lombok\lombok-1.18.36.jar -XX:+HeapDumpOnOutOfMemoryError -XX:HeapDumpPath=c:\Users\Ozarkpepi\AppData\Roaming\Code\User\workspaceStorage\d70f2e901b66cb8e4b19e26e49cd5ff8\redhat.java -Daether.dependencyCollector.impl=bf 
java_command: c:\Users\Ozarkpepi\.vscode\extensions\redhat.java-1.41.1-win32-x64\server\plugins\org.eclipse.equinox.launcher_1.7.0.v20250331-1702.jar -configuration c:\Users\Ozarkpepi\AppData\Roaming\Code\User\globalStorage\redhat.java\1.41.1\config_win -data c:\Users\Ozarkpepi\AppData\Roaming\Code\User\workspaceStorage\d70f2e901b66cb8e4b19e26e49cd5ff8\redhat.java\jdt_ws --pipe=\\.\pipe\lsp-47dd76dd7c27f47540cf404b7bb99685-sock
java_class_path (initial): c:\Users\Ozarkpepi\.vscode\extensions\redhat.java-1.41.1-win32-x64\server\plugins\org.eclipse.equinox.launcher_1.7.0.v20250331-1702.jar
Launcher Type: SUN_STANDARD

[Global flags]
    uintx AdaptiveSizePolicyWeight                 = 90                                        {product} {command line}
     intx CICompilerCount                          = 3                                         {product} {ergonomic}
    uintx GCTimeRatio                              = 4                                         {product} {command line}
     bool HeapDumpOnOutOfMemoryError               = true                                   {manageable} {command line}
    ccstr HeapDumpPath                             = c:\Users\Ozarkpepi\AppData\Roaming\Code\User\workspaceStorage\d70f2e901b66cb8e4b19e26e49cd5ff8\redhat.java         {manageable} {command line}
   size_t InitialHeapSize                          = 104857600                                 {product} {command line}
   size_t MaxHeapSize                              = 1073741824                                {product} {command line}
   size_t MaxNewSize                               = 357564416                                 {product} {ergonomic}
   size_t MinHeapDeltaBytes                        = 524288                                    {product} {ergonomic}
   size_t MinHeapSize                              = 104857600                                 {product} {command line}
   size_t NewSize                                  = 34603008                                  {product} {ergonomic}
    uintx NonNMethodCodeHeapSize                   = 5832780                                {pd product} {ergonomic}
    uintx NonProfiledCodeHeapSize                  = 122912730                              {pd product} {ergonomic}
   size_t OldSize                                  = 70254592                                  {product} {ergonomic}
    uintx ProfiledCodeHeapSize                     = 122912730                              {pd product} {ergonomic}
    uintx ReservedCodeCacheSize                    = 251658240                              {pd product} {ergonomic}
     bool SegmentedCodeCache                       = true                                      {product} {ergonomic}
   size_t SoftMaxHeapSize                          = 1073741824                             {manageable} {ergonomic}
     bool UseCompressedOops                        = true                           {product lp64_product} {ergonomic}
     bool UseLargePagesIndividualAllocation        = false                                  {pd product} {ergonomic}
     bool UseParallelGC                            = true                                      {product} {command line}

Logging:
Log output configuration:
 #0: stdout all=off uptime,level,tags foldmultilines=false
 #1: stderr all=off uptime,level,tags foldmultilines=false

Environment Variables:
JAVA_HOME=C:\Program Files\Java\jdk-17
PATH=C:\Program Files\Common Files\Oracle\Java\javapath;C:\WINDOWS\system32;C:\WINDOWS;C:\WINDOWS\System32\Wbem;C:\WINDOWS\System32\WindowsPowerShell\v1.0\;C:\WINDOWS\System32\OpenSSH\;C:\Program Files (x86)\NVIDIA Corporation\PhysX\Common;C:\Program Files\NVIDIA Corporation\NVIDIA NvDLISR;D:\cmake\bin;D:\Git\cmd;C:\Program Files\Docker\Docker\resources\bin;D:\Warp;D:\flutter_windows_3.29.1-stable;D:\scrcpy-win64-v3.1\scrcpy-win64-v3.1;D:\;C:\Users\Ozarkpepi\AppData\Local\Programs\Python\Launcher\;C:\Users\Ozarkpepi\AppData\Local\Microsoft\WindowsApps;C:\Users\Ozarkpepi\AppData\Local\Programs\Microsoft VS Code\bin;C:\Users\Ozarkpepi\AppData\Local\GitHubDesktop\bin;C:\Users\Ozarkpepi\AppData\Local\Packages\PythonSoftwareFoundation.Python\Scripts;D:\platform-tools-latest-windows\platform-tools;D:\flutter\bin;C:\Program Files\Java\jdk-17\bin;D:\Windsurf\bin;C:\Users\Ozarkpepi\AppData\Roaming\npm
USERNAME=Ozarkpepi
OS=Windows_NT
PROCESSOR_IDENTIFIER=Intel64 Family 6 Model 58 Stepping 9, GenuineIntel
TMP=C:\Users\OZARKP~1\AppData\Local\Temp
TEMP=C:\Users\OZARKP~1\AppData\Local\Temp




Periodic native trim disabled

---------------  S Y S T E M  ---------------

OS:
 Windows 10 , 64 bit Build 19041 (10.0.19041.5438)
OS uptime: 0 days 7:24 hours

CPU: total 4 (initial active 4) (4 cores per cpu, 1 threads per core) family 6 model 58 stepping 9 microcode 0x21, cx8, cmov, fxsr, mmx, sse, sse2, sse3, ssse3, sse4.1, sse4.2, popcnt, tsc, tscinvbit, avx, aes, erms, clmul, vzeroupper, clflush, rdtscp, f16c
Processor Information for the first 4 processors :
  Max Mhz: 3201, Current Mhz: 2200, Mhz Limit: 3201

Memory: 4k page, system-wide physical 16329M (4654M free)
TotalPageFile size 16329M (AvailPageFile size 194M)
current process WorkingSet (physical memory assigned to process): 94M, peak: 97M
current process commit charge ("private bytes"): 196M, peak: 199M

vm_info: OpenJDK 64-Bit Server VM (21.0.6+7-LTS) for windows-amd64 JRE (21.0.6+7-LTS), built on 2025-01-21T00:00:00Z by "admin" with MS VC++ 17.7 (VS2022)

END.
